546 251 0
546 250 109
550 246 109
551 245 109
552 242 125
554 239 125
555 236 125
556 233 125
558 227 140
560 221 140
562 217 140
565 209 156
566 204 156
567 198 156
570 191 156
574 184 172
578 171 172
580 165 172
582 161 187
588 150 187
590 145 187
591 142 203
593 137 203
594 135 203
595 133 203
597 130 203
598 127 218
598 125 218
599 122 218
600 121 234
601 119 234
602 115 234
602 113 250
602 112 250
603 110 250
603 109 250
604 108 265
604 107 265
604 105 265
604 104 281
604 103 281
604 101 281
605 99 281
605 97 296
606 96 296
606 95 296
606 93 312
606 93 312
606 91 312
606 90 312
606 89 328
606 88 328
606 87 328
606 86 343
606 85 343
606 85 359
605 85 359
605 85 359
605 84 375
604 84 375
603 84 390
603 83 390
603 82 406
602 82 421
600 81 421
599 81 421
598 81 421
596 80 437
593 79 437
590 78 437
586 78 437
582 77 453
578 77 453
573 76 453
567 76 453
562 76 468
553 76 468
548 76 468
546 76 484
538 76 484
534 76 500
530 76 500
527 76 500
524 76 500
522 76 515
518 76 515
515 76 515
513 76 515
510 77 531
508 77 531
502 79 531
501 80 547
500 81 547
498 81 547
498 81 547
498 82 547
497 83 562
497 84 562
494 86 578
494 88 578
490 91 593
489 93 593
486 97 593
485 99 609
483 101 609
479 107 609
478 110 625
476 113 625
474 116 625
472 119 625
470 122 640
469 125 640
467 129 640
466 133 640
465 139 656
464 142 656
464 145 656
463 149 672
463 150 672
462 153 672
462 155 672
462 158 687
462 160 687
462 162 687
462 165 703
462 169 703
462 171 703
463 173 703
464 176 718
465 178 718
466 181 718
466 181 718
466 184 734
466 185 734
467 187 734
468 187 750
469 189 750
470 190 750
470 191 750
470 193 765
471 194 765
472 195 765
474 196 765
475 197 781
475 198 781
475 199 781
476 201 781
476 202 797
477 203 797
478 205 797
479 206 797
481 207 812
482 209 812
483 209 812
484 210 828
485 211 828
486 212 828
488 213 828
490 213 843
491 214 843
492 215 843
494 216 843
495 217 859
496 218 859
497 219 859
499 220 875
499 221 875
501 221 875
503 223 890
505 224 890
506 225 890
506 225 890
507 228 906
507 229 906
507 232 906
507 234 921
507 235 921
509 236 921
510 237 937
511 237 937
512 238 937
513 239 937
514 239 953
515 241 953
517 241 953
518 242 953
519 242 968
520 243 968
521 244 984
521 245 984
522 245 1000
522 245 1062
522 245 1078
523 245 1078
523 246 1078
524 246 1093
525 246 1093
525 247 1093
526 247 1109
526 248 1109
527 248 1109
528 248 1109
529 248 1125
529 249 1125
530 249 1125
530 249 1140
531 250 1140
532 250 1140
533 250 1156
534 250 1203
535 250 1218
537 250 1218
538 250 1218
539 250 1234
542 251 1234
543 251 1250
545 252 1250
546 252 1250
546 253 1250
546 253 1250
547 253 1265
548 253 1328
550 253 1343
550 254 1343
550 255 1359
551 255 1359
551 256 1359
553 257 1375
554 258 1375
556 259 1375
557 260 1390
558 261 1390
558 261 1390
559 261 1406
561 264 1406
562 264 1406
564 265 1406
565 265 1421
566 266 1421
567 268 1421
569 269 1421
570 269 1437
571 272 1437
572 273 1437
574 276 1453
574 277 1453
576 278 1453
577 280 1453
578 281 1468
581 285 1468
582 286 1468
582 288 1484
584 290 1484
586 291 1484
587 293 1484
589 295 1500
590 297 1500
590 297 1500
591 299 1500
592 301 1515
594 303 1515
595 305 1515
595 306 1531
596 307 1531
598 310 1531
598 312 1546
599 313 1546
601 315 1546
601 317 1562
604 319 1562
605 321 1562
606 323 1562
607 325 1578
608 326 1578
609 329 1578
609 331 1578
610 333 1593
610 335 1593
611 339 1593
612 341 1609
613 343 1609
613 345 1609
614 349 1625
614 351 1625
614 353 1625
614 356 1640
614 357 1640
614 358 1640
614 359 1656
614 360 1656
614 361 1656
614 361 1656
614 362 1672
614 363 1672
614 364 1672
614 365 1687
614 366 1687
614 367 1687
614 368 1687
614 369 1703
614 369 1703
614 370 1703
614 371 1718
614 372 1718
614 373 1718
614 373 1734
614 373 1734
613 374 1750
612 375 1750
611 376 1750
611 377 1765
610 377 1765
610 378 1765
609 379 1781
609 380 1781
608 381 1781
607 381 1781
607 382 1797
606 382 1797
606 383 1797
606 384 1812
605 385 1812
604 385 1828
603 385 1828
602 387 1843
601 388 1843
599 388 1843
598 389 1859
597 389 1859
596 389 1859
595 390 1859
594 390 1875
592 391 1875
590 391 1875
589 392 1875
587 392 1890
586 392 1890
585 393 1890
582 393 1906
581 393 1906
579 394 1906
578 394 1922
575 395 1922
574 396 1922
572 397 1922
570 397 1922
565 397 1937
563 398 1937
561 398 1937
559 399 1953
558 399 1953
555 400 1953
553 401 1968
550 401 1968
549 402 1968
546 402 1968
544 403 1984
541 403 1984
539 403 1984
538 404 2000
537 404 2000
535 405 2000
534 405 2015
532 405 2015
530 405 2015
529 405 2015
527 405 2031
525 405 2031
524 405 2031
522 405 2031
520 405 2031
519 405 2046
518 405 2046
517 405 2046
516 405 2046
515 405 2062
514 405 2062
513 405 2078
513 405 2078
512 405 2093
511 404 2093
510 404 2093
510 403 2109
509 401 2109
506 397 2109
501 393 2109
493 385 2125
493 384 2125
491 381 2125
489 379 2140
487 377 2140
486 376 2140
483 373 2156
482 373 2156
482 373 2156
481 371 2172
479 370 2172
479 369 2172
478 367 2187
478 366 2187
478 365 2203
477 365 2203
477 363 2203
476 361 2203
476 359 2218
475 355 2218
475 353 2218
475 351 2218
474 349 2234
474 347 2234
474 344 2234
473 341 2234
473 338 2250
473 336 2250
473 333 2250
473 330 2265
474 327 2265
474 325 2265
474 324 2265
474 322 2281
474 321 2281
474 319 2281
475 317 2281
476 316 2296
476 314 2296
476 313 2296
477 313 2312
477 312 2312
478 311 2312
478 310 2312
478 309 2328
478 309 2328
478 308 2328
478 308 2328
479 307 2343
479 305 2343
480 305 2343
481 305 2359
482 303 2359
482 302 2359
483 301 2359
484 301 2375
484 299 2375
486 298 2375
486 297 2390
487 296 2390
488 294 2390
491 292 2406
491 291 2406
493 290 2406
494 290 2421
494 289 2421
495 288 2421
496 288 2421
497 287 2421
497 286 2437
498 285 2437
498 285 2437
498 285 2437
498 284 2453
499 284 2453
500 283 2468
501 282 2468
501 281 2484
502 281 2500
503 280 2500
503 279 2500
504 279 2500
505 279 2515
506 278 2515
506 278 2515
507 277 2515
508 277 2531
509 277 2531
510 276 2546
510 275 2546
511 275 2546
511 274 2562
511 273 2562
512 273 2562
513 273 2562
513 272 2578
514 271 2578
514 271 2593
515 270 2593
516 270 2609
517 269 2609
518 269 2625
518 269 2640
519 269 2640
520 268 2671
521 268 2671
521 267 2671
522 266 2671
525 265 2687
527 262 2687
530 260 2687
532 258 2703
534 257 2703
534 257 2703
535 257 2703
535 256 2718
536 255 2718
537 254 2734
538 254 2781
538 253 2781
539 253 2797
539 252 2797
540 251 2812
541 251 2812
542 250 2812
542 249 2828
544 249 2828
545 248 2828
546 248 2843
547 247 2843
547 246 2843
548 246 3093
549 246 3093
0 0 0
0 0 0
0 0 0
0 0 0
0 0 0
0 0 0
0 0 0
0 0 0
0 0 0
0 0 0
0 0 0
0 0 0
0 0 0
0 0 0
0 0 0
0 0 0
0 0 0
0 0 0
0 0 0
0 0 0
0 0 0
0 0 0
0 0 0
0 0 0
0 0 0
0 0 0
0 0 0
0 0 0
0 0 0
0 0 0
0 0 0
0 0 0
0 0 0
0 0 0
0 0 0
0 0 0
0 0 0
0 0 0
0 0 0
0 0 0
0 0 0
0 0 0
0 0 0
0 0 0
0 0 0
0 0 0
0 0 0
0 0 0
0 0 0
0 0 0
0 0 0
0 0 0
0 0 0
0 0 0
0 0 0
0 0 0
0 0 0
0 0 0
0 0 0
0 0 0
0 0 0
0 0 0
0 0 0
0 0 0
0 0 0
0 0 0
0 0 0
0 0 0
0 0 0
0 0 0
0 0 0
0 0 0
0 0 0
0 0 0
0 0 0
0 0 0
0 0 0
0 0 0
0 0 0
0 0 0
0 0 0
0 0 0
0 0 0
0 0 0
0 0 0
0 0 0
0 0 0
0 0 0
0 0 0
0 0 0
0 0 0
0 0 0
0 0 0
0 0 0
0 0 0
0 0 0
0 0 0
0 0 0
0 0 0
0 0 0
0 0 0
0 0 0
0 0 0
0 0 0
0 0 0
0 0 0
0 0 0
0 0 0
0 0 0
0 0 0
0 0 0
0 0 0
0 0 0
0 0 0
0 0 0
0 0 0
0 0 0
0 0 0
0 0 0
0 0 0
0 0 0
0 0 0
0 0 0
0 0 0
0 0 0
0 0 0
0 0 0
0 0 0
0 0 0
0 0 0
0 0 0
0 0 0
0 0 0
0 0 0
0 0 0
0 0 0
0 0 0
0 0 0
0 0 0
0 0 0
0 0 0
0 0 0
0 0 0
0 0 0
0 0 0
0 0 0
0 0 0
0 0 0
0 0 0
0 0 0
0 0 0
0 0 0
0 0 0
0 0 0
0 0 0
0 0 0
0 0 0
0 0 0
0 0 0
0 0 0
0 0 0
0 0 0
0 0 0
0 0 0
0 0 0
0 0 0
0 0 0
0 0 0
0 0 0
0 0 0
0 0 0
0 0 0
0 0 0
0 0 0
0 0 0
0 0 0
0 0 0
0 0 0
0 0 0
0 0 0
0 0 0
0 0 0
0 0 0
0 0 0
0 0 0
0 0 0
0 0 0
0 0 0
0 0 0
0 0 0
0 0 0
0 0 0
0 0 0
0 0 0
0 0 0
0 0 0
0 0 0
0 0 0
0 0 0
0 0 0
0 0 0
0 0 0
0 0 0
0 0 0
0 0 0
0 0 0
0 0 0
0 0 0
0 0 0
0 0 0
0 0 0
0 0 0
0 0 0
0 0 0
0 0 0
0 0 0
0 0 0
0 0 0
0 0 0
0 0 0
0 0 0
0 0 0
0 0 0
0 0 0
0 0 0
0 0 0
0 0 0
0 0 0
0 0 0
0 0 0
0 0 0
0 0 0
0 0 0
0 0 0
0 0 0
0 0 0
0 0 0
0 0 0
0 0 0
0 0 0
0 0 0
0 0 0
0 0 0
0 0 0
0 0 0
0 0 0
0 0 0
0 0 0
0 0 0
0 0 0
0 0 0
0 0 0
0 0 0
0 0 0
0 0 0
0 0 0
0 0 0
0 0 0
0 0 0
0 0 0
0 0 0
0 0 0
0 0 0
0 0 0
0 0 0
0 0 0
0 0 0
0 0 0
0 0 0
0 0 0
0 0 0
0 0 0
0 0 0
0 0 0
0 0 0
0 0 0
0 0 0
0 0 0
0 0 0
0 0 0
0 0 0
0 0 0
0 0 0
0 0 0
0 0 0
0 0 0
0 0 0
0 0 0
0 0 0
0 0 0
0 0 0
0 0 0
0 0 0
0 0 0
0 0 0
0 0 0
0 0 0
0 0 0
0 0 0
0 0 0
0 0 0
0 0 0
0 0 0
0 0 0
0 0 0
0 0 0
0 0 0
0 0 0
0 0 0
0 0 0
0 0 0
0 0 0
0 0 0
0 0 0
0 0 0
0 0 0
0 0 0
0 0 0
0 0 0
0 0 0
0 0 0
0 0 0
0 0 0
0 0 0
0 0 0
0 0 0
0 0 0
0 0 0
0 0 0
0 0 0
0 0 0
0 0 0
0 0 0
0 0 0
0 0 0
0 0 0
0 0 0
0 0 0
0 0 0
0 0 0
0 0 0
0 0 0
0 0 0
0 0 0
0 0 0
0 0 0
0 0 0
0 0 0
0 0 0
0 0 0
0 0 0
0 0 0
0 0 0
0 0 0
0 0 0
0 0 0
0 0 0
0 0 0
0 0 0
0 0 0
0 0 0
0 0 0
0 0 0
0 0 0
0 0 0
0 0 0
0 0 0
0 0 0
0 0 0
0 0 0
0 0 0
0 0 0
0 0 0
0 0 0
0 0 0
0 0 0
0 0 0
0 0 0
0 0 0
0 0 0
0 0 0
0 0 0
0 0 0
0 0 0
0 0 0
0 0 0
0 0 0
0 0 0
0 0 0
0 0 0
0 0 0
0 0 0
0 0 0
0 0 0
0 0 0
0 0 0
0 0 0
0 0 0
0 0 0
0 0 0
0 0 0
0 0 0
0 0 0
0 0 0
0 0 0
0 0 0
0 0 0
0 0 0
0 0 0
0 0 0
0 0 0
0 0 0
0 0 0
0 0 0
0 0 0
0 0 0
0 0 0
0 0 0
0 0 0
0 0 0
0 0 0
0 0 0
0 0 0
0 0 0
0 0 0
0 0 0
0 0 0
0 0 0
0 0 0
0 0 0
0 0 0
0 0 0
0 0 0
0 0 0
0 0 0
0 0 0
0 0 0
0 0 0
0 0 0
0 0 0
0 0 0
0 0 0
0 0 0
0 0 0
0 0 0
0 0 0
0 0 0
0 0 0
0 0 0
0 0 0
0 0 0
0 0 0
0 0 0
0 0 0
0 0 0
0 0 0
0 0 0
0 0 0
0 0 0
0 0 0
0 0 0
0 0 0
0 0 0
0 0 0
0 0 0
0 0 0
0 0 0
0 0 0
0 0 0
0 0 0
0 0 0
0 0 0
0 0 0
0 0 0
0 0 0
0 0 0
0 0 0
0 0 0
0 0 0
0 0 0
0 0 0
0 0 0
0 0 0
0 0 0
0 0 0
0 0 0
0 0 0
0 0 0
0 0 0
0 0 0
0 0 0
0 0 0
0 0 0
0 0 0
0 0 0
0 0 0
0 0 0
0 0 0
0 0 0
0 0 0
0 0 0
0 0 0
0 0 0
0 0 0
0 0 0
0 0 0
0 0 0
0 0 0
0 0 0
0 0 0
0 0 0
0 0 0
0 0 0
0 0 0
0 0 0
0 0 0
0 0 0
0 0 0
0 0 0
0 0 0
0 0 0
0 0 0
0 0 0
0 0 0
0 0 0
0 0 0
0 0 0
0 0 0
0 0 0
0 0 0
0 0 0
0 0 0
0 0 0
0 0 0
0 0 0
0 0 0
0 0 0
0 0 0
0 0 0
0 0 0
0 0 0
0 0 0
0 0 0
0 0 0
0 0 0
0 0 0
0 0 0
0 0 0
0 0 0
0 0 0
0 0 0
0 0 0
0 0 0
0 0 0
0 0 0
0 0 0
0 0 0
0 0 0
0 0 0
0 0 0
0 0 0
0 0 0
0 0 0
0 0 0
0 0 0
0 0 0
0 0 0
0 0 0
0 0 0
0 0 0
0 0 0
0 0 0
0 0 0
0 0 0
0 0 0
0 0 0
0 0 0
0 0 0
0 0 0
0 0 0
0 0 0
0 0 0
0 0 0
0 0 0
0 0 0
0 0 0
0 0 0
0 0 0
0 0 0
0 0 0
0 0 0
0 0 0
0 0 0
0 0 0
0 0 0
0 0 0
0 0 0
0 0 0
0 0 0
0 0 0
0 0 0
0 0 0
0 0 0
0 0 0
0 0 0
0 0 0
0 0 0
0 0 0
0 0 0
0 0 0
0 0 0
0 0 0
0 0 0
0 0 0
0 0 0
0 0 0
0 0 0
0 0 0
0 0 0
0 0 0
0 0 0
0 0 0
0 0 0
0 0 0
0 0 0
0 0 0
0 0 0
0 0 0
0 0 0
0 0 0
0 0 0
0 0 0
0 0 0
0 0 0
0 0 0
0 0 0
0 0 0
0 0 0
0 0 0
0 0 0
0 0 0
0 0 0
0 0 0
0 0 0
0 0 0
0 0 0
0 0 0
0 0 0
0 0 0
0 0 0
0 0 0
0 0 0
0 0 0
0 0 0
0 0 0
0 0 0
0 0 0
0 0 0
0 0 0
0 0 0
0 0 0
0 0 0
0 0 0
0 0 0
0 0 0
0 0 0
0 0 0
0 0 0
0 0 0
0 0 0
0 0 0
0 0 0
0 0 0
0 0 0
0 0 0
0 0 0
0 0 0
0 0 0
0 0 0
0 0 0
0 0 0
0 0 0
0 0 0
0 0 0
0 0 0
0 0 0
0 0 0
0 0 0
0 0 0
0 0 0
0 0 0
0 0 0
0 0 0
0 0 0
0 0 0
0 0 0
0 0 0
0 0 0
0 0 0
0 0 0
0 0 0
0 0 0
0 0 0
0 0 0
