621 89 0
620 89 124
619 89 124
618 89 140
618 89 140
617 89 156
616 89 156
615 89 156
614 89 171
614 89 171
612 89 187
607 89 187
604 89 203
598 89 218
594 89 218
589 89 234
584 89 234
582 89 234
581 89 249
578 89 249
578 89 249
574 89 265
572 89 265
570 89 265
569 89 265
567 89 281
565 90 281
562 91 281
561 92 296
558 93 296
556 93 296
554 94 312
552 95 312
549 95 312
544 96 327
542 96 327
540 97 327
536 98 343
534 99 343
531 101 359
528 102 359
524 105 359
523 105 359
522 105 374
519 108 374
517 109 374
516 111 374
513 113 390
511 114 390
510 115 390
509 117 406
506 119 406
505 121 421
504 122 421
503 123 421
502 125 421
502 125 437
501 128 437
500 128 437
500 129 452
498 132 452
498 134 468
498 137 468
496 143 468
494 149 484
494 152 484
492 158 499
491 161 499
490 165 499
490 169 515
490 172 515
490 174 515
490 177 531
490 178 531
490 181 531
490 184 546
490 185 546
490 187 546
490 189 546
490 193 562
491 194 562
492 197 577
492 198 577
493 199 577
494 201 593
495 202 593
497 204 593
497 205 609
498 207 609
500 208 609
502 209 624
503 211 624
505 213 624
506 213 624
506 213 624
507 215 640
510 217 640
512 217 656
514 218 656
514 218 656
516 219 671
518 220 671
518 220 671
521 221 671
522 221 687
524 221 687
526 221 687
528 221 687
530 221 702
534 221 702
537 221 702
542 221 718
545 221 718
548 221 734
555 221 734
559 221 734
567 221 749
571 221 749
578 221 749
582 221 765
586 221 765
593 221 765
595 221 781
602 222 781
608 223 796
611 224 796
614 225 796
618 226 796
619 227 812
622 229 812
628 229 827
630 230 827
632 231 827
634 231 827
637 233 843
639 233 843
641 234 843
642 236 843
646 237 859
646 239 859
649 241 859
652 243 874
654 245 874
658 248 890
661 249 890
663 252 890
666 253 890
667 255 906
671 260 906
674 261 906
678 267 921
681 269 921
684 273 937
686 277 937
688 279 937
690 281 937
692 283 937
694 286 952
696 290 952
698 293 952
700 297 952
702 300 968
705 305 968
706 309 984
707 312 984
710 318 984
710 321 999
711 325 999
712 329 999
712 332 999
712 334 1015
712 337 1015
712 340 1015
712 344 1015
712 347 1015
712 351 1031
711 354 1031
709 359 1046
706 362 1046
705 365 1046
698 372 1062
696 375 1062
692 382 1062
687 386 1078
686 389 1078
682 390 1093
680 393 1093
677 393 1093
674 395 1093
668 397 1109
658 399 1109
650 402 1124
644 403 1124
633 405 1124
624 409 1140
614 411 1156
604 412 1156
594 413 1171
585 413 1171
574 410 1187
561 406 1187
554 404 1187
545 401 1202
537 397 1202
518 390 1202
499 386 1218
482 381 1218
466 377 1234
450 372 1249
437 369 1249
428 365 1265
425 365 1265
422 365 1265
418 364 1265
416 362 1281
414 362 1281
414 362 1296
0 0 0
0 0 0
0 0 0
0 0 0
0 0 0
0 0 0
0 0 0
0 0 0
0 0 0
0 0 0
0 0 0
0 0 0
0 0 0
0 0 0
0 0 0
0 0 0
0 0 0
0 0 0
0 0 0
0 0 0
0 0 0
0 0 0
0 0 0
0 0 0
0 0 0
0 0 0
0 0 0
0 0 0
0 0 0
0 0 0
0 0 0
0 0 0
0 0 0
0 0 0
0 0 0
0 0 0
0 0 0
0 0 0
0 0 0
0 0 0
0 0 0
0 0 0
0 0 0
0 0 0
0 0 0
0 0 0
0 0 0
0 0 0
0 0 0
0 0 0
0 0 0
0 0 0
0 0 0
0 0 0
0 0 0
0 0 0
0 0 0
0 0 0
0 0 0
0 0 0
0 0 0
0 0 0
0 0 0
0 0 0
0 0 0
0 0 0
0 0 0
0 0 0
0 0 0
0 0 0
0 0 0
0 0 0
0 0 0
0 0 0
0 0 0
0 0 0
0 0 0
0 0 0
0 0 0
0 0 0
0 0 0
0 0 0
0 0 0
0 0 0
0 0 0
0 0 0
0 0 0
0 0 0
0 0 0
0 0 0
0 0 0
0 0 0
0 0 0
0 0 0
0 0 0
0 0 0
0 0 0
0 0 0
0 0 0
0 0 0
0 0 0
0 0 0
0 0 0
0 0 0
0 0 0
0 0 0
0 0 0
0 0 0
0 0 0
0 0 0
0 0 0
0 0 0
0 0 0
0 0 0
0 0 0
0 0 0
0 0 0
0 0 0
0 0 0
0 0 0
0 0 0
0 0 0
0 0 0
0 0 0
0 0 0
0 0 0
0 0 0
0 0 0
0 0 0
0 0 0
0 0 0
0 0 0
0 0 0
0 0 0
0 0 0
0 0 0
0 0 0
0 0 0
0 0 0
0 0 0
0 0 0
0 0 0
0 0 0
0 0 0
0 0 0
0 0 0
0 0 0
0 0 0
0 0 0
0 0 0
0 0 0
0 0 0
0 0 0
0 0 0
0 0 0
0 0 0
0 0 0
0 0 0
0 0 0
0 0 0
0 0 0
0 0 0
0 0 0
0 0 0
0 0 0
0 0 0
0 0 0
0 0 0
0 0 0
0 0 0
0 0 0
0 0 0
0 0 0
0 0 0
0 0 0
0 0 0
0 0 0
0 0 0
0 0 0
0 0 0
0 0 0
0 0 0
0 0 0
0 0 0
0 0 0
0 0 0
0 0 0
0 0 0
0 0 0
0 0 0
0 0 0
0 0 0
0 0 0
0 0 0
0 0 0
0 0 0
0 0 0
0 0 0
0 0 0
0 0 0
0 0 0
0 0 0
0 0 0
0 0 0
0 0 0
0 0 0
0 0 0
0 0 0
0 0 0
0 0 0
0 0 0
0 0 0
0 0 0
0 0 0
0 0 0
0 0 0
0 0 0
0 0 0
0 0 0
0 0 0
0 0 0
0 0 0
0 0 0
0 0 0
0 0 0
0 0 0
0 0 0
0 0 0
0 0 0
0 0 0
0 0 0
0 0 0
0 0 0
0 0 0
0 0 0
0 0 0
0 0 0
0 0 0
0 0 0
0 0 0
0 0 0
0 0 0
0 0 0
0 0 0
0 0 0
0 0 0
0 0 0
0 0 0
0 0 0
0 0 0
0 0 0
0 0 0
0 0 0
0 0 0
0 0 0
0 0 0
0 0 0
0 0 0
0 0 0
0 0 0
0 0 0
0 0 0
0 0 0
0 0 0
0 0 0
0 0 0
0 0 0
0 0 0
0 0 0
0 0 0
0 0 0
0 0 0
0 0 0
0 0 0
0 0 0
0 0 0
0 0 0
0 0 0
0 0 0
0 0 0
0 0 0
0 0 0
0 0 0
0 0 0
0 0 0
0 0 0
0 0 0
0 0 0
0 0 0
0 0 0
0 0 0
0 0 0
0 0 0
0 0 0
0 0 0
0 0 0
0 0 0
0 0 0
0 0 0
0 0 0
0 0 0
0 0 0
0 0 0
0 0 0
0 0 0
0 0 0
0 0 0
0 0 0
0 0 0
0 0 0
0 0 0
0 0 0
0 0 0
0 0 0
0 0 0
0 0 0
0 0 0
0 0 0
0 0 0
0 0 0
0 0 0
0 0 0
0 0 0
0 0 0
0 0 0
0 0 0
0 0 0
0 0 0
0 0 0
0 0 0
0 0 0
0 0 0
0 0 0
0 0 0
0 0 0
0 0 0
0 0 0
0 0 0
0 0 0
0 0 0
0 0 0
0 0 0
0 0 0
0 0 0
0 0 0
0 0 0
0 0 0
0 0 0
0 0 0
0 0 0
0 0 0
0 0 0
0 0 0
0 0 0
0 0 0
0 0 0
0 0 0
0 0 0
0 0 0
0 0 0
0 0 0
0 0 0
0 0 0
0 0 0
0 0 0
0 0 0
0 0 0
0 0 0
0 0 0
0 0 0
0 0 0
0 0 0
0 0 0
0 0 0
0 0 0
0 0 0
0 0 0
0 0 0
0 0 0
0 0 0
0 0 0
0 0 0
0 0 0
0 0 0
0 0 0
0 0 0
0 0 0
0 0 0
0 0 0
0 0 0
0 0 0
0 0 0
0 0 0
0 0 0
0 0 0
0 0 0
0 0 0
0 0 0
0 0 0
0 0 0
0 0 0
0 0 0
0 0 0
0 0 0
0 0 0
0 0 0
0 0 0
0 0 0
0 0 0
0 0 0
0 0 0
0 0 0
0 0 0
0 0 0
0 0 0
0 0 0
0 0 0
0 0 0
0 0 0
0 0 0
0 0 0
0 0 0
0 0 0
0 0 0
0 0 0
0 0 0
0 0 0
0 0 0
0 0 0
0 0 0
0 0 0
0 0 0
0 0 0
0 0 0
0 0 0
0 0 0
0 0 0
0 0 0
0 0 0
0 0 0
0 0 0
0 0 0
0 0 0
0 0 0
0 0 0
0 0 0
0 0 0
0 0 0
0 0 0
0 0 0
0 0 0
0 0 0
0 0 0
0 0 0
0 0 0
0 0 0
0 0 0
0 0 0
0 0 0
0 0 0
0 0 0
0 0 0
0 0 0
0 0 0
0 0 0
0 0 0
0 0 0
0 0 0
0 0 0
0 0 0
0 0 0
0 0 0
0 0 0
0 0 0
0 0 0
0 0 0
0 0 0
0 0 0
0 0 0
0 0 0
0 0 0
0 0 0
0 0 0
0 0 0
0 0 0
0 0 0
0 0 0
0 0 0
0 0 0
0 0 0
0 0 0
0 0 0
0 0 0
0 0 0
0 0 0
0 0 0
0 0 0
0 0 0
0 0 0
0 0 0
0 0 0
0 0 0
0 0 0
0 0 0
0 0 0
0 0 0
0 0 0
0 0 0
0 0 0
0 0 0
0 0 0
0 0 0
0 0 0
0 0 0
0 0 0
0 0 0
0 0 0
0 0 0
0 0 0
