1
650 100 254
642 100 381
637 100 430
632 100 448
627 100 528
616 100 610
596 100 645
584 100 666
571 100 691
566 100 714
561 102 729
555 104 754
545 107 782
536 113 798
524 122 821
516 127 832
505 134 854
492 143 870
480 153 892
470 163 911
460 172 926
450 181 938
443 189 958
437 199 977
434 209 1005
432 219 1028
431 227 1048
430 235 1063
430 243 1079
431 253 1095
434 264 1110
440 276 1126
444 289 1142
448 303 1161
450 316 1176
455 331 1192
458 346 1208
462 356 1223
465 365 1243
473 376 1259
479 383 1273
484 392 1301
493 402 1318
502 412 1338
509 418 1352
516 423 1372
527 429 1391
535 434 1407
542 438 1426
557 444 1450
569 451 1477
575 454 1491
585 457 1509
595 459 1532
600 461 1551
610 462 1575
623 462 1598
631 461 1616
639 459 1635
647 457 1667
662 453 1700
680 446 1785
703 428 1909
716 403 2047
2
633 128 178
620 127 307
607 126 357
590 126 392
577 126 429
560 127 474
546 131 509
531 136 545
514 148 584
498 162 623
486 177 662
475 194 708
466 211 752
460 231 797
457 252 841
457 278 881
461 299 914
469 324 953
478 347 988
492 370 1031
510 393 1074
530 414 1119
565 427 1158
592 434 1189
615 436 1225
632 435 1260
643 432 1308
650 425 1355
660 419 1383
671 411 1414
676 404 1453
681 394 1495
686 387 1541
690 380 1610
-5 20 0
-5 20 0
-5 20 0
-5 20 0
-5 20 0
-5 20 0
-5 20 0
-5 20 0
-5 20 0
-5 20 0
-5 20 0
-5 20 0
-5 20 0
-5 20 0
-5 20 0
-5 20 0
-5 20 0
-5 20 0
-5 20 0
-5 20 0
-5 20 0
-5 20 0
-5 20 0
-5 20 0
-5 20 0
-5 20 0
-5 20 0
-5 20 0
-5 20 0
-5 20 0
3
678 120 97
649 113 194
628 110 239
602 111 308
571 118 369
522 133 434
484 155 496
455 180 556
434 213 623
428 257 693
439 301 745
461 350 810
495 399 875
544 435 947
615 448 1035
653 451 1088
677 448 1154
697 430 1221
709 407 1285
720 387 1346
12 8 0
12 8 0
12 8 0
12 8 0
12 8 0
12 8 0
12 8 0
12 8 0
12 8 0
12 8 0
12 8 0
12 8 0
12 8 0
12 8 0
12 8 0
12 8 0
12 8 0
12 8 0
12 8 0
12 8 0
12 8 0
12 8 0
12 8 0
12 8 0
12 8 0
12 8 0
12 8 0
12 8 0
12 8 0
12 8 0
12 8 0
12 8 0
12 8 0
12 8 0
12 8 0
12 8 0
12 8 0
12 8 0
12 8 0
12 8 0
12 8 0
12 8 0
12 8 0
12 8 0
4
636 130 167
600 131 300
553 138 378
511 149 458
481 167 549
457 197 647
446 234 737
451 277 813
467 322 894
492 361 962
513 388 1037
544 409 1119
577 425 1187
618 433 1273
653 429 1367
673 410 1465
690 392 1560
701 372 1687
15 11 0
15 11 0
15 11 0
15 11 0
15 11 0
15 11 0
15 11 0
15 11 0
15 11 0
15 11 0
15 11 0
15 11 0
15 11 0
15 11 0
15 11 0
15 11 0
15 11 0
15 11 0
15 11 0
15 11 0
15 11 0
15 11 0
15 11 0
15 11 0
15 11 0
15 11 0
15 11 0
15 11 0
15 11 0
15 11 0
15 11 0
15 11 0
15 11 0
15 11 0
15 11 0
15 11 0
15 11 0
15 11 0
15 11 0
15 11 0
15 11 0
15 11 0
15 11 0
15 11 0
15 11 0
15 11 0
5
618 126 207
576 123 351
532 135 466
490 169 607
462 216 721
453 274 857
466 333 979
487 381 1058
515 416 1156
558 434 1258
605 439 1363
642 421 1482
670 395 1632
691 354 1791
18 23 0
18 23 0
18 23 0
18 23 0
18 23 0
18 23 0
18 23 0
18 23 0
18 23 0
18 23 0
18 23 0
18 23 0
18 23 0
18 23 0
18 23 0
18 23 0
18 23 0
18 23 0
18 23 0
18 23 0
18 23 0
18 23 0
18 23 0
18 23 0
18 23 0
18 23 0
18 23 0
18 23 0
18 23 0
18 23 0
18 23 0
18 23 0
18 23 0
18 23 0
18 23 0
18 23 0
18 23 0
18 23 0
18 23 0
18 23 0
18 23 0
18 23 0
18 23 0
18 23 0
18 23 0
18 23 0
18 23 0
18 23 0
18 23 0
18 23 0
6
648 131 173
597 123 396
535 139 543
480 177 685
454 228 811
453 291 926
474 359 1045
513 413 1169
574 437 1286
628 434 1432
670 406 1650
694 363 1852
-1 -25 0
-1 -25 0
-1 -25 0
-1 -25 0
-1 -25 0
-1 -25 0
-1 -25 0
-1 -25 0
-1 -25 0
-1 -25 0
-1 -25 0
-1 -25 0
-1 -25 0
-1 -25 0
-1 -25 0
-1 -25 0
-1 -25 0
-1 -25 0
-1 -25 0
-1 -25 0
-1 -25 0
-1 -25 0
-1 -25 0
-1 -25 0
-1 -25 0
-1 -25 0
-1 -25 0
-1 -25 0
-1 -25 0
-1 -25 0
-1 -25 0
-1 -25 0
-1 -25 0
-1 -25 0
-1 -25 0
-1 -25 0
-1 -25 0
-1 -25 0
-1 -25 0
-1 -25 0
-1 -25 0
-1 -25 0
-1 -25 0
-1 -25 0
-1 -25 0
-1 -25 0
-1 -25 0
-1 -25 0
-1 -25 0
-1 -25 0
-1 -25 0
-1 -25 0
7
640 110 323
550 115 525
481 155 666
442 209 788
433 274 927
451 337 1074
486 396 1281
533 433 1461
596 452 1599
642 450 1745
679 422 1964
708 381 2189
17 39 0
17 39 0
17 39 0
17 39 0
17 39 0
17 39 0
17 39 0
17 39 0
17 39 0
17 39 0
17 39 0
17 39 0
17 39 0
17 39 0
17 39 0
17 39 0
17 39 0
17 39 0
17 39 0
17 39 0
17 39 0
17 39 0
17 39 0
17 39 0
17 39 0
17 39 0
17 39 0
17 39 0
17 39 0
17 39 0
17 39 0
17 39 0
17 39 0
17 39 0
17 39 0
17 39 0
17 39 0
17 39 0
17 39 0
17 39 0
17 39 0
17 39 0
17 39 0
17 39 0
17 39 0
17 39 0
17 39 0
17 39 0
17 39 0
17 39 0
17 39 0
17 39 0
8
616 114 423
514 135 716
453 196 935
440 274 1120
463 356 1292
514 409 1541
599 447 1780
663 431 2035
698 392 2318
2 31 0
2 31 0
2 31 0
2 31 0
2 31 0
2 31 0
2 31 0
2 31 0
2 31 0
2 31 0
2 31 0
2 31 0
2 31 0
2 31 0
2 31 0
2 31 0
2 31 0
2 31 0
2 31 0
2 31 0
2 31 0
2 31 0
2 31 0
2 31 0
2 31 0
2 31 0
2 31 0
2 31 0
2 31 0
2 31 0
2 31 0
2 31 0
2 31 0
2 31 0
2 31 0
2 31 0
2 31 0
2 31 0
2 31 0
2 31 0
2 31 0
2 31 0
2 31 0
2 31 0
2 31 0
2 31 0
2 31 0
2 31 0
2 31 0
2 31 0
2 31 0
2 31 0
2 31 0
2 31 0
2 31 0
9
615 112 719
525 142 1101
458 210 1344
442 312 1593
485 390 1794
563 445 1982
649 440 2240
700 388 2532
8 -1 0
8 -1 0
8 -1 0
8 -1 0
8 -1 0
8 -1 0
8 -1 0
8 -1 0
8 -1 0
8 -1 0
8 -1 0
8 -1 0
8 -1 0
8 -1 0
8 -1 0
8 -1 0
8 -1 0
8 -1 0
8 -1 0
8 -1 0
8 -1 0
8 -1 0
8 -1 0
8 -1 0
8 -1 0
8 -1 0
8 -1 0
8 -1 0
8 -1 0
8 -1 0
8 -1 0
8 -1 0
8 -1 0
8 -1 0
8 -1 0
8 -1 0
8 -1 0
8 -1 0
8 -1 0
8 -1 0
8 -1 0
8 -1 0
8 -1 0
8 -1 0
8 -1 0
8 -1 0
8 -1 0
8 -1 0
8 -1 0
8 -1 0
8 -1 0
8 -1 0
8 -1 0
8 -1 0
8 -1 0
8 -1 0
10
612 136 473
520 149 784
458 204 986
452 338 1415
515 408 1682
635 428 1951
696 387 2222
435 260 1184
-9 45 0
-9 45 0
-9 45 0
-9 45 0
-9 45 0
-9 45 0
-9 45 0
-9 45 0
-9 45 0
-9 45 0
-9 45 0
-9 45 0
-9 45 0
-9 45 0
-9 45 0
-9 45 0
-9 45 0
-9 45 0
-9 45 0
-9 45 0
-9 45 0
-9 45 0
-9 45 0
-9 45 0
-9 45 0
-9 45 0
-9 45 0
-9 45 0
-9 45 0
-9 45 0
-9 45 0
-9 45 0
-9 45 0
-9 45 0
-9 45 0
-9 45 0
-9 45 0
-9 45 0
-9 45 0
-9 45 0
-9 45 0
-9 45 0
-9 45 0
-9 45 0
-9 45 0
-9 45 0
-9 45 0
-9 45 0
-9 45 0
-9 45 0
-9 45 0
-9 45 0
-9 45 0
-9 45 0
-9 45 0
-9 45 0
11
646 111 579
571 110 1114
477 171 1437
432 274 1744
479 397 2015
590 457 2286
693 420 2643
3 16 0
3 16 0
3 16 0
3 16 0
3 16 0
3 16 0
3 16 0
3 16 0
3 16 0
3 16 0
3 16 0
3 16 0
3 16 0
3 16 0
3 16 0
3 16 0
3 16 0
3 16 0
3 16 0
3 16 0
3 16 0
3 16 0
3 16 0
3 16 0
3 16 0
3 16 0
3 16 0
3 16 0
3 16 0
3 16 0
3 16 0
3 16 0
3 16 0
3 16 0
3 16 0
3 16 0
3 16 0
3 16 0
3 16 0
3 16 0
3 16 0
3 16 0
3 16 0
3 16 0
3 16 0
3 16 0
3 16 0
3 16 0
3 16 0
3 16 0
3 16 0
3 16 0
3 16 0
3 16 0
3 16 0
3 16 0
3 16 0
12
627 125 574
518 146 980
452 248 1237
464 359 1484
585 438 1774
680 395 2142
-2 34 0
-2 34 0
-2 34 0
-2 34 0
-2 34 0
-2 34 0
-2 34 0
-2 34 0
-2 34 0
-2 34 0
-2 34 0
-2 34 0
-2 34 0
-2 34 0
-2 34 0
-2 34 0
-2 34 0
-2 34 0
-2 34 0
-2 34 0
-2 34 0
-2 34 0
-2 34 0
-2 34 0
-2 34 0
-2 34 0
-2 34 0
-2 34 0
-2 34 0
-2 34 0
-2 34 0
-2 34 0
-2 34 0
-2 34 0
-2 34 0
-2 34 0
-2 34 0
-2 34 0
-2 34 0
-2 34 0
-2 34 0
-2 34 0
-2 34 0
-2 34 0
-2 34 0
-2 34 0
-2 34 0
-2 34 0
-2 34 0
-2 34 0
-2 34 0
-2 34 0
-2 34 0
-2 34 0
-2 34 0
-2 34 0
-2 34 0
-2 34 0
13
630 128 544
506 158 984
444 270 1252
485 394 1573
598 440 1916
665 390 2256
3 44 0
3 44 0
3 44 0
3 44 0
3 44 0
3 44 0
3 44 0
3 44 0
3 44 0
3 44 0
3 44 0
3 44 0
3 44 0
3 44 0
3 44 0
3 44 0
3 44 0
3 44 0
3 44 0
3 44 0
3 44 0
3 44 0
3 44 0
3 44 0
3 44 0
3 44 0
3 44 0
3 44 0
3 44 0
3 44 0
3 44 0
3 44 0
3 44 0
3 44 0
3 44 0
3 44 0
3 44 0
3 44 0
3 44 0
3 44 0
3 44 0
3 44 0
3 44 0
3 44 0
3 44 0
3 44 0
3 44 0
3 44 0
3 44 0
3 44 0
3 44 0
3 44 0
3 44 0
3 44 0
3 44 0
3 44 0
3 44 0
3 44 0
14
625 128 448
483 190 968
443 347 1319
539 434 1618
678 399 2015
-21 22 0
-21 22 0
-21 22 0
-21 22 0
-21 22 0
-21 22 0
-21 22 0
-21 22 0
-21 22 0
-21 22 0
-21 22 0
-21 22 0
-21 22 0
-21 22 0
-21 22 0
-21 22 0
-21 22 0
-21 22 0
-21 22 0
-21 22 0
-21 22 0
-21 22 0
-21 22 0
-21 22 0
-21 22 0
-21 22 0
-21 22 0
-21 22 0
-21 22 0
-21 22 0
-21 22 0
-21 22 0
-21 22 0
-21 22 0
-21 22 0
-21 22 0
-21 22 0
-21 22 0
-21 22 0
-21 22 0
-21 22 0
-21 22 0
-21 22 0
-21 22 0
-21 22 0
-21 22 0
-21 22 0
-21 22 0
-21 22 0
-21 22 0
-21 22 0
-21 22 0
-21 22 0
-21 22 0
-21 22 0
-21 22 0
-21 22 0
-21 22 0
-21 22 0
15
604 114 471
465 218 914
480 394 1316
667 426 1817
48 16 0
48 16 0
48 16 0
48 16 0
48 16 0
48 16 0
48 16 0
48 16 0
48 16 0
48 16 0
48 16 0
48 16 0
48 16 0
48 16 0
48 16 0
48 16 0
48 16 0
48 16 0
48 16 0
48 16 0
48 16 0
48 16 0
48 16 0
48 16 0
48 16 0
48 16 0
48 16 0
48 16 0
48 16 0
48 16 0
48 16 0
48 16 0
48 16 0
48 16 0
48 16 0
48 16 0
48 16 0
48 16 0
48 16 0
48 16 0
48 16 0
48 16 0
48 16 0
48 16 0
48 16 0
48 16 0
48 16 0
48 16 0
48 16 0
48 16 0
48 16 0
48 16 0
48 16 0
48 16 0
48 16 0
48 16 0
48 16 0
48 16 0
48 16 0
48 16 0
16
544 145 608
465 354 1166
649 396 1632
-24 16 0
-24 16 0
-24 16 0
-24 16 0
-24 16 0
-24 16 0
-24 16 0
-24 16 0
-24 16 0
-24 16 0
-24 16 0
-24 16 0
-24 16 0
-24 16 0
-24 16 0
-24 16 0
-24 16 0
-24 16 0
-24 16 0
-24 16 0
-24 16 0
-24 16 0
-24 16 0
-24 16 0
-24 16 0
-24 16 0
-24 16 0
-24 16 0
-24 16 0
-24 16 0
-24 16 0
-24 16 0
-24 16 0
-24 16 0
-24 16 0
-24 16 0
-24 16 0
-24 16 0
-24 16 0
-24 16 0
-24 16 0
-24 16 0
-24 16 0
-24 16 0
-24 16 0
-24 16 0
-24 16 0
-24 16 0
-24 16 0
-24 16 0
-24 16 0
-24 16 0
-24 16 0
-24 16 0
-24 16 0
-24 16 0
-24 16 0
-24 16 0
-24 16 0
-24 16 0
-24 16 0
17
584 143 750
483 223 1269
503 374 1741
640 399 2278
-13 42 0
-13 42 0
-13 42 0
-13 42 0
-13 42 0
-13 42 0
-13 42 0
-13 42 0
-13 42 0
-13 42 0
-13 42 0
-13 42 0
-13 42 0
-13 42 0
-13 42 0
-13 42 0
-13 42 0
-13 42 0
-13 42 0
-13 42 0
-13 42 0
-13 42 0
-13 42 0
-13 42 0
-13 42 0
-13 42 0
-13 42 0
-13 42 0
-13 42 0
-13 42 0
-13 42 0
-13 42 0
-13 42 0
-13 42 0
-13 42 0
-13 42 0
-13 42 0
-13 42 0
-13 42 0
-13 42 0
-13 42 0
-13 42 0
-13 42 0
-13 42 0
-13 42 0
-13 42 0
-13 42 0
-13 42 0
-13 42 0
-13 42 0
-13 42 0
-13 42 0
-13 42 0
-13 42 0
-13 42 0
-13 42 0
-13 42 0
-13 42 0
-13 42 0
-13 42 0
18
614 141 540
467 237 1062
497 381 1433
650 403 1957
-29 22 0
-29 22 0
-29 22 0
-29 22 0
-29 22 0
-29 22 0
-29 22 0
-29 22 0
-29 22 0
-29 22 0
-29 22 0
-29 22 0
-29 22 0
-29 22 0
-29 22 0
-29 22 0
-29 22 0
-29 22 0
-29 22 0
-29 22 0
-29 22 0
-29 22 0
-29 22 0
-29 22 0
-29 22 0
-29 22 0
-29 22 0
-29 22 0
-29 22 0
-29 22 0
-29 22 0
-29 22 0
-29 22 0
-29 22 0
-29 22 0
-29 22 0
-29 22 0
-29 22 0
-29 22 0
-29 22 0
-29 22 0
-29 22 0
-29 22 0
-29 22 0
-29 22 0
-29 22 0
-29 22 0
-29 22 0
-29 22 0
-29 22 0
-29 22 0
-29 22 0
-29 22 0
-29 22 0
-29 22 0
-29 22 0
-29 22 0
-29 22 0
-29 22 0
-29 22 0
19
575 125 575
450 232 1198
491 391 1718
645 404 2428
-2 34 0
-2 34 0
-2 34 0
-2 34 0
-2 34 0
-2 34 0
-2 34 0
-2 34 0
-2 34 0
-2 34 0
-2 34 0
-2 34 0
-2 34 0
-2 34 0
-2 34 0
-2 34 0
-2 34 0
-2 34 0
-2 34 0
-2 34 0
-2 34 0
-2 34 0
-2 34 0
-2 34 0
-2 34 0
-2 34 0
-2 34 0
-2 34 0
-2 34 0
-2 34 0
-2 34 0
-2 34 0
-2 34 0
-2 34 0
-2 34 0
-2 34 0
-2 34 0
-2 34 0
-2 34 0
-2 34 0
-2 34 0
-2 34 0
-2 34 0
-2 34 0
-2 34 0
-2 34 0
-2 34 0
-2 34 0
-2 34 0
-2 34 0
-2 34 0
-2 34 0
-2 34 0
-2 34 0
-2 34 0
-2 34 0
-2 34 0
-2 34 0
-2 34 0
-2 34 0
20
587 119 358
457 218 823
663 411 1815
487 400 1257
-34 39 0
-34 39 0
-34 39 0
-34 39 0
-34 39 0
-34 39 0
-34 39 0
-34 39 0
-34 39 0
-34 39 0
-34 39 0
-34 39 0
-34 39 0
-34 39 0
-34 39 0
-34 39 0
-34 39 0
-34 39 0
-34 39 0
-34 39 0
-34 39 0
-34 39 0
-34 39 0
-34 39 0
-34 39 0
-34 39 0
-34 39 0
-34 39 0
-34 39 0
-34 39 0
-34 39 0
-34 39 0
-34 39 0
-34 39 0
-34 39 0
-34 39 0
-34 39 0
-34 39 0
-34 39 0
-34 39 0
-34 39 0
-34 39 0
-34 39 0
-34 39 0
-34 39 0
-34 39 0
-34 39 0
-34 39 0
-34 39 0
-34 39 0
-34 39 0
-34 39 0
-34 39 0
-34 39 0
-34 39 0
-34 39 0
-34 39 0
-34 39 0
-34 39 0
-34 39 0
21
563 165 776
481 305 1600
617 388 2336
-47 40 0
-47 40 0
-47 40 0
-47 40 0
-47 40 0
-47 40 0
-47 40 0
-47 40 0
-47 40 0
-47 40 0
-47 40 0
-47 40 0
-47 40 0
-47 40 0
-47 40 0
-47 40 0
-47 40 0
-47 40 0
-47 40 0
-47 40 0
-47 40 0
-47 40 0
-47 40 0
-47 40 0
-47 40 0
-47 40 0
-47 40 0
-47 40 0
-47 40 0
-47 40 0
-47 40 0
-47 40 0
-47 40 0
-47 40 0
-47 40 0
-47 40 0
-47 40 0
-47 40 0
-47 40 0
-47 40 0
-47 40 0
-47 40 0
-47 40 0
-47 40 0
-47 40 0
-47 40 0
-47 40 0
-47 40 0
-47 40 0
-47 40 0
-47 40 0
-47 40 0
-47 40 0
-47 40 0
-47 40 0
-47 40 0
-47 40 0
-47 40 0
-47 40 0
-47 40 0
-47 40 0
22
570 136 587
464 331 1210
657 407 1808
-63 23 0
-63 23 0
-63 23 0
-63 23 0
-63 23 0
-63 23 0
-63 23 0
-63 23 0
-63 23 0
-63 23 0
-63 23 0
-63 23 0
-63 23 0
-63 23 0
-63 23 0
-63 23 0
-63 23 0
-63 23 0
-63 23 0
-63 23 0
-63 23 0
-63 23 0
-63 23 0
-63 23 0
-63 23 0
-63 23 0
-63 23 0
-63 23 0
-63 23 0
-63 23 0
-63 23 0
-63 23 0
-63 23 0
-63 23 0
-63 23 0
-63 23 0
-63 23 0
-63 23 0
-63 23 0
-63 23 0
-63 23 0
-63 23 0
-63 23 0
-63 23 0
-63 23 0
-63 23 0
-63 23 0
-63 23 0
-63 23 0
-63 23 0
-63 23 0
-63 23 0
-63 23 0
-63 23 0
-63 23 0
-63 23 0
-63 23 0
-63 23 0
-63 23 0
-63 23 0
-63 23 0
23
532 153 560
596 417 1290
-46 -1 0
-46 -1 0
-46 -1 0
-46 -1 0
-46 -1 0
-46 -1 0
-46 -1 0
-46 -1 0
-46 -1 0
-46 -1 0
-46 -1 0
-46 -1 0
-46 -1 0
-46 -1 0
-46 -1 0
-46 -1 0
-46 -1 0
-46 -1 0
-46 -1 0
-46 -1 0
-46 -1 0
-46 -1 0
-46 -1 0
-46 -1 0
-46 -1 0
-46 -1 0
-46 -1 0
-46 -1 0
-46 -1 0
-46 -1 0
-46 -1 0
-46 -1 0
-46 -1 0
-46 -1 0
-46 -1 0
-46 -1 0
-46 -1 0
-46 -1 0
-46 -1 0
-46 -1 0
-46 -1 0
-46 -1 0
-46 -1 0
-46 -1 0
-46 -1 0
-46 -1 0
-46 -1 0
-46 -1 0
-46 -1 0
-46 -1 0
-46 -1 0
-46 -1 0
-46 -1 0
-46 -1 0
-46 -1 0
-46 -1 0
-46 -1 0
-46 -1 0
-46 -1 0
-46 -1 0
-46 -1 0
-46 -1 0
24
498 176 721
602 420 1580
-22 44 0
-22 44 0
-22 44 0
-22 44 0
-22 44 0
-22 44 0
-22 44 0
-22 44 0
-22 44 0
-22 44 0
-22 44 0
-22 44 0
-22 44 0
-22 44 0
-22 44 0
-22 44 0
-22 44 0
-22 44 0
-22 44 0
-22 44 0
-22 44 0
-22 44 0
-22 44 0
-22 44 0
-22 44 0
-22 44 0
-22 44 0
-22 44 0
-22 44 0
-22 44 0
-22 44 0
-22 44 0
-22 44 0
-22 44 0
-22 44 0
-22 44 0
-22 44 0
-22 44 0
-22 44 0
-22 44 0
-22 44 0
-22 44 0
-22 44 0
-22 44 0
-22 44 0
-22 44 0
-22 44 0
-22 44 0
-22 44 0
-22 44 0
-22 44 0
-22 44 0
-22 44 0
-22 44 0
-22 44 0
-22 44 0
-22 44 0
-22 44 0
-22 44 0
-22 44 0
-22 44 0
-22 44 0
25
572 145 708
469 312 1543
644 399 2399
-10 33 0
-10 33 0
-10 33 0
-10 33 0
-10 33 0
-10 33 0
-10 33 0
-10 33 0
-10 33 0
-10 33 0
-10 33 0
-10 33 0
-10 33 0
-10 33 0
-10 33 0
-10 33 0
-10 33 0
-10 33 0
-10 33 0
-10 33 0
-10 33 0
-10 33 0
-10 33 0
-10 33 0
-10 33 0
-10 33 0
-10 33 0
-10 33 0
-10 33 0
-10 33 0
-10 33 0
-10 33 0
-10 33 0
-10 33 0
-10 33 0
-10 33 0
-10 33 0
-10 33 0
-10 33 0
-10 33 0
-10 33 0
-10 33 0
-10 33 0
-10 33 0
-10 33 0
-10 33 0
-10 33 0
-10 33 0
-10 33 0
-10 33 0
-10 33 0
-10 33 0
-10 33 0
-10 33 0
-10 33 0
-10 33 0
-10 33 0
-10 33 0
-10 33 0
-10 33 0
-10 33 0
26
628 112 771
447 251 1490
634 420 2372
7 18 0
7 18 0
7 18 0
7 18 0
7 18 0
7 18 0
7 18 0
7 18 0
7 18 0
7 18 0
7 18 0
7 18 0
7 18 0
7 18 0
7 18 0
7 18 0
7 18 0
7 18 0
7 18 0
7 18 0
7 18 0
7 18 0
7 18 0
7 18 0
7 18 0
7 18 0
7 18 0
7 18 0
7 18 0
7 18 0
7 18 0
7 18 0
7 18 0
7 18 0
7 18 0
7 18 0
7 18 0
7 18 0
7 18 0
7 18 0
7 18 0
7 18 0
7 18 0
7 18 0
7 18 0
7 18 0
7 18 0
7 18 0
7 18 0
7 18 0
7 18 0
7 18 0
7 18 0
7 18 0
7 18 0
7 18 0
7 18 0
7 18 0
7 18 0
7 18 0
7 18 0
27
572 121 956
458 309 1785
662 418 2593
-57 -20 0
-57 -20 0
-57 -20 0
-57 -20 0
-57 -20 0
-57 -20 0
-57 -20 0
-57 -20 0
-57 -20 0
-57 -20 0
-57 -20 0
-57 -20 0
-57 -20 0
-57 -20 0
-57 -20 0
-57 -20 0
-57 -20 0
-57 -20 0
-57 -20 0
-57 -20 0
-57 -20 0
-57 -20 0
-57 -20 0
-57 -20 0
-57 -20 0
-57 -20 0
-57 -20 0
-57 -20 0
-57 -20 0
-57 -20 0
-57 -20 0
-57 -20 0
-57 -20 0
-57 -20 0
-57 -20 0
-57 -20 0
-57 -20 0
-57 -20 0
-57 -20 0
-57 -20 0
-57 -20 0
-57 -20 0
-57 -20 0
-57 -20 0
-57 -20 0
-57 -20 0
-57 -20 0
-57 -20 0
-57 -20 0
-57 -20 0
-57 -20 0
-57 -20 0
-57 -20 0
-57 -20 0
-57 -20 0
-57 -20 0
-57 -20 0
-57 -20 0
-57 -20 0
-57 -20 0
-57 -20 0
28
582 122 688
631 421 2026
458 292 1357
-40 8 0
-40 8 0
-40 8 0
-40 8 0
-40 8 0
-40 8 0
-40 8 0
-40 8 0
-40 8 0
-40 8 0
-40 8 0
-40 8 0
-40 8 0
-40 8 0
-40 8 0
-40 8 0
-40 8 0
-40 8 0
-40 8 0
-40 8 0
-40 8 0
-40 8 0
-40 8 0
-40 8 0
-40 8 0
-40 8 0
-40 8 0
-40 8 0
-40 8 0
-40 8 0
-40 8 0
-40 8 0
-40 8 0
-40 8 0
-40 8 0
-40 8 0
-40 8 0
-40 8 0
-40 8 0
-40 8 0
-40 8 0
-40 8 0
-40 8 0
-40 8 0
-40 8 0
-40 8 0
-40 8 0
-40 8 0
-40 8 0
-40 8 0
-40 8 0
-40 8 0
-40 8 0
-40 8 0
-40 8 0
-40 8 0
-40 8 0
-40 8 0
-40 8 0
-40 8 0
-40 8 0
29
532 180 1180
584 386 2274
-52 52 0
-52 52 0
-52 52 0
-52 52 0
-52 52 0
-52 52 0
-52 52 0
-52 52 0
-52 52 0
-52 52 0
-52 52 0
-52 52 0
-52 52 0
-52 52 0
-52 52 0
-52 52 0
-52 52 0
-52 52 0
-52 52 0
-52 52 0
-52 52 0
-52 52 0
-52 52 0
-52 52 0
-52 52 0
-52 52 0
-52 52 0
-52 52 0
-52 52 0
-52 52 0
-52 52 0
-52 52 0
-52 52 0
-52 52 0
-52 52 0
-52 52 0
-52 52 0
-52 52 0
-52 52 0
-52 52 0
-52 52 0
-52 52 0
-52 52 0
-52 52 0
-52 52 0
-52 52 0
-52 52 0
-52 52 0
-52 52 0
-52 52 0
-52 52 0
-52 52 0
-52 52 0
-52 52 0
-52 52 0
-52 52 0
-52 52 0
-52 52 0
-52 52 0
-52 52 0
-52 52 0
-52 52 0
30
565 144 800
574 400 1899
3 23 0
3 23 0
3 23 0
3 23 0
3 23 0
3 23 0
3 23 0
3 23 0
3 23 0
3 23 0
3 23 0
3 23 0
3 23 0
3 23 0
3 23 0
3 23 0
3 23 0
3 23 0
3 23 0
3 23 0
3 23 0
3 23 0
3 23 0
3 23 0
3 23 0
3 23 0
3 23 0
3 23 0
3 23 0
3 23 0
3 23 0
3 23 0
3 23 0
3 23 0
3 23 0
3 23 0
3 23 0
3 23 0
3 23 0
3 23 0
3 23 0
3 23 0
3 23 0
3 23 0
3 23 0
3 23 0
3 23 0
3 23 0
3 23 0
3 23 0
3 23 0
3 23 0
3 23 0
3 23 0
3 23 0
3 23 0
3 23 0
3 23 0
3 23 0
3 23 0
3 23 0
3 23 0
