1
518 258 737
628 254 2107
94 43 0
94 43 0
94 43 0
94 43 0
94 43 0
94 43 0
94 43 0
94 43 0
94 43 0
94 43 0
94 43 0
94 43 0
94 43 0
94 43 0
94 43 0
94 43 0
94 43 0
94 43 0
94 43 0
94 43 0
94 43 0
94 43 0
94 43 0
94 43 0
94 43 0
94 43 0
94 43 0
94 43 0
94 43 0
94 43 0
94 43 0
94 43 0
94 43 0
94 43 0
94 43 0
94 43 0
94 43 0
94 43 0
94 43 0
94 43 0
94 43 0
94 43 0
94 43 0
94 43 0
94 43 0
94 43 0
94 43 0
94 43 0
94 43 0
94 43 0
94 43 0
94 43 0
94 43 0
94 43 0
94 43 0
94 43 0
94 43 0
94 43 0
94 43 0
94 43 0
94 43 0
94 43 0
2
455 365 369
669 259 2708
493 214 1306
77 -32 0
77 -32 0
77 -32 0
77 -32 0
77 -32 0
77 -32 0
77 -32 0
77 -32 0
77 -32 0
77 -32 0
77 -32 0
77 -32 0
77 -32 0
77 -32 0
77 -32 0
77 -32 0
77 -32 0
77 -32 0
77 -32 0
77 -32 0
77 -32 0
77 -32 0
77 -32 0
77 -32 0
77 -32 0
77 -32 0
77 -32 0
77 -32 0
77 -32 0
77 -32 0
77 -32 0
77 -32 0
77 -32 0
77 -32 0
77 -32 0
77 -32 0
77 -32 0
77 -32 0
77 -32 0
77 -32 0
77 -32 0
77 -32 0
77 -32 0
77 -32 0
77 -32 0
77 -32 0
77 -32 0
77 -32 0
77 -32 0
77 -32 0
77 -32 0
77 -32 0
77 -32 0
77 -32 0
77 -32 0
77 -32 0
77 -32 0
77 -32 0
77 -32 0
77 -32 0
77 -32 0
3
463 365 566
495 187 1489
646 244 3111
61 -5 0
61 -5 0
61 -5 0
61 -5 0
61 -5 0
61 -5 0
61 -5 0
61 -5 0
61 -5 0
61 -5 0
61 -5 0
61 -5 0
61 -5 0
61 -5 0
61 -5 0
61 -5 0
61 -5 0
61 -5 0
61 -5 0
61 -5 0
61 -5 0
61 -5 0
61 -5 0
61 -5 0
61 -5 0
61 -5 0
61 -5 0
61 -5 0
61 -5 0
61 -5 0
61 -5 0
61 -5 0
61 -5 0
61 -5 0
61 -5 0
61 -5 0
61 -5 0
61 -5 0
61 -5 0
61 -5 0
61 -5 0
61 -5 0
61 -5 0
61 -5 0
61 -5 0
61 -5 0
61 -5 0
61 -5 0
61 -5 0
61 -5 0
61 -5 0
61 -5 0
61 -5 0
61 -5 0
61 -5 0
61 -5 0
61 -5 0
61 -5 0
61 -5 0
61 -5 0
61 -5 0
4
476 353 422
508 197 1210
643 249 3034
81 25 0
81 25 0
81 25 0
81 25 0
81 25 0
81 25 0
81 25 0
81 25 0
81 25 0
81 25 0
81 25 0
81 25 0
81 25 0
81 25 0
81 25 0
81 25 0
81 25 0
81 25 0
81 25 0
81 25 0
81 25 0
81 25 0
81 25 0
81 25 0
81 25 0
81 25 0
81 25 0
81 25 0
81 25 0
81 25 0
81 25 0
81 25 0
81 25 0
81 25 0
81 25 0
81 25 0
81 25 0
81 25 0
81 25 0
81 25 0
81 25 0
81 25 0
81 25 0
81 25 0
81 25 0
81 25 0
81 25 0
81 25 0
81 25 0
81 25 0
81 25 0
81 25 0
81 25 0
81 25 0
81 25 0
81 25 0
81 25 0
81 25 0
81 25 0
81 25 0
81 25 0
5
517 202 1220
643 201 2975
588 349 2359
62 -16 0
62 -16 0
62 -16 0
62 -16 0
62 -16 0
62 -16 0
62 -16 0
62 -16 0
62 -16 0
62 -16 0
62 -16 0
62 -16 0
62 -16 0
62 -16 0
62 -16 0
62 -16 0
62 -16 0
62 -16 0
62 -16 0
62 -16 0
62 -16 0
62 -16 0
62 -16 0
62 -16 0
62 -16 0
62 -16 0
62 -16 0
62 -16 0
62 -16 0
62 -16 0
62 -16 0
62 -16 0
62 -16 0
62 -16 0
62 -16 0
62 -16 0
62 -16 0
62 -16 0
62 -16 0
62 -16 0
62 -16 0
62 -16 0
62 -16 0
62 -16 0
62 -16 0
62 -16 0
62 -16 0
62 -16 0
62 -16 0
62 -16 0
62 -16 0
62 -16 0
62 -16 0
62 -16 0
62 -16 0
62 -16 0
62 -16 0
62 -16 0
62 -16 0
62 -16 0
62 -16 0
6
512 245 843
643 255 2580
53 -4 0
53 -4 0
53 -4 0
53 -4 0
53 -4 0
53 -4 0
53 -4 0
53 -4 0
53 -4 0
53 -4 0
53 -4 0
53 -4 0
53 -4 0
53 -4 0
53 -4 0
53 -4 0
53 -4 0
53 -4 0
53 -4 0
53 -4 0
53 -4 0
53 -4 0
53 -4 0
53 -4 0
53 -4 0
53 -4 0
53 -4 0
53 -4 0
53 -4 0
53 -4 0
53 -4 0
53 -4 0
53 -4 0
53 -4 0
53 -4 0
53 -4 0
53 -4 0
53 -4 0
53 -4 0
53 -4 0
53 -4 0
53 -4 0
53 -4 0
53 -4 0
53 -4 0
53 -4 0
53 -4 0
53 -4 0
53 -4 0
53 -4 0
53 -4 0
53 -4 0
53 -4 0
53 -4 0
53 -4 0
53 -4 0
53 -4 0
53 -4 0
53 -4 0
53 -4 0
53 -4 0
53 -4 0
7
455 365 392
673 242 3217
500 198 1413
75 9 0
75 9 0
75 9 0
75 9 0
75 9 0
75 9 0
75 9 0
75 9 0
75 9 0
75 9 0
75 9 0
75 9 0
75 9 0
75 9 0
75 9 0
75 9 0
75 9 0
75 9 0
75 9 0
75 9 0
75 9 0
75 9 0
75 9 0
75 9 0
75 9 0
75 9 0
75 9 0
75 9 0
75 9 0
75 9 0
75 9 0
75 9 0
75 9 0
75 9 0
75 9 0
75 9 0
75 9 0
75 9 0
75 9 0
75 9 0
75 9 0
75 9 0
75 9 0
75 9 0
75 9 0
75 9 0
75 9 0
75 9 0
75 9 0
75 9 0
75 9 0
75 9 0
75 9 0
75 9 0
75 9 0
75 9 0
75 9 0
75 9 0
75 9 0
75 9 0
75 9 0
8
454 387 420
669 249 2972
496 185 1244
22 9 0
22 9 0
22 9 0
22 9 0
22 9 0
22 9 0
22 9 0
22 9 0
22 9 0
22 9 0
22 9 0
22 9 0
22 9 0
22 9 0
22 9 0
22 9 0
22 9 0
22 9 0
22 9 0
22 9 0
22 9 0
22 9 0
22 9 0
22 9 0
22 9 0
22 9 0
22 9 0
22 9 0
22 9 0
22 9 0
22 9 0
22 9 0
22 9 0
22 9 0
22 9 0
22 9 0
22 9 0
22 9 0
22 9 0
22 9 0
22 9 0
22 9 0
22 9 0
22 9 0
22 9 0
22 9 0
22 9 0
22 9 0
22 9 0
22 9 0
22 9 0
22 9 0
22 9 0
22 9 0
22 9 0
22 9 0
22 9 0
22 9 0
22 9 0
22 9 0
22 9 0
9
499 234 1150
653 259 3177
77 -22 0
77 -22 0
77 -22 0
77 -22 0
77 -22 0
77 -22 0
77 -22 0
77 -22 0
77 -22 0
77 -22 0
77 -22 0
77 -22 0
77 -22 0
77 -22 0
77 -22 0
77 -22 0
77 -22 0
77 -22 0
77 -22 0
77 -22 0
77 -22 0
77 -22 0
77 -22 0
77 -22 0
77 -22 0
77 -22 0
77 -22 0
77 -22 0
77 -22 0
77 -22 0
77 -22 0
77 -22 0
77 -22 0
77 -22 0
77 -22 0
77 -22 0
77 -22 0
77 -22 0
77 -22 0
77 -22 0
77 -22 0
77 -22 0
77 -22 0
77 -22 0
77 -22 0
77 -22 0
77 -22 0
77 -22 0
77 -22 0
77 -22 0
77 -22 0
77 -22 0
77 -22 0
77 -22 0
77 -22 0
77 -22 0
77 -22 0
77 -22 0
77 -22 0
77 -22 0
77 -22 0
77 -22 0
10
505 234 957
649 262 2707
27 -6 0
27 -6 0
27 -6 0
27 -6 0
27 -6 0
27 -6 0
27 -6 0
27 -6 0
27 -6 0
27 -6 0
27 -6 0
27 -6 0
27 -6 0
27 -6 0
27 -6 0
27 -6 0
27 -6 0
27 -6 0
27 -6 0
27 -6 0
27 -6 0
27 -6 0
27 -6 0
27 -6 0
27 -6 0
27 -6 0
27 -6 0
27 -6 0
27 -6 0
27 -6 0
27 -6 0
27 -6 0
27 -6 0
27 -6 0
27 -6 0
27 -6 0
27 -6 0
27 -6 0
27 -6 0
27 -6 0
27 -6 0
27 -6 0
27 -6 0
27 -6 0
27 -6 0
27 -6 0
27 -6 0
27 -6 0
27 -6 0
27 -6 0
27 -6 0
27 -6 0
27 -6 0
27 -6 0
27 -6 0
27 -6 0
27 -6 0
27 -6 0
27 -6 0
27 -6 0
27 -6 0
27 -6 0
11
509 237 839
650 244 2800
34 -6 0
34 -6 0
34 -6 0
34 -6 0
34 -6 0
34 -6 0
34 -6 0
34 -6 0
34 -6 0
34 -6 0
34 -6 0
34 -6 0
34 -6 0
34 -6 0
34 -6 0
34 -6 0
34 -6 0
34 -6 0
34 -6 0
34 -6 0
34 -6 0
34 -6 0
34 -6 0
34 -6 0
34 -6 0
34 -6 0
34 -6 0
34 -6 0
34 -6 0
34 -6 0
34 -6 0
34 -6 0
34 -6 0
34 -6 0
34 -6 0
34 -6 0
34 -6 0
34 -6 0
34 -6 0
34 -6 0
34 -6 0
34 -6 0
34 -6 0
34 -6 0
34 -6 0
34 -6 0
34 -6 0
34 -6 0
34 -6 0
34 -6 0
34 -6 0
34 -6 0
34 -6 0
34 -6 0
34 -6 0
34 -6 0
34 -6 0
34 -6 0
34 -6 0
34 -6 0
34 -6 0
34 -6 0
12
580 355 2035
560 196 1691
38 18 0
38 18 0
38 18 0
38 18 0
38 18 0
38 18 0
38 18 0
38 18 0
38 18 0
38 18 0
38 18 0
38 18 0
38 18 0
38 18 0
38 18 0
38 18 0
38 18 0
38 18 0
38 18 0
38 18 0
38 18 0
38 18 0
38 18 0
38 18 0
38 18 0
38 18 0
38 18 0
38 18 0
38 18 0
38 18 0
38 18 0
38 18 0
38 18 0
38 18 0
38 18 0
38 18 0
38 18 0
38 18 0
38 18 0
38 18 0
38 18 0
38 18 0
38 18 0
38 18 0
38 18 0
38 18 0
38 18 0
38 18 0
38 18 0
38 18 0
38 18 0
38 18 0
38 18 0
38 18 0
38 18 0
38 18 0
38 18 0
38 18 0
38 18 0
38 18 0
38 18 0
38 18 0
13
655 277 2323
511 238 796
45 3 0
45 3 0
45 3 0
45 3 0
45 3 0
45 3 0
45 3 0
45 3 0
45 3 0
45 3 0
45 3 0
45 3 0
45 3 0
45 3 0
45 3 0
45 3 0
45 3 0
45 3 0
45 3 0
45 3 0
45 3 0
45 3 0
45 3 0
45 3 0
45 3 0
45 3 0
45 3 0
45 3 0
45 3 0
45 3 0
45 3 0
45 3 0
45 3 0
45 3 0
45 3 0
45 3 0
45 3 0
45 3 0
45 3 0
45 3 0
45 3 0
45 3 0
45 3 0
45 3 0
45 3 0
45 3 0
45 3 0
45 3 0
45 3 0
45 3 0
45 3 0
45 3 0
45 3 0
45 3 0
45 3 0
45 3 0
45 3 0
45 3 0
45 3 0
45 3 0
45 3 0
45 3 0
14
603 347 2214
541 207 1390
54 -16 0
54 -16 0
54 -16 0
54 -16 0
54 -16 0
54 -16 0
54 -16 0
54 -16 0
54 -16 0
54 -16 0
54 -16 0
54 -16 0
54 -16 0
54 -16 0
54 -16 0
54 -16 0
54 -16 0
54 -16 0
54 -16 0
54 -16 0
54 -16 0
54 -16 0
54 -16 0
54 -16 0
54 -16 0
54 -16 0
54 -16 0
54 -16 0
54 -16 0
54 -16 0
54 -16 0
54 -16 0
54 -16 0
54 -16 0
54 -16 0
54 -16 0
54 -16 0
54 -16 0
54 -16 0
54 -16 0
54 -16 0
54 -16 0
54 -16 0
54 -16 0
54 -16 0
54 -16 0
54 -16 0
54 -16 0
54 -16 0
54 -16 0
54 -16 0
54 -16 0
54 -16 0
54 -16 0
54 -16 0
54 -16 0
54 -16 0
54 -16 0
54 -16 0
54 -16 0
54 -16 0
54 -16 0
15
512 240 976
637 259 3097
66 -10 0
66 -10 0
66 -10 0
66 -10 0
66 -10 0
66 -10 0
66 -10 0
66 -10 0
66 -10 0
66 -10 0
66 -10 0
66 -10 0
66 -10 0
66 -10 0
66 -10 0
66 -10 0
66 -10 0
66 -10 0
66 -10 0
66 -10 0
66 -10 0
66 -10 0
66 -10 0
66 -10 0
66 -10 0
66 -10 0
66 -10 0
66 -10 0
66 -10 0
66 -10 0
66 -10 0
66 -10 0
66 -10 0
66 -10 0
66 -10 0
66 -10 0
66 -10 0
66 -10 0
66 -10 0
66 -10 0
66 -10 0
66 -10 0
66 -10 0
66 -10 0
66 -10 0
66 -10 0
66 -10 0
66 -10 0
66 -10 0
66 -10 0
66 -10 0
66 -10 0
66 -10 0
66 -10 0
66 -10 0
66 -10 0
66 -10 0
66 -10 0
66 -10 0
66 -10 0
66 -10 0
66 -10 0
16
603 287 2125
509 202 1006
65 -31 0
65 -31 0
65 -31 0
65 -31 0
65 -31 0
65 -31 0
65 -31 0
65 -31 0
65 -31 0
65 -31 0
65 -31 0
65 -31 0
65 -31 0
65 -31 0
65 -31 0
65 -31 0
65 -31 0
65 -31 0
65 -31 0
65 -31 0
65 -31 0
65 -31 0
65 -31 0
65 -31 0
65 -31 0
65 -31 0
65 -31 0
65 -31 0
65 -31 0
65 -31 0
65 -31 0
65 -31 0
65 -31 0
65 -31 0
65 -31 0
65 -31 0
65 -31 0
65 -31 0
65 -31 0
65 -31 0
65 -31 0
65 -31 0
65 -31 0
65 -31 0
65 -31 0
65 -31 0
65 -31 0
65 -31 0
65 -31 0
65 -31 0
65 -31 0
65 -31 0
65 -31 0
65 -31 0
65 -31 0
65 -31 0
65 -31 0
65 -31 0
65 -31 0
65 -31 0
65 -31 0
65 -31 0
17
642 261 2465
491 235 756
41 -24 0
41 -24 0
41 -24 0
41 -24 0
41 -24 0
41 -24 0
41 -24 0
41 -24 0
41 -24 0
41 -24 0
41 -24 0
41 -24 0
41 -24 0
41 -24 0
41 -24 0
41 -24 0
41 -24 0
41 -24 0
41 -24 0
41 -24 0
41 -24 0
41 -24 0
41 -24 0
41 -24 0
41 -24 0
41 -24 0
41 -24 0
41 -24 0
41 -24 0
41 -24 0
41 -24 0
41 -24 0
41 -24 0
41 -24 0
41 -24 0
41 -24 0
41 -24 0
41 -24 0
41 -24 0
41 -24 0
41 -24 0
41 -24 0
41 -24 0
41 -24 0
41 -24 0
41 -24 0
41 -24 0
41 -24 0
41 -24 0
41 -24 0
41 -24 0
41 -24 0
41 -24 0
41 -24 0
41 -24 0
41 -24 0
41 -24 0
41 -24 0
41 -24 0
41 -24 0
41 -24 0
41 -24 0
18
671 272 2858
523 213 1138
43 -28 0
43 -28 0
43 -28 0
43 -28 0
43 -28 0
43 -28 0
43 -28 0
43 -28 0
43 -28 0
43 -28 0
43 -28 0
43 -28 0
43 -28 0
43 -28 0
43 -28 0
43 -28 0
43 -28 0
43 -28 0
43 -28 0
43 -28 0
43 -28 0
43 -28 0
43 -28 0
43 -28 0
43 -28 0
43 -28 0
43 -28 0
43 -28 0
43 -28 0
43 -28 0
43 -28 0
43 -28 0
43 -28 0
43 -28 0
43 -28 0
43 -28 0
43 -28 0
43 -28 0
43 -28 0
43 -28 0
43 -28 0
43 -28 0
43 -28 0
43 -28 0
43 -28 0
43 -28 0
43 -28 0
43 -28 0
43 -28 0
43 -28 0
43 -28 0
43 -28 0
43 -28 0
43 -28 0
43 -28 0
43 -28 0
43 -28 0
43 -28 0
43 -28 0
43 -28 0
43 -28 0
43 -28 0
19
591 355 2019
561 187 1713
78 -17 0
78 -17 0
78 -17 0
78 -17 0
78 -17 0
78 -17 0
78 -17 0
78 -17 0
78 -17 0
78 -17 0
78 -17 0
78 -17 0
78 -17 0
78 -17 0
78 -17 0
78 -17 0
78 -17 0
78 -17 0
78 -17 0
78 -17 0
78 -17 0
78 -17 0
78 -17 0
78 -17 0
78 -17 0
78 -17 0
78 -17 0
78 -17 0
78 -17 0
78 -17 0
78 -17 0
78 -17 0
78 -17 0
78 -17 0
78 -17 0
78 -17 0
78 -17 0
78 -17 0
78 -17 0
78 -17 0
78 -17 0
78 -17 0
78 -17 0
78 -17 0
78 -17 0
78 -17 0
78 -17 0
78 -17 0
78 -17 0
78 -17 0
78 -17 0
78 -17 0
78 -17 0
78 -17 0
78 -17 0
78 -17 0
78 -17 0
78 -17 0
78 -17 0
78 -17 0
78 -17 0
78 -17 0
20
570 246 1675
-5 -30 0
-5 -30 0
-5 -30 0
-5 -30 0
-5 -30 0
-5 -30 0
-5 -30 0
-5 -30 0
-5 -30 0
-5 -30 0
-5 -30 0
-5 -30 0
-5 -30 0
-5 -30 0
-5 -30 0
-5 -30 0
-5 -30 0
-5 -30 0
-5 -30 0
-5 -30 0
-5 -30 0
-5 -30 0
-5 -30 0
-5 -30 0
-5 -30 0
-5 -30 0
-5 -30 0
-5 -30 0
-5 -30 0
-5 -30 0
-5 -30 0
-5 -30 0
-5 -30 0
-5 -30 0
-5 -30 0
-5 -30 0
-5 -30 0
-5 -30 0
-5 -30 0
-5 -30 0
-5 -30 0
-5 -30 0
-5 -30 0
-5 -30 0
-5 -30 0
-5 -30 0
-5 -30 0
-5 -30 0
-5 -30 0
-5 -30 0
-5 -30 0
-5 -30 0
-5 -30 0
-5 -30 0
-5 -30 0
-5 -30 0
-5 -30 0
-5 -30 0
-5 -30 0
-5 -30 0
-5 -30 0
-5 -30 0
-5 -30 0
21
682 253 2590
464 237 975
28 -30 0
28 -30 0
28 -30 0
28 -30 0
28 -30 0
28 -30 0
28 -30 0
28 -30 0
28 -30 0
28 -30 0
28 -30 0
28 -30 0
28 -30 0
28 -30 0
28 -30 0
28 -30 0
28 -30 0
28 -30 0
28 -30 0
28 -30 0
28 -30 0
28 -30 0
28 -30 0
28 -30 0
28 -30 0
28 -30 0
28 -30 0
28 -30 0
28 -30 0
28 -30 0
28 -30 0
28 -30 0
28 -30 0
28 -30 0
28 -30 0
28 -30 0
28 -30 0
28 -30 0
28 -30 0
28 -30 0
28 -30 0
28 -30 0
28 -30 0
28 -30 0
28 -30 0
28 -30 0
28 -30 0
28 -30 0
28 -30 0
28 -30 0
28 -30 0
28 -30 0
28 -30 0
28 -30 0
28 -30 0
28 -30 0
28 -30 0
28 -30 0
28 -30 0
28 -30 0
28 -30 0
28 -30 0
22
568 236 1723
25 -20 0
25 -20 0
25 -20 0
25 -20 0
25 -20 0
25 -20 0
25 -20 0
25 -20 0
25 -20 0
25 -20 0
25 -20 0
25 -20 0
25 -20 0
25 -20 0
25 -20 0
25 -20 0
25 -20 0
25 -20 0
25 -20 0
25 -20 0
25 -20 0
25 -20 0
25 -20 0
25 -20 0
25 -20 0
25 -20 0
25 -20 0
25 -20 0
25 -20 0
25 -20 0
25 -20 0
25 -20 0
25 -20 0
25 -20 0
25 -20 0
25 -20 0
25 -20 0
25 -20 0
25 -20 0
25 -20 0
25 -20 0
25 -20 0
25 -20 0
25 -20 0
25 -20 0
25 -20 0
25 -20 0
25 -20 0
25 -20 0
25 -20 0
25 -20 0
25 -20 0
25 -20 0
25 -20 0
25 -20 0
25 -20 0
25 -20 0
25 -20 0
25 -20 0
25 -20 0
25 -20 0
25 -20 0
25 -20 0
23
560 242 1673
51 -6 0
51 -6 0
51 -6 0
51 -6 0
51 -6 0
51 -6 0
51 -6 0
51 -6 0
51 -6 0
51 -6 0
51 -6 0
51 -6 0
51 -6 0
51 -6 0
51 -6 0
51 -6 0
51 -6 0
51 -6 0
51 -6 0
51 -6 0
51 -6 0
51 -6 0
51 -6 0
51 -6 0
51 -6 0
51 -6 0
51 -6 0
51 -6 0
51 -6 0
51 -6 0
51 -6 0
51 -6 0
51 -6 0
51 -6 0
51 -6 0
51 -6 0
51 -6 0
51 -6 0
51 -6 0
51 -6 0
51 -6 0
51 -6 0
51 -6 0
51 -6 0
51 -6 0
51 -6 0
51 -6 0
51 -6 0
51 -6 0
51 -6 0
51 -6 0
51 -6 0
51 -6 0
51 -6 0
51 -6 0
51 -6 0
51 -6 0
51 -6 0
51 -6 0
51 -6 0
51 -6 0
51 -6 0
51 -6 0
24
560 245 1603
35 -15 0
35 -15 0
35 -15 0
35 -15 0
35 -15 0
35 -15 0
35 -15 0
35 -15 0
35 -15 0
35 -15 0
35 -15 0
35 -15 0
35 -15 0
35 -15 0
35 -15 0
35 -15 0
35 -15 0
35 -15 0
35 -15 0
35 -15 0
35 -15 0
35 -15 0
35 -15 0
35 -15 0
35 -15 0
35 -15 0
35 -15 0
35 -15 0
35 -15 0
35 -15 0
35 -15 0
35 -15 0
35 -15 0
35 -15 0
35 -15 0
35 -15 0
35 -15 0
35 -15 0
35 -15 0
35 -15 0
35 -15 0
35 -15 0
35 -15 0
35 -15 0
35 -15 0
35 -15 0
35 -15 0
35 -15 0
35 -15 0
35 -15 0
35 -15 0
35 -15 0
35 -15 0
35 -15 0
35 -15 0
35 -15 0
35 -15 0
35 -15 0
35 -15 0
35 -15 0
35 -15 0
35 -15 0
35 -15 0
25
563 241 1503
72 8 0
72 8 0
72 8 0
72 8 0
72 8 0
72 8 0
72 8 0
72 8 0
72 8 0
72 8 0
72 8 0
72 8 0
72 8 0
72 8 0
72 8 0
72 8 0
72 8 0
72 8 0
72 8 0
72 8 0
72 8 0
72 8 0
72 8 0
72 8 0
72 8 0
72 8 0
72 8 0
72 8 0
72 8 0
72 8 0
72 8 0
72 8 0
72 8 0
72 8 0
72 8 0
72 8 0
72 8 0
72 8 0
72 8 0
72 8 0
72 8 0
72 8 0
72 8 0
72 8 0
72 8 0
72 8 0
72 8 0
72 8 0
72 8 0
72 8 0
72 8 0
72 8 0
72 8 0
72 8 0
72 8 0
72 8 0
72 8 0
72 8 0
72 8 0
72 8 0
72 8 0
72 8 0
72 8 0
