564 117 0
563 117 250
562 117 250
560 116 250
554 113 266
551 113 266
548 112 266
545 111 281
541 110 281
536 109 281
533 108 281
529 107 297
524 105 297
520 104 297
514 103 297
511 102 313
507 101 313
502 101 313
499 100 313
496 99 328
494 98 328
492 98 328
490 97 344
488 97 344
486 97 344
484 97 344
482 96 360
481 96 360
480 96 360
479 96 375
478 96 375
477 96 375
476 96 391
474 96 391
473 96 406
472 96 406
471 96 438
470 96 453
470 96 469
469 96 469
468 96 469
466 96 469
466 96 484
463 97 484
461 97 484
458 98 484
457 100 500
454 101 500
450 102 500
447 104 500
442 105 516
438 105 516
434 107 516
430 109 516
425 110 531
422 112 531
417 113 531
414 114 531
411 115 547
409 116 547
406 117 547
404 117 563
402 118 563
401 118 563
400 119 563
399 120 578
398 121 578
398 121 578
397 121 594
397 121 656
397 122 656
397 123 672
397 124 672
397 125 688
396 125 688
395 125 688
395 126 703
394 127 703
394 129 703
394 129 703
394 130 719
394 131 719
394 132 719
394 133 719
394 134 734
394 135 734
394 137 734
394 137 734
394 139 750
394 140 750
394 141 750
394 141 766
394 142 766
394 144 766
394 145 766
394 147 781
394 148 781
394 149 781
394 151 797
394 152 797
394 154 797
394 156 813
394 157 813
395 158 813
395 160 828
395 162 828
396 163 828
397 164 828
397 165 828
398 166 844
398 167 844
398 168 844
398 169 844
398 170 860
398 171 860
398 172 860
398 173 875
398 173 875
399 174 891
400 175 891
400 177 906
400 177 906
400 178 922
401 180 922
402 181 938
402 182 938
402 183 938
403 184 953
405 185 953
406 186 953
406 187 953
406 189 969
407 190 969
408 191 969
409 192 984
410 193 984
410 194 984
411 195 984
412 197 984
414 198 1000
414 200 1000
415 201 1000
416 201 1000
417 203 1016
418 204 1016
418 206 1016
419 206 1031
419 207 1031
420 208 1031
420 209 1047
421 209 1047
421 210 1063
422 210 1063
422 210 1094
422 211 1094
424 211 1109
424 212 1109
426 213 1109
427 213 1125
428 213 1125
430 214 1125
432 215 1125
434 216 1141
435 217 1141
438 217 1141
440 218 1141
443 218 1156
445 219 1156
448 220 1156
451 220 1172
454 221 1172
456 221 1172
458 221 1172
459 222 1172
462 223 1188
465 223 1188
466 224 1188
467 225 1203
468 225 1203
469 225 1203
470 225 1219
470 225 1219
471 225 1219
473 225 1235
475 225 1235
476 226 1235
478 226 1235
479 227 1250
481 227 1250
482 227 1250
485 228 1250
486 228 1266
489 229 1266
490 229 1266
492 229 1266
494 229 1281
494 229 1281
497 229 1281
499 229 1281
501 229 1297
502 229 1297
504 229 1297
505 229 1297
506 229 1313
507 229 1313
509 229 1313
510 229 1328
511 229 1328
513 230 1344
514 230 1344
515 231 1344
516 231 1359
518 231 1359
518 231 1359
521 232 1359
522 232 1359
524 233 1375
527 233 1375
530 235 1375
537 237 1391
539 238 1391
542 239 1391
546 240 1406
547 241 1406
549 241 1406
550 242 1406
552 243 1422
554 244 1422
555 245 1422
557 246 1422
558 247 1438
559 248 1438
560 248 1438
562 248 1453
562 249 1453
563 250 1453
564 251 1469
565 251 1469
566 252 1469
567 253 1484
568 253 1484
568 254 1484
569 254 1500
570 255 1500
570 256 1500
570 257 1516
570 257 1516
571 257 1516
571 258 1531
572 259 1531
572 260 1531
573 261 1547
574 261 1547
574 262 1547
576 263 1563
578 264 1563
578 265 1563
580 268 1578
582 269 1578
583 271 1578
583 272 1594
584 272 1594
585 272 1594
585 273 1594
586 274 1609
587 275 1609
588 277 1609
590 281 1625
590 283 1625
591 285 1625
593 287 1641
594 289 1641
595 289 1641
597 291 1641
597 293 1641
597 295 1656
598 297 1656
598 297 1656
598 299 1656
598 301 1672
599 301 1672
600 301 1672
602 302 1688
603 302 1688
604 304 1688
604 305 1688
605 307 1703
605 309 1703
605 312 1703
606 313 1703
606 316 1719
607 318 1719
607 321 1719
608 323 1735
609 325 1735
610 327 1735
610 328 1735
610 329 1750
610 331 1750
610 332 1750
611 333 1750
611 335 1750
611 337 1766
611 337 1766
611 339 1781
611 340 1781
611 341 1797
611 341 1797
611 343 1797
611 344 1797
611 345 1813
611 346 1813
610 349 1828
610 349 1828
610 351 1828
610 352 1828
610 353 1844
610 353 1844
609 355 1844
609 356 1844
608 357 1860
607 359 1860
606 360 1860
606 361 1875
605 362 1875
605 363 1875
604 364 1875
604 365 1875
602 365 1891
602 366 1891
602 368 1891
600 370 1906
598 371 1906
598 373 1906
597 373 1922
595 375 1922
594 377 1922
592 378 1922
591 380 1938
590 381 1938
589 381 1938
588 383 1938
586 384 1953
585 385 1953
583 386 1953
582 386 1969
581 387 1969
579 389 1969
578 389 1969
575 391 1984
574 393 1984
572 393 1984
569 395 1984
566 397 2000
564 399 2000
558 403 2000
555 405 2016
553 406 2016
551 408 2016
550 409 2016
549 409 2031
548 409 2031
547 409 2031
546 409 2031
546 410 2047
546 411 2047
545 411 2078
544 411 2078
543 411 2109
542 411 2125
539 411 2125
538 411 2141
535 411 2141
532 411 2141
529 410 2156
526 410 2156
522 410 2156
519 410 2156
516 410 2156
512 410 2172
509 410 2172
506 409 2172
503 409 2172
501 409 2188
498 408 2188
494 407 2188
491 406 2188
488 405 2203
486 405 2203
482 404 2203
479 403 2219
476 401 2219
474 401 2219
471 399 2219
469 398 2235
467 397 2235
465 397 2235
462 395 2235
461 394 2235
460 394 2250
458 393 2250
457 392 2250
457 391 2266
455 390 2266
454 389 2266
454 389 2266
452 388 2281
451 387 2281
451 386 2281
450 386 2297
449 385 2297
447 384 2297
446 382 2297
444 380 2313
442 377 2313
440 376 2313
438 373 2313
438 371 2328
435 369 2328
434 365 2328
432 363 2328
431 361 2344
430 359 2344
427 356 2344
426 354 2360
426 353 2360
425 352 2360
424 351 2375
423 351 2375
423 350 2375
423 349 2594
423 349 2594
422 349 2609
422 348 2609
0 0 0
0 0 0
0 0 0
0 0 0
0 0 0
0 0 0
0 0 0
0 0 0
0 0 0
0 0 0
0 0 0
0 0 0
0 0 0
0 0 0
0 0 0
0 0 0
0 0 0
0 0 0
0 0 0
0 0 0
0 0 0
0 0 0
0 0 0
0 0 0
0 0 0
0 0 0
0 0 0
0 0 0
0 0 0
0 0 0
0 0 0
0 0 0
0 0 0
0 0 0
0 0 0
0 0 0
0 0 0
0 0 0
0 0 0
0 0 0
0 0 0
0 0 0
0 0 0
0 0 0
0 0 0
0 0 0
0 0 0
0 0 0
0 0 0
0 0 0
0 0 0
0 0 0
0 0 0
0 0 0
0 0 0
0 0 0
0 0 0
0 0 0
0 0 0
0 0 0
0 0 0
0 0 0
0 0 0
0 0 0
0 0 0
0 0 0
0 0 0
0 0 0
0 0 0
0 0 0
0 0 0
0 0 0
0 0 0
0 0 0
0 0 0
0 0 0
0 0 0
0 0 0
0 0 0
0 0 0
0 0 0
0 0 0
0 0 0
0 0 0
0 0 0
0 0 0
0 0 0
0 0 0
0 0 0
0 0 0
0 0 0
0 0 0
0 0 0
0 0 0
0 0 0
0 0 0
0 0 0
0 0 0
0 0 0
0 0 0
0 0 0
0 0 0
0 0 0
0 0 0
0 0 0
0 0 0
0 0 0
0 0 0
0 0 0
0 0 0
0 0 0
0 0 0
0 0 0
0 0 0
0 0 0
0 0 0
0 0 0
0 0 0
0 0 0
0 0 0
0 0 0
0 0 0
0 0 0
0 0 0
0 0 0
0 0 0
0 0 0
0 0 0
0 0 0
0 0 0
0 0 0
0 0 0
0 0 0
0 0 0
0 0 0
0 0 0
0 0 0
0 0 0
0 0 0
0 0 0
0 0 0
0 0 0
0 0 0
0 0 0
0 0 0
0 0 0
0 0 0
0 0 0
0 0 0
0 0 0
0 0 0
0 0 0
0 0 0
0 0 0
0 0 0
0 0 0
0 0 0
0 0 0
0 0 0
0 0 0
0 0 0
0 0 0
0 0 0
0 0 0
0 0 0
0 0 0
0 0 0
0 0 0
0 0 0
0 0 0
0 0 0
0 0 0
0 0 0
0 0 0
0 0 0
0 0 0
0 0 0
0 0 0
0 0 0
0 0 0
0 0 0
0 0 0
0 0 0
0 0 0
0 0 0
0 0 0
0 0 0
0 0 0
0 0 0
0 0 0
0 0 0
0 0 0
0 0 0
0 0 0
0 0 0
0 0 0
0 0 0
0 0 0
0 0 0
0 0 0
0 0 0
0 0 0
0 0 0
0 0 0
0 0 0
0 0 0
0 0 0
0 0 0
0 0 0
0 0 0
0 0 0
0 0 0
0 0 0
0 0 0
0 0 0
0 0 0
0 0 0
0 0 0
0 0 0
0 0 0
0 0 0
0 0 0
0 0 0
0 0 0
0 0 0
0 0 0
0 0 0
0 0 0
0 0 0
0 0 0
0 0 0
0 0 0
0 0 0
0 0 0
0 0 0
0 0 0
0 0 0
0 0 0
0 0 0
0 0 0
0 0 0
0 0 0
0 0 0
0 0 0
0 0 0
0 0 0
0 0 0
0 0 0
0 0 0
0 0 0
0 0 0
0 0 0
0 0 0
0 0 0
0 0 0
0 0 0
0 0 0
0 0 0
0 0 0
0 0 0
0 0 0
0 0 0
0 0 0
0 0 0
0 0 0
0 0 0
0 0 0
0 0 0
0 0 0
0 0 0
0 0 0
0 0 0
0 0 0
0 0 0
0 0 0
0 0 0
0 0 0
0 0 0
0 0 0
0 0 0
0 0 0
0 0 0
0 0 0
0 0 0
0 0 0
0 0 0
0 0 0
0 0 0
0 0 0
0 0 0
0 0 0
0 0 0
0 0 0
0 0 0
0 0 0
0 0 0
0 0 0
0 0 0
0 0 0
0 0 0
0 0 0
0 0 0
0 0 0
0 0 0
0 0 0
0 0 0
0 0 0
0 0 0
0 0 0
0 0 0
0 0 0
0 0 0
0 0 0
0 0 0
0 0 0
0 0 0
0 0 0
0 0 0
0 0 0
0 0 0
0 0 0
0 0 0
0 0 0
0 0 0
0 0 0
0 0 0
0 0 0
0 0 0
0 0 0
0 0 0
0 0 0
0 0 0
0 0 0
0 0 0
0 0 0
0 0 0
0 0 0
0 0 0
0 0 0
0 0 0
0 0 0
0 0 0
0 0 0
0 0 0
0 0 0
0 0 0
0 0 0
0 0 0
0 0 0
0 0 0
0 0 0
0 0 0
0 0 0
0 0 0
0 0 0
0 0 0
0 0 0
0 0 0
0 0 0
0 0 0
0 0 0
0 0 0
0 0 0
0 0 0
0 0 0
0 0 0
0 0 0
0 0 0
0 0 0
0 0 0
0 0 0
0 0 0
0 0 0
0 0 0
0 0 0
0 0 0
0 0 0
0 0 0
0 0 0
0 0 0
0 0 0
0 0 0
0 0 0
0 0 0
0 0 0
0 0 0
0 0 0
0 0 0
0 0 0
0 0 0
0 0 0
0 0 0
0 0 0
0 0 0
0 0 0
0 0 0
0 0 0
0 0 0
0 0 0
0 0 0
0 0 0
0 0 0
0 0 0
0 0 0
0 0 0
0 0 0
0 0 0
0 0 0
0 0 0
0 0 0
0 0 0
0 0 0
0 0 0
0 0 0
0 0 0
0 0 0
0 0 0
0 0 0
0 0 0
0 0 0
0 0 0
0 0 0
0 0 0
0 0 0
0 0 0
0 0 0
0 0 0
0 0 0
0 0 0
0 0 0
0 0 0
0 0 0
0 0 0
0 0 0
0 0 0
0 0 0
0 0 0
0 0 0
0 0 0
0 0 0
0 0 0
0 0 0
0 0 0
0 0 0
0 0 0
0 0 0
0 0 0
0 0 0
0 0 0
0 0 0
0 0 0
0 0 0
0 0 0
0 0 0
0 0 0
0 0 0
0 0 0
0 0 0
0 0 0
0 0 0
0 0 0
0 0 0
0 0 0
0 0 0
0 0 0
0 0 0
0 0 0
0 0 0
0 0 0
0 0 0
0 0 0
0 0 0
0 0 0
0 0 0
0 0 0
0 0 0
0 0 0
0 0 0
0 0 0
0 0 0
0 0 0
0 0 0
0 0 0
0 0 0
0 0 0
0 0 0
0 0 0
0 0 0
0 0 0
0 0 0
0 0 0
0 0 0
0 0 0
0 0 0
0 0 0
0 0 0
0 0 0
0 0 0
0 0 0
0 0 0
0 0 0
0 0 0
0 0 0
0 0 0
0 0 0
0 0 0
0 0 0
0 0 0
0 0 0
0 0 0
0 0 0
0 0 0
0 0 0
0 0 0
0 0 0
0 0 0
0 0 0
0 0 0
0 0 0
0 0 0
0 0 0
0 0 0
0 0 0
0 0 0
0 0 0
0 0 0
0 0 0
0 0 0
0 0 0
0 0 0
0 0 0
0 0 0
0 0 0
0 0 0
0 0 0
0 0 0
0 0 0
0 0 0
0 0 0
0 0 0
0 0 0
0 0 0
0 0 0
0 0 0
0 0 0
0 0 0
0 0 0
0 0 0
0 0 0
0 0 0
0 0 0
0 0 0
0 0 0
0 0 0
0 0 0
0 0 0
0 0 0
0 0 0
0 0 0
0 0 0
0 0 0
0 0 0
0 0 0
0 0 0
0 0 0
0 0 0
0 0 0
0 0 0
0 0 0
0 0 0
0 0 0
0 0 0
0 0 0
0 0 0
0 0 0
0 0 0
0 0 0
0 0 0
0 0 0
0 0 0
0 0 0
0 0 0
0 0 0
0 0 0
0 0 0
0 0 0
0 0 0
0 0 0
0 0 0
0 0 0
0 0 0
0 0 0
0 0 0
0 0 0
0 0 0
0 0 0
0 0 0
0 0 0
0 0 0
0 0 0
0 0 0
0 0 0
0 0 0
0 0 0
0 0 0
0 0 0
0 0 0
0 0 0
0 0 0
0 0 0
0 0 0
0 0 0
0 0 0
0 0 0
0 0 0
0 0 0
0 0 0
0 0 0
0 0 0
0 0 0
0 0 0
0 0 0
0 0 0
0 0 0
0 0 0
0 0 0
0 0 0
0 0 0
0 0 0
0 0 0
0 0 0
0 0 0
0 0 0
0 0 0
0 0 0
0 0 0
0 0 0
0 0 0
0 0 0
0 0 0
0 0 0
0 0 0
0 0 0
0 0 0
0 0 0
0 0 0
0 0 0
0 0 0
0 0 0
0 0 0
0 0 0
0 0 0
0 0 0
0 0 0
0 0 0
0 0 0
0 0 0
0 0 0
0 0 0
0 0 0
0 0 0
0 0 0
0 0 0
0 0 0
0 0 0
0 0 0
0 0 0
0 0 0
0 0 0
0 0 0
0 0 0
0 0 0
0 0 0
0 0 0
0 0 0
0 0 0
0 0 0
0 0 0
0 0 0
0 0 0
0 0 0
0 0 0
0 0 0
0 0 0
0 0 0
0 0 0
0 0 0
0 0 0
0 0 0
0 0 0
0 0 0
0 0 0
0 0 0
0 0 0
0 0 0
0 0 0
0 0 0
0 0 0
0 0 0
0 0 0
0 0 0
0 0 0
0 0 0
0 0 0
0 0 0
0 0 0
0 0 0
0 0 0
0 0 0
0 0 0
0 0 0
0 0 0
0 0 0
0 0 0
0 0 0
0 0 0
0 0 0
0 0 0
0 0 0
0 0 0
