1
567 127 183
554 119 272
541 114 312
529 108 352
509 101 408
502 100 427
481 98 468
470 98 482
449 100 509
423 108 576
412 113 650
407 119 715
405 122 747
402 130 793
402 134 848
403 150 907
406 160 1119
433 175 1732
477 188 1759
513 197 1783
549 211 1825
585 241 1606
610 278 1910
628 305 1937
637 325 1971
637 347 2024
626 373 2076
606 389 2120
588 457 1543
582 400 2177
541 394 2232
495 376 2286
428 416 1648
618 112 137
608 110 189
589 108 222
568 103 251
548 100 285
529 99 328
517 100 368
491 98 444
461 98 493
441 101 513
432 104 541
417 108 582
414 110 607
409 116 682
404 126 763
402 140 855
403 172 817
411 185 845
421 197 876
429 206 923
448 214 974
483 223 1011
539 233 1048
641 245 1103
675 252 1130
705 262 1175
729 284 1227
746 336 1291
735 385 1354
684 438 1431
496 452 1586
2
640 101 207
608 91 303
571 81 363
538 80 424
506 81 492
473 81 554
454 85 643
432 97 713
417 108 784
412 123 903
415 149 974
433 177 1028
459 214 1097
502 233 1166
566 258 1220
614 265 1260
662 275 1329
691 296 1406
720 342 1460
733 377 1515
736 406 1588
720 438 1669
670 470 1742
615 481 1807
554 470 1875
499 447 1943
445 399 2022
22 16 0
22 16 0
22 16 0
22 16 0
22 16 0
22 16 0
22 16 0
22 16 0
22 16 0
22 16 0
22 16 0
22 16 0
22 16 0
22 16 0
22 16 0
22 16 0
22 16 0
22 16 0
22 16 0
22 16 0
22 16 0
22 16 0
22 16 0
22 16 0
22 16 0
22 16 0
22 16 0
22 16 0
22 16 0
22 16 0
22 16 0
22 16 0
22 16 0
22 16 0
22 16 0
22 16 0
22 16 0
3
673 147 159
591 126 243
527 122 304
476 145 416
495 209 538
561 240 610
627 260 667
693 300 758
712 366 867
681 423 988
619 438 1104
519 410 1191
454 378 1275
74 44 0
74 44 0
74 44 0
74 44 0
74 44 0
74 44 0
74 44 0
74 44 0
74 44 0
74 44 0
74 44 0
74 44 0
74 44 0
74 44 0
74 44 0
74 44 0
74 44 0
74 44 0
74 44 0
74 44 0
74 44 0
74 44 0
74 44 0
74 44 0
74 44 0
74 44 0
74 44 0
74 44 0
74 44 0
74 44 0
74 44 0
74 44 0
74 44 0
74 44 0
74 44 0
74 44 0
74 44 0
74 44 0
74 44 0
74 44 0
74 44 0
74 44 0
74 44 0
74 44 0
74 44 0
74 44 0
74 44 0
74 44 0
74 44 0
74 44 0
74 44 0
4
651 125 176
567 103 292
481 121 434
460 173 552
498 241 649
558 280 762
643 307 876
696 352 979
713 407 1105
664 450 1253
594 457 1374
466 411 1491
44 18 0
44 18 0
44 18 0
44 18 0
44 18 0
44 18 0
44 18 0
44 18 0
44 18 0
44 18 0
44 18 0
44 18 0
44 18 0
44 18 0
44 18 0
44 18 0
44 18 0
44 18 0
44 18 0
44 18 0
44 18 0
44 18 0
44 18 0
44 18 0
44 18 0
44 18 0
44 18 0
44 18 0
44 18 0
44 18 0
44 18 0
44 18 0
44 18 0
44 18 0
44 18 0
44 18 0
44 18 0
44 18 0
44 18 0
44 18 0
44 18 0
44 18 0
44 18 0
44 18 0
44 18 0
44 18 0
44 18 0
44 18 0
44 18 0
44 18 0
44 18 0
44 18 0
5
628 122 172
533 86 291
431 107 463
471 178 625
576 206 722
665 238 824
724 311 959
712 418 1099
631 476 1240
496 441 1390
1 10 0
1 10 0
1 10 0
1 10 0
1 10 0
1 10 0
1 10 0
1 10 0
1 10 0
1 10 0
1 10 0
1 10 0
1 10 0
1 10 0
1 10 0
1 10 0
1 10 0
1 10 0
1 10 0
1 10 0
1 10 0
1 10 0
1 10 0
1 10 0
1 10 0
1 10 0
1 10 0
1 10 0
1 10 0
1 10 0
1 10 0
1 10 0
1 10 0
1 10 0
1 10 0
1 10 0
1 10 0
1 10 0
1 10 0
1 10 0
1 10 0
1 10 0
1 10 0
1 10 0
1 10 0
1 10 0
1 10 0
1 10 0
1 10 0
1 10 0
1 10 0
1 10 0
1 10 0
1 10 0
6
636 105 233
541 85 390
467 100 563
437 160 721
501 225 846
642 243 1000
718 305 1171
720 393 1320
607 471 1482
461 408 1637
36 -6 0
36 -6 0
36 -6 0
36 -6 0
36 -6 0
36 -6 0
36 -6 0
36 -6 0
36 -6 0
36 -6 0
36 -6 0
36 -6 0
36 -6 0
36 -6 0
36 -6 0
36 -6 0
36 -6 0
36 -6 0
36 -6 0
36 -6 0
36 -6 0
36 -6 0
36 -6 0
36 -6 0
36 -6 0
36 -6 0
36 -6 0
36 -6 0
36 -6 0
36 -6 0
36 -6 0
36 -6 0
36 -6 0
36 -6 0
36 -6 0
36 -6 0
36 -6 0
36 -6 0
36 -6 0
36 -6 0
36 -6 0
36 -6 0
36 -6 0
36 -6 0
36 -6 0
36 -6 0
36 -6 0
36 -6 0
36 -6 0
36 -6 0
36 -6 0
36 -6 0
36 -6 0
36 -6 0
7
673 121 227
579 95 377
485 121 597
477 199 859
544 241 1054
641 259 1229
698 310 1451
720 405 1718
609 459 1960
502 445 2108
419 371 2146
54 7 0
54 7 0
54 7 0
54 7 0
54 7 0
54 7 0
54 7 0
54 7 0
54 7 0
54 7 0
54 7 0
54 7 0
54 7 0
54 7 0
54 7 0
54 7 0
54 7 0
54 7 0
54 7 0
54 7 0
54 7 0
54 7 0
54 7 0
54 7 0
54 7 0
54 7 0
54 7 0
54 7 0
54 7 0
54 7 0
54 7 0
54 7 0
54 7 0
54 7 0
54 7 0
54 7 0
54 7 0
54 7 0
54 7 0
54 7 0
54 7 0
54 7 0
54 7 0
54 7 0
54 7 0
54 7 0
54 7 0
54 7 0
54 7 0
54 7 0
54 7 0
54 7 0
54 7 0
8
610 118 246
486 107 483
470 195 740
578 257 947
678 314 1151
671 422 1419
552 456 1656
454 385 1781
13 0 0
13 0 0
13 0 0
13 0 0
13 0 0
13 0 0
13 0 0
13 0 0
13 0 0
13 0 0
13 0 0
13 0 0
13 0 0
13 0 0
13 0 0
13 0 0
13 0 0
13 0 0
13 0 0
13 0 0
13 0 0
13 0 0
13 0 0
13 0 0
13 0 0
13 0 0
13 0 0
13 0 0
13 0 0
13 0 0
13 0 0
13 0 0
13 0 0
13 0 0
13 0 0
13 0 0
13 0 0
13 0 0
13 0 0
13 0 0
13 0 0
13 0 0
13 0 0
13 0 0
13 0 0
13 0 0
13 0 0
13 0 0
13 0 0
13 0 0
13 0 0
13 0 0
13 0 0
13 0 0
13 0 0
13 0 0
9
579 107 235
442 113 537
501 209 809
682 266 1008
730 369 1256
626 471 1483
488 425 1698
43 15 0
43 15 0
43 15 0
43 15 0
43 15 0
43 15 0
43 15 0
43 15 0
43 15 0
43 15 0
43 15 0
43 15 0
43 15 0
43 15 0
43 15 0
43 15 0
43 15 0
43 15 0
43 15 0
43 15 0
43 15 0
43 15 0
43 15 0
43 15 0
43 15 0
43 15 0
43 15 0
43 15 0
43 15 0
43 15 0
43 15 0
43 15 0
43 15 0
43 15 0
43 15 0
43 15 0
43 15 0
43 15 0
43 15 0
43 15 0
43 15 0
43 15 0
43 15 0
43 15 0
43 15 0
43 15 0
43 15 0
43 15 0
43 15 0
43 15 0
43 15 0
43 15 0
43 15 0
43 15 0
43 15 0
43 15 0
43 15 0
10
608 97 278
452 112 580
498 224 825
659 268 1056
707 393 1346
586 468 1614
458 399 1787
44 -8 0
44 -8 0
44 -8 0
44 -8 0
44 -8 0
44 -8 0
44 -8 0
44 -8 0
44 -8 0
44 -8 0
44 -8 0
44 -8 0
44 -8 0
44 -8 0
44 -8 0
44 -8 0
44 -8 0
44 -8 0
44 -8 0
44 -8 0
44 -8 0
44 -8 0
44 -8 0
44 -8 0
44 -8 0
44 -8 0
44 -8 0
44 -8 0
44 -8 0
44 -8 0
44 -8 0
44 -8 0
44 -8 0
44 -8 0
44 -8 0
44 -8 0
44 -8 0
44 -8 0
44 -8 0
44 -8 0
44 -8 0
44 -8 0
44 -8 0
44 -8 0
44 -8 0
44 -8 0
44 -8 0
44 -8 0
44 -8 0
44 -8 0
44 -8 0
44 -8 0
44 -8 0
44 -8 0
44 -8 0
44 -8 0
44 -8 0
11
612 127 295
474 115 619
447 237 895
591 266 1148
706 380 1435
543 435 1752
9 28 0
9 28 0
9 28 0
9 28 0
9 28 0
9 28 0
9 28 0
9 28 0
9 28 0
9 28 0
9 28 0
9 28 0
9 28 0
9 28 0
9 28 0
9 28 0
9 28 0
9 28 0
9 28 0
9 28 0
9 28 0
9 28 0
9 28 0
9 28 0
9 28 0
9 28 0
9 28 0
9 28 0
9 28 0
9 28 0
9 28 0
9 28 0
9 28 0
9 28 0
9 28 0
9 28 0
9 28 0
9 28 0
9 28 0
9 28 0
9 28 0
9 28 0
9 28 0
9 28 0
9 28 0
9 28 0
9 28 0
9 28 0
9 28 0
9 28 0
9 28 0
9 28 0
9 28 0
9 28 0
9 28 0
9 28 0
9 28 0
9 28 0
12
565 92 285
448 169 620
697 370 1058
537 456 1408
-17 8 0
-17 8 0
-17 8 0
-17 8 0
-17 8 0
-17 8 0
-17 8 0
-17 8 0
-17 8 0
-17 8 0
-17 8 0
-17 8 0
-17 8 0
-17 8 0
-17 8 0
-17 8 0
-17 8 0
-17 8 0
-17 8 0
-17 8 0
-17 8 0
-17 8 0
-17 8 0
-17 8 0
-17 8 0
-17 8 0
-17 8 0
-17 8 0
-17 8 0
-17 8 0
-17 8 0
-17 8 0
-17 8 0
-17 8 0
-17 8 0
-17 8 0
-17 8 0
-17 8 0
-17 8 0
-17 8 0
-17 8 0
-17 8 0
-17 8 0
-17 8 0
-17 8 0
-17 8 0
-17 8 0
-17 8 0
-17 8 0
-17 8 0
-17 8 0
-17 8 0
-17 8 0
-17 8 0
-17 8 0
-17 8 0
-17 8 0
-17 8 0
-17 8 0
-17 8 0
13
599 120 377
444 128 777
493 234 1089
697 377 1419
527 423 1782
-6 0 0
-6 0 0
-6 0 0
-6 0 0
-6 0 0
-6 0 0
-6 0 0
-6 0 0
-6 0 0
-6 0 0
-6 0 0
-6 0 0
-6 0 0
-6 0 0
-6 0 0
-6 0 0
-6 0 0
-6 0 0
-6 0 0
-6 0 0
-6 0 0
-6 0 0
-6 0 0
-6 0 0
-6 0 0
-6 0 0
-6 0 0
-6 0 0
-6 0 0
-6 0 0
-6 0 0
-6 0 0
-6 0 0
-6 0 0
-6 0 0
-6 0 0
-6 0 0
-6 0 0
-6 0 0
-6 0 0
-6 0 0
-6 0 0
-6 0 0
-6 0 0
-6 0 0
-6 0 0
-6 0 0
-6 0 0
-6 0 0
-6 0 0
-6 0 0
-6 0 0
-6 0 0
-6 0 0
-6 0 0
-6 0 0
-6 0 0
-6 0 0
-6 0 0
14
601 141 357
439 161 747
707 356 1238
498 382 1415
-28 19 0
-28 19 0
-28 19 0
-28 19 0
-28 19 0
-28 19 0
-28 19 0
-28 19 0
-28 19 0
-28 19 0
-28 19 0
-28 19 0
-28 19 0
-28 19 0
-28 19 0
-28 19 0
-28 19 0
-28 19 0
-28 19 0
-28 19 0
-28 19 0
-28 19 0
-28 19 0
-28 19 0
-28 19 0
-28 19 0
-28 19 0
-28 19 0
-28 19 0
-28 19 0
-28 19 0
-28 19 0
-28 19 0
-28 19 0
-28 19 0
-28 19 0
-28 19 0
-28 19 0
-28 19 0
-28 19 0
-28 19 0
-28 19 0
-28 19 0
-28 19 0
-28 19 0
-28 19 0
-28 19 0
-28 19 0
-28 19 0
-28 19 0
-28 19 0
-28 19 0
-28 19 0
-28 19 0
-28 19 0
-28 19 0
-28 19 0
-28 19 0
-28 19 0
-28 19 0
15
657 103 351
483 154 733
683 380 1182
486 426 1512
29 5 0
29 5 0
29 5 0
29 5 0
29 5 0
29 5 0
29 5 0
29 5 0
29 5 0
29 5 0
29 5 0
29 5 0
29 5 0
29 5 0
29 5 0
29 5 0
29 5 0
29 5 0
29 5 0
29 5 0
29 5 0
29 5 0
29 5 0
29 5 0
29 5 0
29 5 0
29 5 0
29 5 0
29 5 0
29 5 0
29 5 0
29 5 0
29 5 0
29 5 0
29 5 0
29 5 0
29 5 0
29 5 0
29 5 0
29 5 0
29 5 0
29 5 0
29 5 0
29 5 0
29 5 0
29 5 0
29 5 0
29 5 0
29 5 0
29 5 0
29 5 0
29 5 0
29 5 0
29 5 0
29 5 0
29 5 0
29 5 0
29 5 0
29 5 0
29 5 0
16
635 169 529
431 205 735
679 424 1215
53 39 0
53 39 0
53 39 0
53 39 0
53 39 0
53 39 0
53 39 0
53 39 0
53 39 0
53 39 0
53 39 0
53 39 0
53 39 0
53 39 0
53 39 0
53 39 0
53 39 0
53 39 0
53 39 0
53 39 0
53 39 0
53 39 0
53 39 0
53 39 0
53 39 0
53 39 0
53 39 0
53 39 0
53 39 0
53 39 0
53 39 0
53 39 0
53 39 0
53 39 0
53 39 0
53 39 0
53 39 0
53 39 0
53 39 0
53 39 0
53 39 0
53 39 0
53 39 0
53 39 0
53 39 0
53 39 0
53 39 0
53 39 0
53 39 0
53 39 0
53 39 0
53 39 0
53 39 0
53 39 0
53 39 0
53 39 0
53 39 0
53 39 0
53 39 0
53 39 0
53 39 0
17
582 131 359
447 261 952
678 385 1192
29 41 0
29 41 0
29 41 0
29 41 0
29 41 0
29 41 0
29 41 0
29 41 0
29 41 0
29 41 0
29 41 0
29 41 0
29 41 0
29 41 0
29 41 0
29 41 0
29 41 0
29 41 0
29 41 0
29 41 0
29 41 0
29 41 0
29 41 0
29 41 0
29 41 0
29 41 0
29 41 0
29 41 0
29 41 0
29 41 0
29 41 0
29 41 0
29 41 0
29 41 0
29 41 0
29 41 0
29 41 0
29 41 0
29 41 0
29 41 0
29 41 0
29 41 0
29 41 0
29 41 0
29 41 0
29 41 0
29 41 0
29 41 0
29 41 0
29 41 0
29 41 0
29 41 0
29 41 0
29 41 0
29 41 0
29 41 0
29 41 0
29 41 0
29 41 0
29 41 0
29 41 0
18
582 107 391
478 159 879
610 377 1460
20 21 0
20 21 0
20 21 0
20 21 0
20 21 0
20 21 0
20 21 0
20 21 0
20 21 0
20 21 0
20 21 0
20 21 0
20 21 0
20 21 0
20 21 0
20 21 0
20 21 0
20 21 0
20 21 0
20 21 0
20 21 0
20 21 0
20 21 0
20 21 0
20 21 0
20 21 0
20 21 0
20 21 0
20 21 0
20 21 0
20 21 0
20 21 0
20 21 0
20 21 0
20 21 0
20 21 0
20 21 0
20 21 0
20 21 0
20 21 0
20 21 0
20 21 0
20 21 0
20 21 0
20 21 0
20 21 0
20 21 0
20 21 0
20 21 0
20 21 0
20 21 0
20 21 0
20 21 0
20 21 0
20 21 0
20 21 0
20 21 0
20 21 0
20 21 0
20 21 0
20 21 0
19
541 149 380
688 371 949
497 372 1077
12 53 0
12 53 0
12 53 0
12 53 0
12 53 0
12 53 0
12 53 0
12 53 0
12 53 0
12 53 0
12 53 0
12 53 0
12 53 0
12 53 0
12 53 0
12 53 0
12 53 0
12 53 0
12 53 0
12 53 0
12 53 0
12 53 0
12 53 0
12 53 0
12 53 0
12 53 0
12 53 0
12 53 0
12 53 0
12 53 0
12 53 0
12 53 0
12 53 0
12 53 0
12 53 0
12 53 0
12 53 0
12 53 0
12 53 0
12 53 0
12 53 0
12 53 0
12 53 0
12 53 0
12 53 0
12 53 0
12 53 0
12 53 0
12 53 0
12 53 0
12 53 0
12 53 0
12 53 0
12 53 0
12 53 0
12 53 0
12 53 0
12 53 0
12 53 0
12 53 0
12 53 0
20
518 153 471
618 394 1105
-53 39 0
-53 39 0
-53 39 0
-53 39 0
-53 39 0
-53 39 0
-53 39 0
-53 39 0
-53 39 0
-53 39 0
-53 39 0
-53 39 0
-53 39 0
-53 39 0
-53 39 0
-53 39 0
-53 39 0
-53 39 0
-53 39 0
-53 39 0
-53 39 0
-53 39 0
-53 39 0
-53 39 0
-53 39 0
-53 39 0
-53 39 0
-53 39 0
-53 39 0
-53 39 0
-53 39 0
-53 39 0
-53 39 0
-53 39 0
-53 39 0
-53 39 0
-53 39 0
-53 39 0
-53 39 0
-53 39 0
-53 39 0
-53 39 0
-53 39 0
-53 39 0
-53 39 0
-53 39 0
-53 39 0
-53 39 0
-53 39 0
-53 39 0
-53 39 0
-53 39 0
-53 39 0
-53 39 0
-53 39 0
-53 39 0
-53 39 0
-53 39 0
-53 39 0
-53 39 0
-53 39 0
-53 39 0
21
448 172 543
683 259 932
470 368 1257
-46 81 0
-46 81 0
-46 81 0
-46 81 0
-46 81 0
-46 81 0
-46 81 0
-46 81 0
-46 81 0
-46 81 0
-46 81 0
-46 81 0
-46 81 0
-46 81 0
-46 81 0
-46 81 0
-46 81 0
-46 81 0
-46 81 0
-46 81 0
-46 81 0
-46 81 0
-46 81 0
-46 81 0
-46 81 0
-46 81 0
-46 81 0
-46 81 0
-46 81 0
-46 81 0
-46 81 0
-46 81 0
-46 81 0
-46 81 0
-46 81 0
-46 81 0
-46 81 0
-46 81 0
-46 81 0
-46 81 0
-46 81 0
-46 81 0
-46 81 0
-46 81 0
-46 81 0
-46 81 0
-46 81 0
-46 81 0
-46 81 0
-46 81 0
-46 81 0
-46 81 0
-46 81 0
-46 81 0
-46 81 0
-46 81 0
-46 81 0
-46 81 0
-46 81 0
-46 81 0
-46 81 0
22
579 77 462
647 374 1069
39 -49 0
39 -49 0
39 -49 0
39 -49 0
39 -49 0
39 -49 0
39 -49 0
39 -49 0
39 -49 0
39 -49 0
39 -49 0
39 -49 0
39 -49 0
39 -49 0
39 -49 0
39 -49 0
39 -49 0
39 -49 0
39 -49 0
39 -49 0
39 -49 0
39 -49 0
39 -49 0
39 -49 0
39 -49 0
39 -49 0
39 -49 0
39 -49 0
39 -49 0
39 -49 0
39 -49 0
39 -49 0
39 -49 0
39 -49 0
39 -49 0
39 -49 0
39 -49 0
39 -49 0
39 -49 0
39 -49 0
39 -49 0
39 -49 0
39 -49 0
39 -49 0
39 -49 0
39 -49 0
39 -49 0
39 -49 0
39 -49 0
39 -49 0
39 -49 0
39 -49 0
39 -49 0
39 -49 0
39 -49 0
39 -49 0
39 -49 0
39 -49 0
39 -49 0
39 -49 0
39 -49 0
39 -49 0
23
551 138 542
518 315 1354
665 378 1408
19 22 0
19 22 0
19 22 0
19 22 0
19 22 0
19 22 0
19 22 0
19 22 0
19 22 0
19 22 0
19 22 0
19 22 0
19 22 0
19 22 0
19 22 0
19 22 0
19 22 0
19 22 0
19 22 0
19 22 0
19 22 0
19 22 0
19 22 0
19 22 0
19 22 0
19 22 0
19 22 0
19 22 0
19 22 0
19 22 0
19 22 0
19 22 0
19 22 0
19 22 0
19 22 0
19 22 0
19 22 0
19 22 0
19 22 0
19 22 0
19 22 0
19 22 0
19 22 0
19 22 0
19 22 0
19 22 0
19 22 0
19 22 0
19 22 0
19 22 0
19 22 0
19 22 0
19 22 0
19 22 0
19 22 0
19 22 0
19 22 0
19 22 0
19 22 0
19 22 0
19 22 0
24
537 159 545
547 290 1462
638 382 1914
1 13 0
1 13 0
1 13 0
1 13 0
1 13 0
1 13 0
1 13 0
1 13 0
1 13 0
1 13 0
1 13 0
1 13 0
1 13 0
1 13 0
1 13 0
1 13 0
1 13 0
1 13 0
1 13 0
1 13 0
1 13 0
1 13 0
1 13 0
1 13 0
1 13 0
1 13 0
1 13 0
1 13 0
1 13 0
1 13 0
1 13 0
1 13 0
1 13 0
1 13 0
1 13 0
1 13 0
1 13 0
1 13 0
1 13 0
1 13 0
1 13 0
1 13 0
1 13 0
1 13 0
1 13 0
1 13 0
1 13 0
1 13 0
1 13 0
1 13 0
1 13 0
1 13 0
1 13 0
1 13 0
1 13 0
1 13 0
1 13 0
1 13 0
1 13 0
1 13 0
1 13 0
25
523 182 576
648 347 1313
521 398 1689
-10 33 0
-10 33 0
-10 33 0
-10 33 0
-10 33 0
-10 33 0
-10 33 0
-10 33 0
-10 33 0
-10 33 0
-10 33 0
-10 33 0
-10 33 0
-10 33 0
-10 33 0
-10 33 0
-10 33 0
-10 33 0
-10 33 0
-10 33 0
-10 33 0
-10 33 0
-10 33 0
-10 33 0
-10 33 0
-10 33 0
-10 33 0
-10 33 0
-10 33 0
-10 33 0
-10 33 0
-10 33 0
-10 33 0
-10 33 0
-10 33 0
-10 33 0
-10 33 0
-10 33 0
-10 33 0
-10 33 0
-10 33 0
-10 33 0
-10 33 0
-10 33 0
-10 33 0
-10 33 0
-10 33 0
-10 33 0
-10 33 0
-10 33 0
-10 33 0
-10 33 0
-10 33 0
-10 33 0
-10 33 0
-10 33 0
-10 33 0
-10 33 0
-10 33 0
-10 33 0
-10 33 0
26
523 182 606
638 386 1347
19 28 0
19 28 0
19 28 0
19 28 0
19 28 0
19 28 0
19 28 0
19 28 0
19 28 0
19 28 0
19 28 0
19 28 0
19 28 0
19 28 0
19 28 0
19 28 0
19 28 0
19 28 0
19 28 0
19 28 0
19 28 0
19 28 0
19 28 0
19 28 0
19 28 0
19 28 0
19 28 0
19 28 0
19 28 0
19 28 0
19 28 0
19 28 0
19 28 0
19 28 0
19 28 0
19 28 0
19 28 0
19 28 0
19 28 0
19 28 0
19 28 0
19 28 0
19 28 0
19 28 0
19 28 0
19 28 0
19 28 0
19 28 0
19 28 0
19 28 0
19 28 0
19 28 0
19 28 0
19 28 0
19 28 0
19 28 0
19 28 0
19 28 0
19 28 0
19 28 0
19 28 0
19 28 0
27
535 173 686
653 349 1509
535 408 1916
-15 28 0
-15 28 0
-15 28 0
-15 28 0
-15 28 0
-15 28 0
-15 28 0
-15 28 0
-15 28 0
-15 28 0
-15 28 0
-15 28 0
-15 28 0
-15 28 0
-15 28 0
-15 28 0
-15 28 0
-15 28 0
-15 28 0
-15 28 0
-15 28 0
-15 28 0
-15 28 0
-15 28 0
-15 28 0
-15 28 0
-15 28 0
-15 28 0
-15 28 0
-15 28 0
-15 28 0
-15 28 0
-15 28 0
-15 28 0
-15 28 0
-15 28 0
-15 28 0
-15 28 0
-15 28 0
-15 28 0
-15 28 0
-15 28 0
-15 28 0
-15 28 0
-15 28 0
-15 28 0
-15 28 0
-15 28 0
-15 28 0
-15 28 0
-15 28 0
-15 28 0
-15 28 0
-15 28 0
-15 28 0
-15 28 0
-15 28 0
-15 28 0
-15 28 0
-15 28 0
-15 28 0
28
546 129 546
667 380 1568
470 297 1384
5 50 0
5 50 0
5 50 0
5 50 0
5 50 0
5 50 0
5 50 0
5 50 0
5 50 0
5 50 0
5 50 0
5 50 0
5 50 0
5 50 0
5 50 0
5 50 0
5 50 0
5 50 0
5 50 0
5 50 0
5 50 0
5 50 0
5 50 0
5 50 0
5 50 0
5 50 0
5 50 0
5 50 0
5 50 0
5 50 0
5 50 0
5 50 0
5 50 0
5 50 0
5 50 0
5 50 0
5 50 0
5 50 0
5 50 0
5 50 0
5 50 0
5 50 0
5 50 0
5 50 0
5 50 0
5 50 0
5 50 0
5 50 0
5 50 0
5 50 0
5 50 0
5 50 0
5 50 0
5 50 0
5 50 0
5 50 0
5 50 0
5 50 0
5 50 0
5 50 0
5 50 0
29
514 170 507
637 372 1292
-36 44 0
-36 44 0
-36 44 0
-36 44 0
-36 44 0
-36 44 0
-36 44 0
-36 44 0
-36 44 0
-36 44 0
-36 44 0
-36 44 0
-36 44 0
-36 44 0
-36 44 0
-36 44 0
-36 44 0
-36 44 0
-36 44 0
-36 44 0
-36 44 0
-36 44 0
-36 44 0
-36 44 0
-36 44 0
-36 44 0
-36 44 0
-36 44 0
-36 44 0
-36 44 0
-36 44 0
-36 44 0
-36 44 0
-36 44 0
-36 44 0
-36 44 0
-36 44 0
-36 44 0
-36 44 0
-36 44 0
-36 44 0
-36 44 0
-36 44 0
-36 44 0
-36 44 0
-36 44 0
-36 44 0
-36 44 0
-36 44 0
-36 44 0
-36 44 0
-36 44 0
-36 44 0
-36 44 0
-36 44 0
-36 44 0
-36 44 0
-36 44 0
-36 44 0
-36 44 0
-36 44 0
-36 44 0
30
506 166 575
629 373 1366
-43 3 0
-43 3 0
-43 3 0
-43 3 0
-43 3 0
-43 3 0
-43 3 0
-43 3 0
-43 3 0
-43 3 0
-43 3 0
-43 3 0
-43 3 0
-43 3 0
-43 3 0
-43 3 0
-43 3 0
-43 3 0
-43 3 0
-43 3 0
-43 3 0
-43 3 0
-43 3 0
-43 3 0
-43 3 0
-43 3 0
-43 3 0
-43 3 0
-43 3 0
-43 3 0
-43 3 0
-43 3 0
-43 3 0
-43 3 0
-43 3 0
-43 3 0
-43 3 0
-43 3 0
-43 3 0
-43 3 0
-43 3 0
-43 3 0
-43 3 0
-43 3 0
-43 3 0
-43 3 0
-43 3 0
-43 3 0
-43 3 0
-43 3 0
-43 3 0
-43 3 0
-43 3 0
-43 3 0
-43 3 0
-43 3 0
-43 3 0
-43 3 0
-43 3 0
-43 3 0
-43 3 0
-43 3 0
