624 97 0
624 96 16
624 95 31
624 94 47
624 93 63
623 93 78
622 92 94
622 92 110
621 91 110
620 90 125
618 89 141
615 89 141
613 88 141
606 86 156
601 85 172
598 85 172
597 85 188
595 85 203
595 85 219
595 84 219
594 84 235
594 83 235
591 83 250
589 83 250
586 83 266
584 83 266
579 83 281
577 83 281
573 84 297
567 85 297
562 87 313
561 87 313
557 88 313
555 89 328
553 89 328
551 90 328
547 90 344
546 90 344
543 91 344
542 92 344
540 93 360
537 93 360
535 94 375
531 96 375
530 97 375
527 99 391
525 100 391
522 102 406
519 103 406
516 104 406
514 105 422
510 109 422
509 110 422
506 113 438
505 115 438
502 119 453
502 120 453
499 123 453
498 124 469
497 126 469
496 127 469
495 129 485
494 131 485
494 133 485
493 136 500
493 137 500
493 138 500
492 140 500
492 141 516
492 143 516
492 145 516
492 147 531
492 148 531
492 151 531
492 155 547
492 156 547
492 160 547
493 161 563
494 163 563
494 165 563
494 167 578
496 171 578
497 173 578
498 177 594
499 179 594
500 181 594
502 185 610
504 186 610
506 189 625
508 191 625
510 193 625
512 195 625
514 197 641
516 200 641
518 201 641
520 203 656
522 204 656
525 205 656
529 208 656
531 210 672
536 213 672
538 216 688
542 217 688
543 217 688
549 218 688
552 219 703
557 221 703
560 221 719
562 221 719
566 221 719
567 223 719
570 224 719
572 224 735
574 225 735
577 225 735
579 226 750
582 227 750
589 229 750
591 230 766
595 231 766
598 233 766
603 234 766
606 237 781
610 238 781
613 240 781
619 242 797
622 243 797
628 246 797
630 248 813
632 249 813
634 251 813
636 253 828
639 254 828
642 255 828
645 258 828
653 262 844
655 265 844
658 266 844
659 269 860
660 271 860
662 273 860
663 275 860
666 278 875
670 281 875
674 285 875
679 290 891
690 301 891
695 306 891
702 313 906
705 317 906
709 322 906
712 327 906
714 332 922
716 335 922
719 340 922
721 343 922
723 345 938
726 352 938
726 355 938
727 357 953
728 361 953
728 364 953
728 367 969
728 374 969
728 376 969
727 379 969
726 382 985
724 385 985
720 389 985
718 390 1000
715 393 1000
713 394 1000
709 397 1016
706 399 1016
702 401 1016
698 404 1016
687 409 1031
682 411 1031
672 416 1031
666 417 1047
661 419 1047
654 421 1047
650 422 1063
640 425 1063
630 427 1078
626 428 1078
622 429 1078
618 429 1078
614 430 1094
610 430 1094
606 431 1094
602 432 1110
595 433 1110
592 433 1110
588 433 1110
585 433 1125
581 433 1125
578 433 1125
574 431 1141
569 429 1141
566 428 1141
564 426 1141
562 425 1156
558 423 1156
555 420 1156
551 417 1156
546 413 1172
543 410 1172
538 408 1172
535 405 1188
527 401 1188
523 398 1188
520 397 1203
517 394 1203
514 393 1203
511 391 1203
509 389 1203
506 388 1219
503 385 1219
502 384 1219
498 382 1235
495 381 1235
490 377 1235
486 374 1250
482 373 1250
479 369 1250
477 368 1250
474 366 1266
472 365 1266
471 363 1266
468 360 1281
466 358 1281
463 354 1281
462 353 1297
461 351 1297
459 349 1297
458 346 1297
457 344 1313
456 341 1313
455 340 1313
454 338 1328
454 336 1328
454 334 1328
454 333 1328
454 329 1344
453 328 1344
453 325 1344
452 324 1344
451 322 1360
450 317 1360
450 317 1375
450 311 1375
450 309 1375
449 305 1391
449 304 1391
449 302 1391
450 300 1391
450 297 1406
452 297 1406
455 293 1422
457 291 1422
458 289 1422
460 289 1422
462 287 1438
465 285 1438
466 284 1438
467 282 1438
470 280 1453
474 277 1453
476 276 1453
479 275 1469
484 272 1469
486 270 1485
488 269 1485
490 267 1485
497 264 1485
499 261 1500
502 261 1500
507 257 1500
510 256 1516
514 253 1516
515 252 1531
518 250 1531
519 249 1531
522 247 1531
523 246 1547
524 245 1547
526 245 1547
526 245 1563
528 243 1563
529 242 1578
530 241 1578
530 241 1578
531 240 1594
533 239 1594
533 237 1610
534 237 1610
534 236 1610
536 234 1610
537 233 1610
537 232 1625
538 230 1625
539 228 1625
540 226 1625
542 223 1641
543 221 1641
544 220 1656
546 219 1656
546 217 1656
548 216 1656
549 214 1672
550 212 1672
552 210 1672
553 209 1688
554 209 1688
554 208 1688
555 207 1688
556 207 1703
557 205 1703
558 204 1703
558 202 1703
559 202 1719
559 201 1719
560 200 1719
561 200 1719
561 198 1735
562 197 1735
564 195 1735
564 194 1750
565 193 1750
566 193 1750
566 192 1750
567 190 1766
568 189 1766
569 188 1766
570 187 1781
570 185 1781
572 185 1781
573 183 1781
574 181 1797
575 178 1797
576 177 1797
577 175 1813
578 174 1813
579 171 1813
580 170 1828
581 169 1828
582 169 1828
582 168 1828
582 167 1844
583 166 1844
584 165 1844
585 165 1860
585 164 1860
586 163 1860
586 162 1860
586 161 1875
587 161 1875
587 160 1891
589 158 1891
590 158 1891
591 157 1906
592 156 1906
593 155 1922
594 153 1922
594 153 1922
594 151 1922
594 149 1922
595 149 1938
596 146 1938
597 146 1938
597 145 1953
598 144 1953
598 144 1953
598 143 1969
599 141 1969
600 140 1969
601 138 1969
601 137 1985
602 133 1985
602 133 1985
602 131 2000
603 129 2000
603 129 2016
603 128 2016
603 127 2016
604 126 2031
604 125 2031
604 124 2031
604 122 2047
605 121 2047
605 121 2047
605 120 2063
605 119 2063
606 118 2063
606 117 2078
606 117 2078
606 117 2078
606 115 2094
606 114 2094
607 113 2094
607 113 2110
608 112 2110
608 111 2110
609 111 2125
610 110 2125
610 109 2125
610 109 2141
611 108 2141
611 107 2156
612 106 2156
613 106 2156
613 105 2172
613 105 2172
614 104 2172
614 102 2172
614 102 2172
614 101 2188
615 101 2188
615 100 2203
615 99 2203
616 97 2203
617 97 2219
617 96 2219
618 95 2219
618 94 2235
618 94 2235
618 93 2250
619 93 2250
619 92 2282
619 91 2297
619 90 2297
620 90 2313
621 89 2313
621 89 2313
622 89 2328
622 88 2328
623 86 2344
623 85 2360
624 85 2375
624 85 2453
0 0 0
0 0 0
0 0 0
0 0 0
0 0 0
0 0 0
0 0 0
0 0 0
0 0 0
0 0 0
0 0 0
0 0 0
0 0 0
0 0 0
0 0 0
0 0 0
0 0 0
0 0 0
0 0 0
0 0 0
0 0 0
0 0 0
0 0 0
0 0 0
0 0 0
0 0 0
0 0 0
0 0 0
0 0 0
0 0 0
0 0 0
0 0 0
0 0 0
0 0 0
0 0 0
0 0 0
0 0 0
0 0 0
0 0 0
0 0 0
0 0 0
0 0 0
0 0 0
0 0 0
0 0 0
0 0 0
0 0 0
0 0 0
0 0 0
0 0 0
0 0 0
0 0 0
0 0 0
0 0 0
0 0 0
0 0 0
0 0 0
0 0 0
0 0 0
0 0 0
0 0 0
0 0 0
0 0 0
0 0 0
0 0 0
0 0 0
0 0 0
0 0 0
0 0 0
0 0 0
0 0 0
0 0 0
0 0 0
0 0 0
0 0 0
0 0 0
0 0 0
0 0 0
0 0 0
0 0 0
0 0 0
0 0 0
0 0 0
0 0 0
0 0 0
0 0 0
0 0 0
0 0 0
0 0 0
0 0 0
0 0 0
0 0 0
0 0 0
0 0 0
0 0 0
0 0 0
0 0 0
0 0 0
0 0 0
0 0 0
0 0 0
0 0 0
0 0 0
0 0 0
0 0 0
0 0 0
0 0 0
0 0 0
0 0 0
0 0 0
0 0 0
0 0 0
0 0 0
0 0 0
0 0 0
0 0 0
0 0 0
0 0 0
0 0 0
0 0 0
0 0 0
0 0 0
0 0 0
0 0 0
0 0 0
0 0 0
0 0 0
0 0 0
0 0 0
0 0 0
0 0 0
0 0 0
0 0 0
0 0 0
0 0 0
0 0 0
0 0 0
0 0 0
0 0 0
0 0 0
0 0 0
0 0 0
0 0 0
0 0 0
0 0 0
0 0 0
0 0 0
0 0 0
0 0 0
0 0 0
0 0 0
0 0 0
0 0 0
0 0 0
0 0 0
0 0 0
0 0 0
0 0 0
0 0 0
0 0 0
0 0 0
0 0 0
0 0 0
0 0 0
0 0 0
0 0 0
0 0 0
0 0 0
0 0 0
0 0 0
0 0 0
0 0 0
0 0 0
0 0 0
0 0 0
0 0 0
0 0 0
0 0 0
0 0 0
0 0 0
0 0 0
0 0 0
0 0 0
0 0 0
0 0 0
0 0 0
0 0 0
0 0 0
0 0 0
0 0 0
0 0 0
0 0 0
0 0 0
0 0 0
0 0 0
0 0 0
0 0 0
0 0 0
0 0 0
0 0 0
0 0 0
0 0 0
0 0 0
0 0 0
0 0 0
0 0 0
0 0 0
0 0 0
0 0 0
0 0 0
0 0 0
0 0 0
0 0 0
0 0 0
0 0 0
0 0 0
0 0 0
0 0 0
0 0 0
0 0 0
0 0 0
0 0 0
0 0 0
0 0 0
0 0 0
0 0 0
0 0 0
0 0 0
0 0 0
0 0 0
0 0 0
0 0 0
0 0 0
0 0 0
0 0 0
0 0 0
0 0 0
0 0 0
0 0 0
0 0 0
0 0 0
0 0 0
0 0 0
0 0 0
0 0 0
0 0 0
0 0 0
0 0 0
0 0 0
0 0 0
0 0 0
0 0 0
0 0 0
0 0 0
0 0 0
0 0 0
0 0 0
0 0 0
0 0 0
0 0 0
0 0 0
0 0 0
0 0 0
0 0 0
0 0 0
0 0 0
0 0 0
0 0 0
0 0 0
0 0 0
0 0 0
0 0 0
0 0 0
0 0 0
0 0 0
0 0 0
0 0 0
0 0 0
0 0 0
0 0 0
0 0 0
0 0 0
0 0 0
0 0 0
0 0 0
0 0 0
0 0 0
0 0 0
0 0 0
0 0 0
0 0 0
0 0 0
0 0 0
0 0 0
0 0 0
0 0 0
0 0 0
0 0 0
0 0 0
0 0 0
0 0 0
0 0 0
0 0 0
0 0 0
0 0 0
0 0 0
0 0 0
0 0 0
0 0 0
0 0 0
0 0 0
0 0 0
0 0 0
0 0 0
0 0 0
0 0 0
0 0 0
0 0 0
0 0 0
0 0 0
0 0 0
0 0 0
0 0 0
0 0 0
0 0 0
0 0 0
0 0 0
0 0 0
0 0 0
0 0 0
0 0 0
0 0 0
0 0 0
0 0 0
0 0 0
0 0 0
0 0 0
0 0 0
0 0 0
0 0 0
0 0 0
0 0 0
0 0 0
0 0 0
0 0 0
0 0 0
0 0 0
0 0 0
0 0 0
0 0 0
0 0 0
0 0 0
0 0 0
0 0 0
0 0 0
0 0 0
0 0 0
0 0 0
0 0 0
0 0 0
0 0 0
0 0 0
0 0 0
0 0 0
0 0 0
0 0 0
0 0 0
0 0 0
0 0 0
0 0 0
0 0 0
0 0 0
0 0 0
0 0 0
0 0 0
0 0 0
0 0 0
0 0 0
0 0 0
0 0 0
0 0 0
0 0 0
0 0 0
0 0 0
0 0 0
0 0 0
0 0 0
0 0 0
0 0 0
0 0 0
0 0 0
0 0 0
0 0 0
0 0 0
0 0 0
0 0 0
0 0 0
0 0 0
0 0 0
0 0 0
0 0 0
0 0 0
0 0 0
0 0 0
0 0 0
0 0 0
0 0 0
0 0 0
0 0 0
0 0 0
0 0 0
0 0 0
0 0 0
0 0 0
0 0 0
0 0 0
0 0 0
0 0 0
0 0 0
0 0 0
0 0 0
0 0 0
0 0 0
0 0 0
0 0 0
0 0 0
0 0 0
0 0 0
0 0 0
0 0 0
0 0 0
0 0 0
0 0 0
0 0 0
0 0 0
0 0 0
0 0 0
0 0 0
0 0 0
0 0 0
0 0 0
0 0 0
0 0 0
0 0 0
0 0 0
0 0 0
0 0 0
0 0 0
0 0 0
0 0 0
0 0 0
0 0 0
0 0 0
0 0 0
0 0 0
0 0 0
0 0 0
0 0 0
0 0 0
0 0 0
0 0 0
0 0 0
0 0 0
0 0 0
0 0 0
0 0 0
0 0 0
0 0 0
