606 108 0
606 107 15
606 106 156
606 105 156
606 105 156
603 104 172
600 103 172
597 102 172
594 102 172
590 101 187
589 101 187
586 101 187
582 100 203
579 99 203
576 98 203
574 98 203
573 97 218
570 97 218
570 97 218
568 96 218
566 95 218
563 94 234
562 94 234
560 93 234
558 93 234
556 93 250
553 93 250
550 93 250
548 92 265
546 91 265
545 90 265
542 90 265
542 89 281
539 89 281
537 89 281
535 89 281
534 89 297
532 89 297
530 89 297
528 89 297
526 89 312
524 89 312
521 89 312
519 89 312
519 87 328
519 85 328
518 85 343
515 85 343
513 85 343
510 85 343
509 85 359
507 85 359
505 85 359
504 85 359
502 85 375
499 85 375
498 85 375
496 85 390
494 86 390
490 88 390
488 89 390
486 89 406
484 89 406
482 90 406
480 90 406
478 91 422
475 92 422
473 93 422
470 93 422
469 95 422
466 97 437
464 97 437
461 98 453
458 100 453
455 101 453
452 101 453
449 103 453
446 104 468
444 105 468
440 107 468
437 109 468
434 110 484
431 113 484
430 114 484
428 115 484
426 117 500
425 117 500
422 120 500
421 121 515
419 122 515
418 123 515
418 123 531
416 124 531
416 125 531
415 125 531
414 126 546
413 128 546
411 129 546
410 131 546
409 132 562
407 133 562
406 136 562
405 137 562
405 138 578
403 141 578
402 142 578
400 145 578
399 147 593
398 149 593
396 151 593
394 153 593
392 157 609
390 160 609
389 163 609
386 166 625
383 172 625
382 173 625
380 176 640
378 178 640
377 181 640
374 185 640
370 190 656
366 194 656
362 201 656
360 205 672
359 207 672
359 208 672
358 209 672
358 213 687
356 216 687
354 219 687
350 224 687
349 227 703
348 229 703
348 231 703
348 233 703
348 235 718
348 237 718
349 243 718
349 246 734
349 249 734
350 252 734
350 253 750
350 257 750
351 260 750
352 262 750
353 265 750
354 267 765
354 269 765
356 272 765
357 275 765
358 278 781
358 281 781
359 284 781
361 290 797
362 293 797
362 295 797
365 299 812
366 301 812
367 303 812
369 305 828
370 306 828
372 309 828
374 311 828
375 314 828
377 317 843
378 320 843
381 323 843
386 330 859
387 333 859
390 338 859
393 341 875
396 346 875
398 351 875
401 354 875
404 359 890
406 362 890
410 367 890
412 370 906
418 377 906
422 381 906
425 385 906
426 387 922
433 392 922
435 394 922
438 396 937
440 398 937
442 400 937
444 401 937
446 403 953
449 404 953
451 405 953
454 407 953
456 408 968
459 409 968
462 410 968
464 412 984
466 413 984
468 414 984
471 415 984
474 417 1000
476 417 1000
479 417 1000
481 419 1000
484 420 1015
493 424 1015
498 425 1031
506 427 1031
514 429 1046
518 429 1046
525 431 1046
528 431 1062
531 432 1062
535 432 1062
539 432 1062
546 432 1078
550 432 1078
553 432 1078
558 431 1093
561 430 1093
563 429 1093
569 427 1109
572 425 1109
574 425 1109
577 423 1125
579 422 1125
582 421 1125
587 419 1125
590 417 1140
595 414 1140
598 413 1140
602 412 1156
609 410 1156
614 409 1156
619 408 1172
623 407 1172
627 406 1172
630 405 1172
635 403 1172
639 402 1187
644 401 1187
648 400 1187
651 399 1187
654 398 1203
655 397 1203
656 397 1203
657 397 1218
658 397 1218
0 0 0
0 0 0
0 0 0
0 0 0
0 0 0
0 0 0
0 0 0
0 0 0
0 0 0
0 0 0
0 0 0
0 0 0
0 0 0
0 0 0
0 0 0
0 0 0
0 0 0
0 0 0
0 0 0
0 0 0
0 0 0
0 0 0
0 0 0
0 0 0
0 0 0
0 0 0
0 0 0
0 0 0
0 0 0
0 0 0
0 0 0
0 0 0
0 0 0
0 0 0
0 0 0
0 0 0
0 0 0
0 0 0
0 0 0
0 0 0
0 0 0
0 0 0
0 0 0
0 0 0
0 0 0
0 0 0
0 0 0
0 0 0
0 0 0
0 0 0
0 0 0
0 0 0
0 0 0
0 0 0
0 0 0
0 0 0
0 0 0
0 0 0
0 0 0
0 0 0
0 0 0
0 0 0
0 0 0
0 0 0
0 0 0
0 0 0
0 0 0
0 0 0
0 0 0
0 0 0
0 0 0
0 0 0
0 0 0
0 0 0
0 0 0
0 0 0
0 0 0
0 0 0
0 0 0
0 0 0
0 0 0
0 0 0
0 0 0
0 0 0
0 0 0
0 0 0
0 0 0
0 0 0
0 0 0
0 0 0
0 0 0
0 0 0
0 0 0
0 0 0
0 0 0
0 0 0
0 0 0
0 0 0
0 0 0
0 0 0
0 0 0
0 0 0
0 0 0
0 0 0
0 0 0
0 0 0
0 0 0
0 0 0
0 0 0
0 0 0
0 0 0
0 0 0
0 0 0
0 0 0
0 0 0
0 0 0
0 0 0
0 0 0
0 0 0
0 0 0
0 0 0
0 0 0
0 0 0
0 0 0
0 0 0
0 0 0
0 0 0
0 0 0
0 0 0
0 0 0
0 0 0
0 0 0
0 0 0
0 0 0
0 0 0
0 0 0
0 0 0
0 0 0
0 0 0
0 0 0
0 0 0
0 0 0
0 0 0
0 0 0
0 0 0
0 0 0
0 0 0
0 0 0
0 0 0
0 0 0
0 0 0
0 0 0
0 0 0
0 0 0
0 0 0
0 0 0
0 0 0
0 0 0
0 0 0
0 0 0
0 0 0
0 0 0
0 0 0
0 0 0
0 0 0
0 0 0
0 0 0
0 0 0
0 0 0
0 0 0
0 0 0
0 0 0
0 0 0
0 0 0
0 0 0
0 0 0
0 0 0
0 0 0
0 0 0
0 0 0
0 0 0
0 0 0
0 0 0
0 0 0
0 0 0
0 0 0
0 0 0
0 0 0
0 0 0
0 0 0
0 0 0
0 0 0
0 0 0
0 0 0
0 0 0
0 0 0
0 0 0
0 0 0
0 0 0
0 0 0
0 0 0
0 0 0
0 0 0
0 0 0
0 0 0
0 0 0
0 0 0
0 0 0
0 0 0
0 0 0
0 0 0
0 0 0
0 0 0
0 0 0
0 0 0
0 0 0
0 0 0
0 0 0
0 0 0
0 0 0
0 0 0
0 0 0
0 0 0
0 0 0
0 0 0
0 0 0
0 0 0
0 0 0
0 0 0
0 0 0
0 0 0
0 0 0
0 0 0
0 0 0
0 0 0
0 0 0
0 0 0
0 0 0
0 0 0
0 0 0
0 0 0
0 0 0
0 0 0
0 0 0
0 0 0
0 0 0
0 0 0
0 0 0
0 0 0
0 0 0
0 0 0
0 0 0
0 0 0
0 0 0
0 0 0
0 0 0
0 0 0
0 0 0
0 0 0
0 0 0
0 0 0
0 0 0
0 0 0
0 0 0
0 0 0
0 0 0
0 0 0
0 0 0
0 0 0
0 0 0
0 0 0
0 0 0
0 0 0
0 0 0
0 0 0
0 0 0
0 0 0
0 0 0
0 0 0
0 0 0
0 0 0
0 0 0
0 0 0
0 0 0
0 0 0
0 0 0
0 0 0
0 0 0
0 0 0
0 0 0
0 0 0
0 0 0
0 0 0
0 0 0
0 0 0
0 0 0
0 0 0
0 0 0
0 0 0
0 0 0
0 0 0
0 0 0
0 0 0
0 0 0
0 0 0
0 0 0
0 0 0
0 0 0
0 0 0
0 0 0
0 0 0
0 0 0
0 0 0
0 0 0
0 0 0
0 0 0
0 0 0
0 0 0
0 0 0
0 0 0
0 0 0
0 0 0
0 0 0
0 0 0
0 0 0
0 0 0
0 0 0
0 0 0
0 0 0
0 0 0
0 0 0
0 0 0
0 0 0
0 0 0
0 0 0
0 0 0
0 0 0
0 0 0
0 0 0
0 0 0
0 0 0
0 0 0
0 0 0
0 0 0
0 0 0
0 0 0
0 0 0
0 0 0
0 0 0
0 0 0
0 0 0
0 0 0
0 0 0
0 0 0
0 0 0
0 0 0
0 0 0
0 0 0
0 0 0
0 0 0
0 0 0
0 0 0
0 0 0
0 0 0
0 0 0
0 0 0
0 0 0
0 0 0
0 0 0
0 0 0
0 0 0
0 0 0
0 0 0
0 0 0
0 0 0
0 0 0
0 0 0
0 0 0
0 0 0
0 0 0
0 0 0
0 0 0
0 0 0
0 0 0
0 0 0
0 0 0
0 0 0
0 0 0
0 0 0
0 0 0
0 0 0
0 0 0
0 0 0
0 0 0
0 0 0
0 0 0
0 0 0
0 0 0
0 0 0
0 0 0
0 0 0
0 0 0
0 0 0
0 0 0
0 0 0
0 0 0
0 0 0
0 0 0
0 0 0
0 0 0
0 0 0
0 0 0
0 0 0
0 0 0
0 0 0
0 0 0
0 0 0
0 0 0
0 0 0
0 0 0
0 0 0
0 0 0
0 0 0
0 0 0
0 0 0
0 0 0
0 0 0
0 0 0
0 0 0
0 0 0
0 0 0
0 0 0
0 0 0
0 0 0
0 0 0
0 0 0
0 0 0
0 0 0
0 0 0
0 0 0
0 0 0
0 0 0
0 0 0
0 0 0
0 0 0
0 0 0
0 0 0
0 0 0
0 0 0
0 0 0
0 0 0
0 0 0
0 0 0
0 0 0
0 0 0
0 0 0
0 0 0
0 0 0
0 0 0
0 0 0
0 0 0
0 0 0
0 0 0
0 0 0
0 0 0
0 0 0
0 0 0
0 0 0
0 0 0
0 0 0
0 0 0
0 0 0
0 0 0
0 0 0
0 0 0
0 0 0
0 0 0
0 0 0
0 0 0
0 0 0
0 0 0
0 0 0
0 0 0
0 0 0
0 0 0
0 0 0
0 0 0
0 0 0
0 0 0
0 0 0
0 0 0
0 0 0
0 0 0
0 0 0
0 0 0
0 0 0
0 0 0
0 0 0
0 0 0
0 0 0
0 0 0
0 0 0
0 0 0
0 0 0
0 0 0
0 0 0
0 0 0
0 0 0
0 0 0
0 0 0
0 0 0
0 0 0
0 0 0
0 0 0
0 0 0
0 0 0
0 0 0
0 0 0
0 0 0
0 0 0
0 0 0
0 0 0
0 0 0
0 0 0
0 0 0
0 0 0
0 0 0
0 0 0
0 0 0
0 0 0
0 0 0
0 0 0
0 0 0
0 0 0
0 0 0
0 0 0
0 0 0
