10
678 92 1617
668 88 633
645 82 208
609 80 234
566 80 254
527 83 281
495 93 309
470 107 336
448 123 359
426 141 386
396 168 414
374 198 445
353 234 472
347 267 500
350 289 519
361 314 539
366 336 551
371 355 570
377 372 586
391 392 601
416 423 625
439 447 648
455 462 668
465 471 691
474 476 707
485 480 728
503 482 744
536 483 769
574 483 789
607 483 805
639 483 832
657 482 852
677 479 871
691 474 894
703 471 914
720 466 934
734 460 953
748 450 980
754 443 1004
764 429 1023
773 407 1047
780 378 1059
784 341 1078
791 310 1097
796 291 1121
800 276 1137
803 256 1160
801 240 1181
798 226 1208
795 216 1225
793 207 1250
791 198 1265
786 185 1289
782 176 1302
775 164 1322
768 154 1347
760 143 1372
753 135 1401
743 124 1437
731 113 1508
718 107 1584
706 104 1669
694 101 1741
684 96 1473
