674 115 0
674 115 16
673 115 47
672 115 63
671 115 63
671 114 63
670 114 78
670 113 78
668 113 94
668 112 110
667 112 110
666 111 125
663 110 141
662 110 141
659 110 141
656 109 156
654 109 156
653 109 172
648 107 172
647 107 172
643 105 188
642 105 188
637 105 188
635 105 203
630 105 203
629 105 219
625 104 219
623 104 219
622 104 235
620 103 235
619 103 235
617 102 235
615 102 235
614 102 250
611 102 250
609 102 250
608 102 266
606 102 266
602 102 266
600 102 281
599 102 281
596 102 281
595 102 297
594 102 297
593 102 297
592 102 297
590 102 313
590 102 313
588 103 313
586 104 328
585 105 328
584 105 328
582 105 328
578 106 344
576 106 344
574 107 344
572 108 344
570 108 360
567 109 360
565 109 360
563 109 375
557 111 375
554 112 375
548 113 391
546 114 391
538 116 391
532 117 406
527 119 406
524 120 406
521 121 422
516 123 422
514 124 422
511 124 438
508 125 438
504 126 438
502 127 453
499 129 453
497 130 453
494 132 453
494 133 469
489 135 469
486 137 469
484 139 485
478 143 485
475 145 485
472 146 500
470 149 500
467 150 500
466 153 516
462 154 516
461 156 516
458 157 516
454 160 531
452 161 531
449 164 531
447 165 547
446 166 547
443 170 547
442 173 563
441 175 563
440 177 563
438 178 578
437 181 578
436 182 578
434 184 578
431 188 594
430 190 594
429 192 594
426 196 610
425 198 610
424 201 625
422 203 625
422 205 625
420 211 625
419 214 641
418 217 641
418 217 641
417 220 641
417 224 656
416 227 656
414 232 672
414 237 672
414 243 688
414 249 688
415 252 703
416 255 703
418 258 703
418 261 703
419 265 719
421 269 719
422 272 719
423 277 719
424 280 735
425 283 735
425 287 735
426 289 735
426 293 735
427 295 750
428 298 750
430 305 766
431 308 766
434 314 766
435 317 781
437 320 781
439 326 781
441 329 797
442 332 797
446 338 797
448 341 813
450 344 813
452 346 813
454 349 813
454 351 828
456 353 828
458 356 828
462 362 844
467 369 844
470 372 860
472 376 860
475 379 860
478 382 860
482 389 875
483 393 875
486 396 875
490 401 891
493 405 891
496 409 891
498 411 891
501 413 906
504 416 906
511 420 922
514 421 922
522 425 922
526 426 938
529 428 938
531 428 938
533 429 953
541 429 953
542 430 969
544 430 969
546 431 969
553 433 985
559 434 985
568 436 1000
579 439 1016
588 441 1016
596 441 1031
599 441 1031
606 441 1031
613 441 1047
615 441 1047
619 441 1047
622 441 1063
629 441 1063
630 441 1063
634 442 1078
636 443 1078
638 443 1078
640 444 1078
642 444 1094
644 444 1094
647 444 1110
649 444 1110
651 444 1110
653 445 1110
655 445 1125
657 445 1125
658 445 1125
659 445 1125
661 445 1141
662 444 1141
664 444 1141
666 442 1156
668 441 1156
669 441 1172
669 439 1172
669 437 1172
670 436 1172
671 435 1172
674 433 1188
675 433 1188
676 431 1188
678 429 1188
680 429 1203
682 428 1203
682 427 1203
683 426 1219
685 425 1219
686 423 1219
687 422 1235
688 421 1235
688 419 1235
689 417 1235
690 417 1235
691 415 1250
692 413 1250
694 409 1266
694 408 1266
695 405 1266
696 404 1266
696 402 1281
697 400 1281
698 397 1281
698 396 1297
700 395 1297
701 393 1297
702 392 1313
702 391 1313
704 388 1313
705 387 1328
706 386 1328
706 385 1328
707 382 1328
707 381 1344
708 380 1344
709 378 1344
710 377 1360
710 376 1360
711 374 1360
711 373 1360
712 372 1375
713 371 1375
0 0 0
0 0 0
0 0 0
0 0 0
0 0 0
0 0 0
0 0 0
0 0 0
0 0 0
0 0 0
0 0 0
0 0 0
0 0 0
0 0 0
0 0 0
0 0 0
0 0 0
0 0 0
0 0 0
0 0 0
0 0 0
0 0 0
0 0 0
0 0 0
0 0 0
0 0 0
0 0 0
0 0 0
0 0 0
0 0 0
0 0 0
0 0 0
0 0 0
0 0 0
0 0 0
0 0 0
0 0 0
0 0 0
0 0 0
0 0 0
0 0 0
0 0 0
0 0 0
0 0 0
0 0 0
0 0 0
0 0 0
0 0 0
0 0 0
0 0 0
0 0 0
0 0 0
0 0 0
0 0 0
0 0 0
0 0 0
0 0 0
0 0 0
0 0 0
0 0 0
0 0 0
0 0 0
0 0 0
0 0 0
0 0 0
0 0 0
0 0 0
0 0 0
0 0 0
0 0 0
0 0 0
0 0 0
0 0 0
0 0 0
0 0 0
0 0 0
0 0 0
0 0 0
0 0 0
0 0 0
0 0 0
0 0 0
0 0 0
0 0 0
0 0 0
0 0 0
0 0 0
0 0 0
0 0 0
0 0 0
0 0 0
0 0 0
0 0 0
0 0 0
0 0 0
0 0 0
0 0 0
0 0 0
0 0 0
0 0 0
0 0 0
0 0 0
0 0 0
0 0 0
0 0 0
0 0 0
0 0 0
0 0 0
0 0 0
0 0 0
0 0 0
0 0 0
0 0 0
0 0 0
0 0 0
0 0 0
0 0 0
0 0 0
0 0 0
0 0 0
0 0 0
0 0 0
0 0 0
0 0 0
0 0 0
0 0 0
0 0 0
0 0 0
0 0 0
0 0 0
0 0 0
0 0 0
0 0 0
0 0 0
0 0 0
0 0 0
0 0 0
0 0 0
0 0 0
0 0 0
0 0 0
0 0 0
0 0 0
0 0 0
0 0 0
0 0 0
0 0 0
0 0 0
0 0 0
0 0 0
0 0 0
0 0 0
0 0 0
0 0 0
0 0 0
0 0 0
0 0 0
0 0 0
0 0 0
0 0 0
0 0 0
0 0 0
0 0 0
0 0 0
0 0 0
0 0 0
0 0 0
0 0 0
0 0 0
0 0 0
0 0 0
0 0 0
0 0 0
0 0 0
0 0 0
0 0 0
0 0 0
0 0 0
0 0 0
0 0 0
0 0 0
0 0 0
0 0 0
0 0 0
0 0 0
0 0 0
0 0 0
0 0 0
0 0 0
0 0 0
0 0 0
0 0 0
0 0 0
0 0 0
0 0 0
0 0 0
0 0 0
0 0 0
0 0 0
0 0 0
0 0 0
0 0 0
0 0 0
0 0 0
0 0 0
0 0 0
0 0 0
0 0 0
0 0 0
0 0 0
0 0 0
0 0 0
0 0 0
0 0 0
0 0 0
0 0 0
0 0 0
0 0 0
0 0 0
0 0 0
0 0 0
0 0 0
0 0 0
0 0 0
0 0 0
0 0 0
0 0 0
0 0 0
0 0 0
0 0 0
0 0 0
0 0 0
0 0 0
0 0 0
0 0 0
0 0 0
0 0 0
0 0 0
0 0 0
0 0 0
0 0 0
0 0 0
0 0 0
0 0 0
0 0 0
0 0 0
0 0 0
0 0 0
0 0 0
0 0 0
0 0 0
0 0 0
0 0 0
0 0 0
0 0 0
0 0 0
0 0 0
0 0 0
0 0 0
0 0 0
0 0 0
0 0 0
0 0 0
0 0 0
0 0 0
0 0 0
0 0 0
0 0 0
0 0 0
0 0 0
0 0 0
0 0 0
0 0 0
0 0 0
0 0 0
0 0 0
0 0 0
0 0 0
0 0 0
0 0 0
0 0 0
0 0 0
0 0 0
0 0 0
0 0 0
0 0 0
0 0 0
0 0 0
0 0 0
0 0 0
0 0 0
0 0 0
0 0 0
0 0 0
0 0 0
0 0 0
0 0 0
0 0 0
0 0 0
0 0 0
0 0 0
0 0 0
0 0 0
0 0 0
0 0 0
0 0 0
0 0 0
0 0 0
0 0 0
0 0 0
0 0 0
0 0 0
0 0 0
0 0 0
0 0 0
0 0 0
0 0 0
0 0 0
0 0 0
0 0 0
0 0 0
0 0 0
0 0 0
0 0 0
0 0 0
0 0 0
0 0 0
0 0 0
0 0 0
0 0 0
0 0 0
0 0 0
0 0 0
0 0 0
0 0 0
0 0 0
0 0 0
0 0 0
0 0 0
0 0 0
0 0 0
0 0 0
0 0 0
0 0 0
0 0 0
0 0 0
0 0 0
0 0 0
0 0 0
0 0 0
0 0 0
0 0 0
0 0 0
0 0 0
0 0 0
0 0 0
0 0 0
0 0 0
0 0 0
0 0 0
0 0 0
0 0 0
0 0 0
0 0 0
0 0 0
0 0 0
0 0 0
0 0 0
0 0 0
0 0 0
0 0 0
0 0 0
0 0 0
0 0 0
0 0 0
0 0 0
0 0 0
0 0 0
0 0 0
0 0 0
0 0 0
0 0 0
0 0 0
0 0 0
0 0 0
0 0 0
0 0 0
0 0 0
0 0 0
0 0 0
0 0 0
0 0 0
0 0 0
0 0 0
0 0 0
0 0 0
0 0 0
0 0 0
0 0 0
0 0 0
0 0 0
0 0 0
0 0 0
0 0 0
0 0 0
0 0 0
0 0 0
0 0 0
0 0 0
0 0 0
0 0 0
0 0 0
0 0 0
0 0 0
0 0 0
0 0 0
0 0 0
0 0 0
0 0 0
0 0 0
0 0 0
0 0 0
0 0 0
0 0 0
0 0 0
0 0 0
0 0 0
0 0 0
0 0 0
0 0 0
0 0 0
0 0 0
0 0 0
0 0 0
0 0 0
0 0 0
0 0 0
0 0 0
0 0 0
0 0 0
0 0 0
0 0 0
0 0 0
0 0 0
0 0 0
0 0 0
0 0 0
0 0 0
0 0 0
0 0 0
0 0 0
0 0 0
0 0 0
0 0 0
0 0 0
0 0 0
0 0 0
0 0 0
0 0 0
0 0 0
0 0 0
0 0 0
0 0 0
0 0 0
0 0 0
0 0 0
0 0 0
0 0 0
0 0 0
0 0 0
0 0 0
0 0 0
0 0 0
0 0 0
0 0 0
0 0 0
0 0 0
0 0 0
0 0 0
0 0 0
0 0 0
0 0 0
0 0 0
0 0 0
0 0 0
0 0 0
0 0 0
0 0 0
0 0 0
0 0 0
0 0 0
0 0 0
0 0 0
0 0 0
0 0 0
0 0 0
0 0 0
0 0 0
0 0 0
0 0 0
0 0 0
0 0 0
0 0 0
0 0 0
0 0 0
0 0 0
0 0 0
0 0 0
0 0 0
0 0 0
0 0 0
0 0 0
0 0 0
0 0 0
0 0 0
0 0 0
0 0 0
0 0 0
0 0 0
0 0 0
0 0 0
0 0 0
0 0 0
0 0 0
0 0 0
0 0 0
0 0 0
0 0 0
0 0 0
0 0 0
0 0 0
0 0 0
0 0 0
0 0 0
0 0 0
0 0 0
0 0 0
0 0 0
0 0 0
0 0 0
0 0 0
0 0 0
0 0 0
0 0 0
0 0 0
0 0 0
0 0 0
0 0 0
0 0 0
0 0 0
0 0 0
0 0 0
0 0 0
0 0 0
0 0 0
0 0 0
0 0 0
0 0 0
0 0 0
0 0 0
0 0 0
0 0 0
0 0 0
0 0 0
0 0 0
0 0 0
0 0 0
0 0 0
0 0 0
0 0 0
0 0 0
0 0 0
0 0 0
0 0 0
0 0 0
0 0 0
0 0 0
0 0 0
0 0 0
0 0 0
0 0 0
0 0 0
0 0 0
0 0 0
0 0 0
0 0 0
0 0 0
0 0 0
0 0 0
0 0 0
0 0 0
0 0 0
0 0 0
0 0 0
0 0 0
0 0 0
0 0 0
0 0 0
0 0 0
0 0 0
0 0 0
0 0 0
0 0 0
0 0 0
0 0 0
