362 88 0
363 88 93
363 89 109
366 89 109
366 90 109
371 91 125
374 92 125
378 93 125
381 93 125
383 94 140
392 96 140
397 98 156
400 99 156
404 99 156
412 100 171
421 100 171
425 100 171
433 100 187
442 101 187
446 101 203
454 101 203
458 101 218
462 101 218
466 101 218
470 101 218
474 101 234
479 101 234
482 101 234
488 101 234
490 101 250
494 101 250
498 101 250
501 101 250
504 101 265
510 101 265
514 101 281
517 101 281
521 101 281
528 101 297
532 101 297
536 101 297
540 101 297
544 101 312
548 101 312
555 101 312
565 101 328
570 101 328
582 101 343
591 101 343
595 101 343
603 101 359
606 101 359
613 101 375
616 101 375
619 101 375
622 102 375
623 102 390
626 102 390
628 103 390
630 103 406
636 104 406
637 105 421
639 105 421
641 106 421
642 107 421
643 107 421
644 107 437
646 108 437
647 108 453
649 109 453
650 109 453
650 109 468
651 109 468
652 109 484
653 109 484
654 110 484
653 111 656
652 112 671
649 112 671
646 113 687
643 113 703
642 113 703
636 115 718
634 116 718
630 117 718
623 118 734
620 119 750
614 123 750
610 126 765
606 128 765
599 132 781
591 137 781
586 140 781
578 147 797
563 157 813
552 165 813
536 178 828
526 185 828
515 193 844
509 196 844
499 202 859
491 209 859
485 216 875
482 218 875
478 222 875
475 224 875
470 230 891
467 233 891
465 236 906
461 241 906
458 246 906
453 252 922
450 256 922
446 258 922
443 262 922
438 267 938
434 269 938
431 272 953
429 274 953
427 276 953
422 280 953
419 281 969
414 284 969
411 285 984
408 287 984
406 289 984
402 291 984
398 295 1000
394 297 1000
390 300 1016
389 301 1016
386 303 1016
383 305 1031
382 307 1031
380 309 1031
379 309 1031
378 311 1047
374 313 1047
373 314 1063
370 315 1063
370 317 1063
365 320 1063
362 321 1078
361 323 1078
359 324 1078
355 325 1094
354 326 1094
354 327 1094
353 328 1109
352 328 1109
351 329 1109
351 329 1282
351 330 1282
351 331 1297
354 332 1313
357 332 1313
364 334 1328
370 337 1344
375 337 1344
382 339 1359
388 339 1359
398 341 1359
414 342 1375
426 342 1391
446 342 1391
466 342 1406
480 342 1422
487 342 1422
501 344 1422
507 346 1422
526 348 1438
536 348 1453
551 348 1469
559 348 1469
564 348 1469
568 348 1484
574 348 1484
582 350 1500
587 353 1500
591 353 1500
596 354 1500
604 356 1516
614 358 1516
618 360 1531
625 361 1531
630 362 1531
642 364 1547
646 365 1547
651 365 1547
655 366 1563
666 366 1563
677 366 1563
682 366 1578
688 366 1578
697 367 1578
702 367 1594
708 368 1594
711 368 1609
717 368 1609
720 368 1609
722 368 1625
726 368 1625
728 368 1625
730 368 1641
731 368 1641
732 368 1656
733 368 1688
734 368 1719
734 368 1719
0 0 0
0 0 0
0 0 0
0 0 0
0 0 0
0 0 0
0 0 0
0 0 0
0 0 0
0 0 0
0 0 0
0 0 0
0 0 0
0 0 0
0 0 0
0 0 0
0 0 0
0 0 0
0 0 0
0 0 0
0 0 0
0 0 0
0 0 0
0 0 0
0 0 0
0 0 0
0 0 0
0 0 0
0 0 0
0 0 0
0 0 0
0 0 0
0 0 0
0 0 0
0 0 0
0 0 0
0 0 0
0 0 0
0 0 0
0 0 0
0 0 0
0 0 0
0 0 0
0 0 0
0 0 0
0 0 0
0 0 0
0 0 0
0 0 0
0 0 0
0 0 0
0 0 0
0 0 0
0 0 0
0 0 0
0 0 0
0 0 0
0 0 0
0 0 0
0 0 0
0 0 0
0 0 0
0 0 0
0 0 0
0 0 0
0 0 0
0 0 0
0 0 0
0 0 0
0 0 0
0 0 0
0 0 0
0 0 0
0 0 0
0 0 0
0 0 0
0 0 0
0 0 0
0 0 0
0 0 0
0 0 0
0 0 0
0 0 0
0 0 0
0 0 0
0 0 0
0 0 0
0 0 0
0 0 0
0 0 0
0 0 0
0 0 0
0 0 0
0 0 0
0 0 0
0 0 0
0 0 0
0 0 0
0 0 0
0 0 0
0 0 0
0 0 0
0 0 0
0 0 0
0 0 0
0 0 0
0 0 0
0 0 0
0 0 0
0 0 0
0 0 0
0 0 0
0 0 0
0 0 0
0 0 0
0 0 0
0 0 0
0 0 0
0 0 0
0 0 0
0 0 0
0 0 0
0 0 0
0 0 0
0 0 0
0 0 0
0 0 0
0 0 0
0 0 0
0 0 0
0 0 0
0 0 0
0 0 0
0 0 0
0 0 0
0 0 0
0 0 0
0 0 0
0 0 0
0 0 0
0 0 0
0 0 0
0 0 0
0 0 0
0 0 0
0 0 0
0 0 0
0 0 0
0 0 0
0 0 0
0 0 0
0 0 0
0 0 0
0 0 0
0 0 0
0 0 0
0 0 0
0 0 0
0 0 0
0 0 0
0 0 0
0 0 0
0 0 0
0 0 0
0 0 0
0 0 0
0 0 0
0 0 0
0 0 0
0 0 0
0 0 0
0 0 0
0 0 0
0 0 0
0 0 0
0 0 0
0 0 0
0 0 0
0 0 0
0 0 0
0 0 0
0 0 0
0 0 0
0 0 0
0 0 0
0 0 0
0 0 0
0 0 0
0 0 0
0 0 0
0 0 0
0 0 0
0 0 0
0 0 0
0 0 0
0 0 0
0 0 0
0 0 0
0 0 0
0 0 0
0 0 0
0 0 0
0 0 0
0 0 0
0 0 0
0 0 0
0 0 0
0 0 0
0 0 0
0 0 0
0 0 0
0 0 0
0 0 0
0 0 0
0 0 0
0 0 0
0 0 0
0 0 0
0 0 0
0 0 0
0 0 0
0 0 0
0 0 0
0 0 0
0 0 0
0 0 0
0 0 0
0 0 0
0 0 0
0 0 0
0 0 0
0 0 0
0 0 0
0 0 0
0 0 0
0 0 0
0 0 0
0 0 0
0 0 0
0 0 0
0 0 0
0 0 0
0 0 0
0 0 0
0 0 0
0 0 0
0 0 0
0 0 0
0 0 0
0 0 0
0 0 0
0 0 0
0 0 0
0 0 0
0 0 0
0 0 0
0 0 0
0 0 0
0 0 0
0 0 0
0 0 0
0 0 0
0 0 0
0 0 0
0 0 0
0 0 0
0 0 0
0 0 0
0 0 0
0 0 0
0 0 0
0 0 0
0 0 0
0 0 0
0 0 0
0 0 0
0 0 0
0 0 0
0 0 0
0 0 0
0 0 0
0 0 0
0 0 0
0 0 0
0 0 0
0 0 0
0 0 0
0 0 0
0 0 0
0 0 0
0 0 0
0 0 0
0 0 0
0 0 0
0 0 0
0 0 0
0 0 0
0 0 0
0 0 0
0 0 0
0 0 0
0 0 0
0 0 0
0 0 0
0 0 0
0 0 0
0 0 0
0 0 0
0 0 0
0 0 0
0 0 0
0 0 0
0 0 0
0 0 0
0 0 0
0 0 0
0 0 0
0 0 0
0 0 0
0 0 0
0 0 0
0 0 0
0 0 0
0 0 0
0 0 0
0 0 0
0 0 0
0 0 0
0 0 0
0 0 0
0 0 0
0 0 0
0 0 0
0 0 0
0 0 0
0 0 0
0 0 0
0 0 0
0 0 0
0 0 0
0 0 0
0 0 0
0 0 0
0 0 0
0 0 0
0 0 0
0 0 0
0 0 0
0 0 0
0 0 0
0 0 0
0 0 0
0 0 0
0 0 0
0 0 0
0 0 0
0 0 0
0 0 0
0 0 0
0 0 0
0 0 0
0 0 0
0 0 0
0 0 0
0 0 0
0 0 0
0 0 0
0 0 0
0 0 0
0 0 0
0 0 0
0 0 0
0 0 0
0 0 0
0 0 0
0 0 0
0 0 0
0 0 0
0 0 0
0 0 0
0 0 0
0 0 0
0 0 0
0 0 0
0 0 0
0 0 0
0 0 0
0 0 0
0 0 0
0 0 0
0 0 0
0 0 0
0 0 0
0 0 0
0 0 0
0 0 0
0 0 0
0 0 0
0 0 0
0 0 0
0 0 0
0 0 0
0 0 0
0 0 0
0 0 0
0 0 0
0 0 0
0 0 0
0 0 0
0 0 0
0 0 0
0 0 0
0 0 0
0 0 0
0 0 0
0 0 0
0 0 0
0 0 0
0 0 0
0 0 0
0 0 0
0 0 0
0 0 0
0 0 0
0 0 0
0 0 0
0 0 0
0 0 0
0 0 0
0 0 0
0 0 0
0 0 0
0 0 0
0 0 0
0 0 0
0 0 0
0 0 0
0 0 0
0 0 0
0 0 0
0 0 0
0 0 0
0 0 0
0 0 0
0 0 0
0 0 0
0 0 0
0 0 0
0 0 0
0 0 0
