2
106 44 0
106 44 0
106 44 0
106 44 0
106 44 0
106 44 0
106 44 0
106 44 0
106 44 0
106 44 0
106 44 0
106 44 0
106 44 0
106 44 0
106 44 0
106 44 0
106 44 0
106 44 0
106 44 0
106 44 0
106 44 0
106 44 0
106 44 0
106 44 0
106 44 0
106 44 0
106 44 0
106 44 0
106 44 0
106 44 0
106 44 0
106 44 0
106 44 0
106 44 0
106 44 0
106 44 0
106 44 0
106 44 0
106 44 0
106 44 0
106 44 0
106 44 0
106 44 0
106 44 0
106 44 0
106 44 0
106 44 0
106 44 0
106 44 0
106 44 0
106 44 0
106 44 0
106 44 0
106 44 0
106 44 0
106 44 0
106 44 0
106 44 0
106 44 0
106 44 0
106 44 0
106 44 0
106 44 0
106 44 0
