530 106 0
528 105 219
526 103 219
525 103 235
524 101 235
522 100 235
519 98 235
517 97 250
514 96 250
513 94 250
507 93 266
504 92 266
501 91 266
499 89 281
498 86 281
496 84 281
495 81 281
492 81 297
489 81 297
487 80 297
486 79 297
483 79 313
482 78 313
481 78 313
479 77 313
477 77 328
476 77 328
474 77 328
474 76 344
472 76 344
471 76 344
470 76 344
469 76 360
467 76 360
466 76 360
464 76 375
462 76 375
461 77 391
459 77 391
457 77 391
454 78 406
452 79 406
450 80 406
447 81 406
445 82 422
438 84 422
436 84 422
433 84 422
426 85 438
423 86 438
420 87 453
417 88 453
408 92 453
404 93 469
401 94 469
395 97 469
393 98 485
390 101 485
387 102 485
386 102 485
385 103 500
383 103 500
382 103 500
381 104 516
380 104 516
379 105 516
378 105 531
378 107 531
378 108 531
376 109 547
375 110 547
372 113 547
371 113 563
370 113 563
368 115 563
366 117 578
363 118 578
361 119 578
358 121 594
357 122 594
355 124 594
353 125 594
351 126 610
350 127 610
346 129 610
343 133 610
341 133 625
338 136 625
337 138 625
335 139 641
334 141 641
333 141 641
333 142 656
333 144 656
331 146 656
330 149 672
328 152 672
326 153 672
326 154 688
326 155 688
325 156 688
324 157 688
324 157 703
323 158 703
322 160 703
322 161 703
321 162 719
319 165 719
319 166 719
318 167 735
317 170 735
316 171 735
316 173 750
315 175 750
314 177 750
313 180 766
312 181 766
310 185 766
310 186 781
310 187 781
308 189 781
307 192 781
306 193 797
306 194 797
304 197 797
304 198 797
303 200 813
303 202 813
302 205 813
302 208 828
301 211 828
301 213 828
300 215 828
300 218 844
299 220 844
298 222 844
298 225 844
298 228 860
298 229 860
298 233 860
297 235 860
296 238 875
295 240 875
295 242 875
294 245 875
294 248 891
294 249 891
292 255 891
290 258 906
290 260 906
290 261 906
291 261 906
293 261 922
294 265 922
294 267 922
294 270 922
294 273 938
294 274 938
294 277 938
294 280 938
294 282 953
294 285 953
294 288 953
294 291 953
294 293 969
294 297 969
294 300 969
294 303 969
295 305 985
296 308 985
297 310 985
298 313 1000
299 317 1000
299 320 1000
300 322 1016
301 324 1016
302 329 1016
302 331 1031
302 333 1031
304 339 1031
306 341 1047
306 345 1047
310 349 1047
311 351 1063
313 353 1063
314 356 1063
314 359 1110
325 377 1110
327 381 1125
329 383 1125
331 387 1125
333 389 1141
334 391 1141
337 393 1141
338 394 1141
342 398 1156
344 400 1156
346 401 1156
349 402 1172
352 405 1172
354 407 1172
358 409 1188
360 410 1188
362 413 1188
366 414 1188
368 417 1203
370 418 1203
372 419 1203
376 421 1203
378 423 1219
381 425 1219
383 426 1219
386 428 1219
388 429 1235
390 431 1235
392 432 1235
395 433 1235
398 434 1250
401 435 1250
403 435 1250
406 435 1250
408 436 1266
411 437 1266
414 437 1266
416 437 1266
419 437 1281
422 437 1281
425 437 1281
427 437 1281
430 437 1297
434 437 1297
439 437 1297
442 437 1313
446 437 1313
449 437 1313
453 436 1328
457 434 1328
459 433 1328
464 432 1328
467 431 1344
470 429 1344
475 426 1344
480 425 1344
484 422 1360
489 420 1360
494 418 1360
498 417 1360
502 413 1375
507 412 1375
512 409 1375
515 406 1375
518 405 1391
522 402 1391
526 400 1391
528 398 1406
531 396 1406
534 394 1406
535 393 1406
538 391 1422
541 389 1422
543 387 1422
546 385 1422
549 384 1422
551 382 1438
554 381 1438
554 379 1438
556 377 1438
558 377 1453
558 377 1453
558 376 1453
559 375 1453
559 374 1469
559 373 1500
560 373 1500
561 373 1594
562 373 1594
562 373 1610
563 373 1610
564 373 1625
0 0 0
0 0 0
0 0 0
0 0 0
0 0 0
0 0 0
0 0 0
0 0 0
0 0 0
0 0 0
0 0 0
0 0 0
0 0 0
0 0 0
0 0 0
0 0 0
0 0 0
0 0 0
0 0 0
0 0 0
0 0 0
0 0 0
0 0 0
0 0 0
0 0 0
0 0 0
0 0 0
0 0 0
0 0 0
0 0 0
0 0 0
0 0 0
0 0 0
0 0 0
0 0 0
0 0 0
0 0 0
0 0 0
0 0 0
0 0 0
0 0 0
0 0 0
0 0 0
0 0 0
0 0 0
0 0 0
0 0 0
0 0 0
0 0 0
0 0 0
0 0 0
0 0 0
0 0 0
0 0 0
0 0 0
0 0 0
0 0 0
0 0 0
0 0 0
0 0 0
0 0 0
0 0 0
0 0 0
0 0 0
0 0 0
0 0 0
0 0 0
0 0 0
0 0 0
0 0 0
0 0 0
0 0 0
0 0 0
0 0 0
0 0 0
0 0 0
0 0 0
0 0 0
0 0 0
0 0 0
0 0 0
0 0 0
0 0 0
0 0 0
0 0 0
0 0 0
0 0 0
0 0 0
0 0 0
0 0 0
0 0 0
0 0 0
0 0 0
0 0 0
0 0 0
0 0 0
0 0 0
0 0 0
0 0 0
0 0 0
0 0 0
0 0 0
0 0 0
0 0 0
0 0 0
0 0 0
0 0 0
0 0 0
0 0 0
0 0 0
0 0 0
0 0 0
0 0 0
0 0 0
0 0 0
0 0 0
0 0 0
0 0 0
0 0 0
0 0 0
0 0 0
0 0 0
0 0 0
0 0 0
0 0 0
0 0 0
0 0 0
0 0 0
0 0 0
0 0 0
0 0 0
0 0 0
0 0 0
0 0 0
0 0 0
0 0 0
0 0 0
0 0 0
0 0 0
0 0 0
0 0 0
0 0 0
0 0 0
0 0 0
0 0 0
0 0 0
0 0 0
0 0 0
0 0 0
0 0 0
0 0 0
0 0 0
0 0 0
0 0 0
0 0 0
0 0 0
0 0 0
0 0 0
0 0 0
0 0 0
0 0 0
0 0 0
0 0 0
0 0 0
0 0 0
0 0 0
0 0 0
0 0 0
0 0 0
0 0 0
0 0 0
0 0 0
0 0 0
0 0 0
0 0 0
0 0 0
0 0 0
0 0 0
0 0 0
0 0 0
0 0 0
0 0 0
0 0 0
0 0 0
0 0 0
0 0 0
0 0 0
0 0 0
0 0 0
0 0 0
0 0 0
0 0 0
0 0 0
0 0 0
0 0 0
0 0 0
0 0 0
0 0 0
0 0 0
0 0 0
0 0 0
0 0 0
0 0 0
0 0 0
0 0 0
0 0 0
0 0 0
0 0 0
0 0 0
0 0 0
0 0 0
0 0 0
0 0 0
0 0 0
0 0 0
0 0 0
0 0 0
0 0 0
0 0 0
0 0 0
0 0 0
0 0 0
0 0 0
0 0 0
0 0 0
0 0 0
0 0 0
0 0 0
0 0 0
0 0 0
0 0 0
0 0 0
0 0 0
0 0 0
0 0 0
0 0 0
0 0 0
0 0 0
0 0 0
0 0 0
0 0 0
0 0 0
0 0 0
0 0 0
0 0 0
0 0 0
0 0 0
0 0 0
0 0 0
0 0 0
0 0 0
0 0 0
0 0 0
0 0 0
0 0 0
0 0 0
0 0 0
0 0 0
0 0 0
0 0 0
0 0 0
0 0 0
0 0 0
0 0 0
0 0 0
0 0 0
0 0 0
0 0 0
0 0 0
0 0 0
0 0 0
0 0 0
0 0 0
0 0 0
0 0 0
0 0 0
0 0 0
0 0 0
0 0 0
