26
109 -30 0
109 -30 0
109 -30 0
109 -30 0
109 -30 0
109 -30 0
109 -30 0
109 -30 0
109 -30 0
109 -30 0
109 -30 0
109 -30 0
109 -30 0
109 -30 0
109 -30 0
109 -30 0
109 -30 0
109 -30 0
109 -30 0
109 -30 0
109 -30 0
109 -30 0
109 -30 0
109 -30 0
109 -30 0
109 -30 0
109 -30 0
109 -30 0
109 -30 0
109 -30 0
109 -30 0
109 -30 0
109 -30 0
109 -30 0
109 -30 0
109 -30 0
109 -30 0
109 -30 0
109 -30 0
109 -30 0
109 -30 0
109 -30 0
109 -30 0
109 -30 0
109 -30 0
109 -30 0
109 -30 0
109 -30 0
109 -30 0
109 -30 0
109 -30 0
109 -30 0
109 -30 0
109 -30 0
109 -30 0
109 -30 0
109 -30 0
109 -30 0
109 -30 0
109 -30 0
109 -30 0
109 -30 0
109 -30 0
109 -30 0
27
480 398 103
483 388 169
483 370 200
481 348 234
480 327 279
480 315 336
482 304 398
484 287 437
486 264 478
487 245 520
488 224 554
489 206 594
489 196 637
491 184 689
492 174 817
494 167 856
502 191 1053
513 225 1093
522 248 1165
530 259 1243
538 271 1374
555 253 1575
594 210 1622
616 188 1663
630 175 1709
641 164 1746
650 162 1884
658 199 2003
658 231 2036
659 257 2078
659 275 2127
659 304 2180
660 345 2213
663 373 2241
670 397 2296
85 -5 0
85 -5 0
85 -5 0
85 -5 0
85 -5 0
85 -5 0
85 -5 0
85 -5 0
85 -5 0
85 -5 0
85 -5 0
85 -5 0
85 -5 0
85 -5 0
85 -5 0
85 -5 0
85 -5 0
85 -5 0
85 -5 0
85 -5 0
85 -5 0
85 -5 0
85 -5 0
85 -5 0
85 -5 0
85 -5 0
85 -5 0
85 -5 0
85 -5 0
28
456 391 160
456 350 262
456 311 325
460 278 378
465 245 430
467 218 476
468 196 544
471 173 700
468 156 711
468 148 767
495 203 1024
512 232 1111
533 262 1187
542 274 1301
582 242 1492
636 193 1557
654 180 1734
661 162 1821
663 250 2053
668 298 2105
676 338 2167
686 375 2226
692 401 2338
49 -30 0
49 -30 0
49 -30 0
49 -30 0
49 -30 0
49 -30 0
49 -30 0
49 -30 0
49 -30 0
49 -30 0
49 -30 0
49 -30 0
49 -30 0
49 -30 0
49 -30 0
49 -30 0
49 -30 0
49 -30 0
49 -30 0
49 -30 0
49 -30 0
49 -30 0
49 -30 0
49 -30 0
49 -30 0
49 -30 0
49 -30 0
49 -30 0
49 -30 0
49 -30 0
49 -30 0
49 -30 0
49 -30 0
49 -30 0
49 -30 0
49 -30 0
49 -30 0
49 -30 0
49 -30 0
49 -30 0
49 -30 0
29
493 359 155
495 323 287
493 289 398
485 249 473
473 200 550
469 160 617
473 132 790
494 156 1087
506 179 1177
520 204 1255
535 220 1395
590 163 1626
638 206 2094
619 135 1801
654 309 2154
672 408 2255
101 -25 0
101 -25 0
101 -25 0
101 -25 0
101 -25 0
101 -25 0
101 -25 0
101 -25 0
101 -25 0
101 -25 0
101 -25 0
101 -25 0
101 -25 0
101 -25 0
101 -25 0
101 -25 0
101 -25 0
101 -25 0
101 -25 0
101 -25 0
101 -25 0
101 -25 0
101 -25 0
101 -25 0
101 -25 0
101 -25 0
101 -25 0
101 -25 0
101 -25 0
101 -25 0
101 -25 0
101 -25 0
101 -25 0
101 -25 0
101 -25 0
101 -25 0
101 -25 0
101 -25 0
101 -25 0
101 -25 0
101 -25 0
101 -25 0
101 -25 0
101 -25 0
101 -25 0
101 -25 0
101 -25 0
101 -25 0
30
498 377 123
499 280 238
501 226 376
505 167 551
505 192 499
537 239 891
558 265 1067
610 219 1308
642 189 1529
654 248 2109
656 302 2224
656 345 2316
656 388 2461
54 -31 0
54 -31 0
54 -31 0
54 -31 0
54 -31 0
54 -31 0
54 -31 0
54 -31 0
54 -31 0
54 -31 0
54 -31 0
54 -31 0
54 -31 0
54 -31 0
54 -31 0
54 -31 0
54 -31 0
54 -31 0
54 -31 0
54 -31 0
54 -31 0
54 -31 0
54 -31 0
54 -31 0
54 -31 0
54 -31 0
54 -31 0
54 -31 0
54 -31 0
54 -31 0
54 -31 0
54 -31 0
54 -31 0
54 -31 0
54 -31 0
54 -31 0
54 -31 0
54 -31 0
54 -31 0
54 -31 0
54 -31 0
54 -31 0
54 -31 0
54 -31 0
54 -31 0
54 -31 0
54 -31 0
54 -31 0
54 -31 0
54 -31 0
54 -31 0
