2
546 151 328
497 168 386
439 206 458
393 264 796
393 325 863
399 367 699
411 387 735
460 422 1167
518 455 1241
586 468 1388
652 463 1663
717 432 1561
756 413 1195
781 380 1263
793 337 1326
796 296 1394
790 263 1469
780 238 1536
764 213 1613
746 192 1684
726 178 2287
697 162 1845
683 154 1918
669 146 2023
654 142 2142
636 139 2301
615 139 1901
634 98 1679
613 97 585
580 95 430
538 95 487
512 102 573
480 120 657
452 142 722
428 169 786
410 199 854
402 229 791
390 283 882
391 303 886
405 347 1036
429 378 1261
439 405 1078
478 433 1288
494 443 1315
533 456 1431
547 460 1497
566 465 1462
608 468 1565
628 468 1631
668 459 1703
690 450 1646
723 406 2114
739 380 2170
751 349 2237
757 316 2314
757 288 2388
748 251 2466
738 218 2540
733 195 2451
715 161 2569
701 135 2859
685 116 2992
669 105 3202
649 100 3373
2
619 120 1691
602 119 173
578 119 196
547 119 212
516 120 244
490 128 274
474 133 300
458 143 329
443 154 356
428 166 387
415 181 417
404 199 447
397 212 472
391 228 508
389 241 539
389 255 566
390 272 593
394 291 626
397 306 646
401 322 677
408 339 706
420 357 733
432 374 767
444 387 794
460 399 820
478 410 852
496 421 880
514 432 905
532 437 927
551 441 965
570 444 999
594 445 1032
623 445 1064
644 444 1091
663 438 1126
675 431 1158
689 418 1184
709 400 1211
723 388 1235
731 377 1267
739 366 1296
744 356 1325
748 346 1354
751 332 1385
754 317 1414
756 301 1444
760 282 1481
761 263 1513
760 241 1555
757 226 1598
754 215 1634
750 204 1679
744 194 1730
737 186 1787
724 176 1836
713 170 1880
703 163 1926
694 157 1966
684 150 2019
673 142 2077
663 137 2196
652 131 2283
641 126 2348
627 119 2624
2
622 100 2558
609 97 1198
588 94 273
574 92 305
559 92 338
546 92 364
531 92 394
521 95 440
510 102 487
496 111 503
478 125 525
458 142 552
439 161 582
426 177 613
415 194 640
403 213 664
389 235 693
378 257 724
372 282 752
368 306 780
368 328 809
369 350 836
375 371 868
383 387 894
398 403 933
418 420 963
442 435 995
462 446 1023
480 456 1052
497 460 1087
515 463 1117
547 467 1144
585 470 1180
615 470 1209
638 466 1236
663 459 1265
691 450 1291
724 442 1321
744 434 1347
757 424 1378
764 413 1411
772 398 1439
777 382 1466
781 366 1495
783 353 1526
783 340 1558
781 326 1585
777 315 1609
773 300 1635
769 281 1671
763 263 1702
755 246 1739
742 230 1774
734 219 1792
725 202 1826
714 187 1863
706 174 1906
698 163 1957
689 153 2017
680 141 2079
669 127 2143
657 116 2216
645 109 2326
631 102 2442
2
71 17 0
71 17 0
71 17 0
71 17 0
71 17 0
71 17 0
71 17 0
71 17 0
71 17 0
71 17 0
71 17 0
71 17 0
71 17 0
71 17 0
71 17 0
71 17 0
71 17 0
71 17 0
71 17 0
71 17 0
71 17 0
71 17 0
71 17 0
71 17 0
71 17 0
71 17 0
71 17 0
71 17 0
71 17 0
71 17 0
71 17 0
71 17 0
71 17 0
71 17 0
71 17 0
71 17 0
71 17 0
71 17 0
71 17 0
71 17 0
71 17 0
71 17 0
71 17 0
71 17 0
71 17 0
71 17 0
71 17 0
71 17 0
71 17 0
71 17 0
71 17 0
71 17 0
71 17 0
71 17 0
71 17 0
71 17 0
71 17 0
71 17 0
71 17 0
71 17 0
71 17 0
71 17 0
71 17 0
71 17 0
2
599 131 291
542 131 327
508 134 352
458 148 386
423 153 432
396 186 460
374 219 507
365 260 513
366 306 539
377 331 582
386 357 582
431 381 686
466 394 725
508 404 758
550 407 794
583 408 830
615 406 866
638 398 902
657 391 942
673 376 978
684 357 1008
688 338 1051
689 306 1089
686 292 1116
675 257 1156
666 235 1192
655 218 1229
647 200 1271
642 189 1313
638 182 1360
636 174 1446
633 161 1491
631 153 1555
629 145 1024
634 122 270
664 124 1792
572 131 313
480 143 366
435 181 374
389 221 413
372 241 465
364 286 517
381 349 563
401 373 601
424 400 589
464 425 627
512 437 662
561 441 699
594 442 733
620 443 768
646 442 808
674 437 846
699 432 880
718 422 921
740 403 955
755 389 983
770 371 1027
779 348 1061
786 309 1106
785 279 1151
773 241 1210
752 206 1295
722 177 1413
687 146 1601
