2
699 152 273
667 147 363
623 140 406
590 139 440
562 139 474
535 145 512
513 156 549
489 171 580
474 184 621
459 208 658
450 227 694
441 259 734
441 278 765
446 308 804
453 329 835
466 354 871
490 381 909
531 401 949
577 412 980
611 419 1018
637 424 1055
667 424 1090
680 424 1121
687 424 1218
696 420 1312
167 19 0
167 19 0
167 19 0
167 19 0
167 19 0
167 19 0
167 19 0
167 19 0
167 19 0
167 19 0
167 19 0
167 19 0
167 19 0
167 19 0
167 19 0
167 19 0
167 19 0
167 19 0
167 19 0
167 19 0
167 19 0
167 19 0
167 19 0
167 19 0
167 19 0
167 19 0
167 19 0
167 19 0
167 19 0
167 19 0
167 19 0
167 19 0
167 19 0
167 19 0
167 19 0
167 19 0
167 19 0
167 19 0
167 19 0
