1
621 173 140
596 174 239
569 179 255
539 184 281
513 189 301
473 198 327
444 207 359
430 211 369
415 219 390
403 234 411
395 249 431
391 282 458
393 303 472
395 327 489
399 349 510
402 357 530
405 364 556
412 371 578
420 376 593
430 381 614
438 384 630
452 391 650
473 398 676
497 403 695
522 371 712
524 400 726
539 409 757
550 388 742
559 413 796
571 406 797
586 400 786
590 416 859
605 411 853
612 418 911
621 418 931
626 413 906
636 411 910
650 409 916
666 413 980
681 419 1054
689 394 890
696 417 1189
696 393 964
665 161 78
654 161 166
623 161 265
591 162 297
553 162 333
535 163 352
515 167 365
497 173 385
489 177 411
480 183 427
471 189 448
457 205 421
450 223 495
449 234 521
449 260 536
451 280 555
455 296 583
461 312 604
470 329 631
494 350 672
677 396 912
