9
590 103 1868
568 96 270
544 95 312
517 97 346
492 103 374
475 108 408
449 117 447
426 130 486
415 139 513
404 150 540
388 172 577
379 192 608
375 208 645
375 230 676
377 254 704
383 277 728
390 305 762
397 326 791
411 347 827
429 369 861
446 387 898
465 404 936
494 425 964
519 437 992
550 452 1030
580 461 1059
634 466 1103
668 467 1129
690 466 1160
712 458 1200
745 436 1241
753 419 1286
760 402 1327
766 384 1371
772 361 1418
774 339 1452
775 321 1494
775 306 1530
771 295 1559
770 286 1590
767 276 1624
763 264 1660
759 254 1686
754 243 1711
748 233 1749
743 225 1782
740 218 1819
736 213 1851
731 206 1877
724 198 1911
717 190 1954
710 184 1994
704 177 2015
697 172 2034
687 164 2061
677 156 2095
667 148 2126
656 142 2153
647 136 2198
637 129 2259
629 124 2334
621 120 2372
611 115 2417
598 108 2526
