1
568 307 835
72 -18 0
72 -18 0
72 -18 0
72 -18 0
72 -18 0
72 -18 0
72 -18 0
72 -18 0
72 -18 0
72 -18 0
72 -18 0
72 -18 0
72 -18 0
72 -18 0
72 -18 0
72 -18 0
72 -18 0
72 -18 0
72 -18 0
72 -18 0
72 -18 0
72 -18 0
72 -18 0
72 -18 0
72 -18 0
72 -18 0
72 -18 0
72 -18 0
72 -18 0
72 -18 0
72 -18 0
72 -18 0
72 -18 0
72 -18 0
72 -18 0
72 -18 0
72 -18 0
72 -18 0
72 -18 0
72 -18 0
72 -18 0
72 -18 0
72 -18 0
72 -18 0
72 -18 0
72 -18 0
72 -18 0
72 -18 0
72 -18 0
72 -18 0
72 -18 0
72 -18 0
72 -18 0
72 -18 0
72 -18 0
72 -18 0
72 -18 0
72 -18 0
72 -18 0
72 -18 0
72 -18 0
72 -18 0
72 -18 0
2
568 297 1006
77 12 0
77 12 0
77 12 0
77 12 0
77 12 0
77 12 0
77 12 0
77 12 0
77 12 0
77 12 0
77 12 0
77 12 0
77 12 0
77 12 0
77 12 0
77 12 0
77 12 0
77 12 0
77 12 0
77 12 0
77 12 0
77 12 0
77 12 0
77 12 0
77 12 0
77 12 0
77 12 0
77 12 0
77 12 0
77 12 0
77 12 0
77 12 0
77 12 0
77 12 0
77 12 0
77 12 0
77 12 0
77 12 0
77 12 0
77 12 0
77 12 0
77 12 0
77 12 0
77 12 0
77 12 0
77 12 0
77 12 0
77 12 0
77 12 0
77 12 0
77 12 0
77 12 0
77 12 0
77 12 0
77 12 0
77 12 0
77 12 0
77 12 0
77 12 0
77 12 0
77 12 0
77 12 0
77 12 0
3
551 290 1032
73 -20 0
73 -20 0
73 -20 0
73 -20 0
73 -20 0
73 -20 0
73 -20 0
73 -20 0
73 -20 0
73 -20 0
73 -20 0
73 -20 0
73 -20 0
73 -20 0
73 -20 0
73 -20 0
73 -20 0
73 -20 0
73 -20 0
73 -20 0
73 -20 0
73 -20 0
73 -20 0
73 -20 0
73 -20 0
73 -20 0
73 -20 0
73 -20 0
73 -20 0
73 -20 0
73 -20 0
73 -20 0
73 -20 0
73 -20 0
73 -20 0
73 -20 0
73 -20 0
73 -20 0
73 -20 0
73 -20 0
73 -20 0
73 -20 0
73 -20 0
73 -20 0
73 -20 0
73 -20 0
73 -20 0
73 -20 0
73 -20 0
73 -20 0
73 -20 0
73 -20 0
73 -20 0
73 -20 0
73 -20 0
73 -20 0
73 -20 0
73 -20 0
73 -20 0
73 -20 0
73 -20 0
73 -20 0
73 -20 0
4
571 294 944
64 -47 0
64 -47 0
64 -47 0
64 -47 0
64 -47 0
64 -47 0
64 -47 0
64 -47 0
64 -47 0
64 -47 0
64 -47 0
64 -47 0
64 -47 0
64 -47 0
64 -47 0
64 -47 0
64 -47 0
64 -47 0
64 -47 0
64 -47 0
64 -47 0
64 -47 0
64 -47 0
64 -47 0
64 -47 0
64 -47 0
64 -47 0
64 -47 0
64 -47 0
64 -47 0
64 -47 0
64 -47 0
64 -47 0
64 -47 0
64 -47 0
64 -47 0
64 -47 0
64 -47 0
64 -47 0
64 -47 0
64 -47 0
64 -47 0
64 -47 0
64 -47 0
64 -47 0
64 -47 0
64 -47 0
64 -47 0
64 -47 0
64 -47 0
64 -47 0
64 -47 0
64 -47 0
64 -47 0
64 -47 0
64 -47 0
64 -47 0
64 -47 0
64 -47 0
64 -47 0
64 -47 0
64 -47 0
64 -47 0
5
573 317 967
44 -24 0
44 -24 0
44 -24 0
44 -24 0
44 -24 0
44 -24 0
44 -24 0
44 -24 0
44 -24 0
44 -24 0
44 -24 0
44 -24 0
44 -24 0
44 -24 0
44 -24 0
44 -24 0
44 -24 0
44 -24 0
44 -24 0
44 -24 0
44 -24 0
44 -24 0
44 -24 0
44 -24 0
44 -24 0
44 -24 0
44 -24 0
44 -24 0
44 -24 0
44 -24 0
44 -24 0
44 -24 0
44 -24 0
44 -24 0
44 -24 0
44 -24 0
44 -24 0
44 -24 0
44 -24 0
44 -24 0
44 -24 0
44 -24 0
44 -24 0
44 -24 0
44 -24 0
44 -24 0
44 -24 0
44 -24 0
44 -24 0
44 -24 0
44 -24 0
44 -24 0
44 -24 0
44 -24 0
44 -24 0
44 -24 0
44 -24 0
44 -24 0
44 -24 0
44 -24 0
44 -24 0
44 -24 0
44 -24 0
6
543 283 846
71 -26 0
71 -26 0
71 -26 0
71 -26 0
71 -26 0
71 -26 0
71 -26 0
71 -26 0
71 -26 0
71 -26 0
71 -26 0
71 -26 0
71 -26 0
71 -26 0
71 -26 0
71 -26 0
71 -26 0
71 -26 0
71 -26 0
71 -26 0
71 -26 0
71 -26 0
71 -26 0
71 -26 0
71 -26 0
71 -26 0
71 -26 0
71 -26 0
71 -26 0
71 -26 0
71 -26 0
71 -26 0
71 -26 0
71 -26 0
71 -26 0
71 -26 0
71 -26 0
71 -26 0
71 -26 0
71 -26 0
71 -26 0
71 -26 0
71 -26 0
71 -26 0
71 -26 0
71 -26 0
71 -26 0
71 -26 0
71 -26 0
71 -26 0
71 -26 0
71 -26 0
71 -26 0
71 -26 0
71 -26 0
71 -26 0
71 -26 0
71 -26 0
71 -26 0
71 -26 0
71 -26 0
71 -26 0
71 -26 0
7
548 311 1092
-11 -37 0
-11 -37 0
-11 -37 0
-11 -37 0
-11 -37 0
-11 -37 0
-11 -37 0
-11 -37 0
-11 -37 0
-11 -37 0
-11 -37 0
-11 -37 0
-11 -37 0
-11 -37 0
-11 -37 0
-11 -37 0
-11 -37 0
-11 -37 0
-11 -37 0
-11 -37 0
-11 -37 0
-11 -37 0
-11 -37 0
-11 -37 0
-11 -37 0
-11 -37 0
-11 -37 0
-11 -37 0
-11 -37 0
-11 -37 0
-11 -37 0
-11 -37 0
-11 -37 0
-11 -37 0
-11 -37 0
-11 -37 0
-11 -37 0
-11 -37 0
-11 -37 0
-11 -37 0
-11 -37 0
-11 -37 0
-11 -37 0
-11 -37 0
-11 -37 0
-11 -37 0
-11 -37 0
-11 -37 0
-11 -37 0
-11 -37 0
-11 -37 0
-11 -37 0
-11 -37 0
-11 -37 0
-11 -37 0
-11 -37 0
-11 -37 0
-11 -37 0
-11 -37 0
-11 -37 0
-11 -37 0
-11 -37 0
-11 -37 0
8
556 301 943
42 -28 0
42 -28 0
42 -28 0
42 -28 0
42 -28 0
42 -28 0
42 -28 0
42 -28 0
42 -28 0
42 -28 0
42 -28 0
42 -28 0
42 -28 0
42 -28 0
42 -28 0
42 -28 0
42 -28 0
42 -28 0
42 -28 0
42 -28 0
42 -28 0
42 -28 0
42 -28 0
42 -28 0
42 -28 0
42 -28 0
42 -28 0
42 -28 0
42 -28 0
42 -28 0
42 -28 0
42 -28 0
42 -28 0
42 -28 0
42 -28 0
42 -28 0
42 -28 0
42 -28 0
42 -28 0
42 -28 0
42 -28 0
42 -28 0
42 -28 0
42 -28 0
42 -28 0
42 -28 0
42 -28 0
42 -28 0
42 -28 0
42 -28 0
42 -28 0
42 -28 0
42 -28 0
42 -28 0
42 -28 0
42 -28 0
42 -28 0
42 -28 0
42 -28 0
42 -28 0
42 -28 0
42 -28 0
42 -28 0
9
572 283 930
72 -39 0
72 -39 0
72 -39 0
72 -39 0
72 -39 0
72 -39 0
72 -39 0
72 -39 0
72 -39 0
72 -39 0
72 -39 0
72 -39 0
72 -39 0
72 -39 0
72 -39 0
72 -39 0
72 -39 0
72 -39 0
72 -39 0
72 -39 0
72 -39 0
72 -39 0
72 -39 0
72 -39 0
72 -39 0
72 -39 0
72 -39 0
72 -39 0
72 -39 0
72 -39 0
72 -39 0
72 -39 0
72 -39 0
72 -39 0
72 -39 0
72 -39 0
72 -39 0
72 -39 0
72 -39 0
72 -39 0
72 -39 0
72 -39 0
72 -39 0
72 -39 0
72 -39 0
72 -39 0
72 -39 0
72 -39 0
72 -39 0
72 -39 0
72 -39 0
72 -39 0
72 -39 0
72 -39 0
72 -39 0
72 -39 0
72 -39 0
72 -39 0
72 -39 0
72 -39 0
72 -39 0
72 -39 0
72 -39 0
10
571 286 922
2 7 0
2 7 0
2 7 0
2 7 0
2 7 0
2 7 0
2 7 0
2 7 0
2 7 0
2 7 0
2 7 0
2 7 0
2 7 0
2 7 0
2 7 0
2 7 0
2 7 0
2 7 0
2 7 0
2 7 0
2 7 0
2 7 0
2 7 0
2 7 0
2 7 0
2 7 0
2 7 0
2 7 0
2 7 0
2 7 0
2 7 0
2 7 0
2 7 0
2 7 0
2 7 0
2 7 0
2 7 0
2 7 0
2 7 0
2 7 0
2 7 0
2 7 0
2 7 0
2 7 0
2 7 0
2 7 0
2 7 0
2 7 0
2 7 0
2 7 0
2 7 0
2 7 0
2 7 0
2 7 0
2 7 0
2 7 0
2 7 0
2 7 0
2 7 0
2 7 0
2 7 0
2 7 0
2 7 0
11
559 300 935
12 -27 0
12 -27 0
12 -27 0
12 -27 0
12 -27 0
12 -27 0
12 -27 0
12 -27 0
12 -27 0
12 -27 0
12 -27 0
12 -27 0
12 -27 0
12 -27 0
12 -27 0
12 -27 0
12 -27 0
12 -27 0
12 -27 0
12 -27 0
12 -27 0
12 -27 0
12 -27 0
12 -27 0
12 -27 0
12 -27 0
12 -27 0
12 -27 0
12 -27 0
12 -27 0
12 -27 0
12 -27 0
12 -27 0
12 -27 0
12 -27 0
12 -27 0
12 -27 0
12 -27 0
12 -27 0
12 -27 0
12 -27 0
12 -27 0
12 -27 0
12 -27 0
12 -27 0
12 -27 0
12 -27 0
12 -27 0
12 -27 0
12 -27 0
12 -27 0
12 -27 0
12 -27 0
12 -27 0
12 -27 0
12 -27 0
12 -27 0
12 -27 0
12 -27 0
12 -27 0
12 -27 0
12 -27 0
12 -27 0
12
574 305 940
25 -23 0
25 -23 0
25 -23 0
25 -23 0
25 -23 0
25 -23 0
25 -23 0
25 -23 0
25 -23 0
25 -23 0
25 -23 0
25 -23 0
25 -23 0
25 -23 0
25 -23 0
25 -23 0
25 -23 0
25 -23 0
25 -23 0
25 -23 0
25 -23 0
25 -23 0
25 -23 0
25 -23 0
25 -23 0
25 -23 0
25 -23 0
25 -23 0
25 -23 0
25 -23 0
25 -23 0
25 -23 0
25 -23 0
25 -23 0
25 -23 0
25 -23 0
25 -23 0
25 -23 0
25 -23 0
25 -23 0
25 -23 0
25 -23 0
25 -23 0
25 -23 0
25 -23 0
25 -23 0
25 -23 0
25 -23 0
25 -23 0
25 -23 0
25 -23 0
25 -23 0
25 -23 0
25 -23 0
25 -23 0
25 -23 0
25 -23 0
25 -23 0
25 -23 0
25 -23 0
25 -23 0
25 -23 0
25 -23 0
13
571 299 821
-64 -51 0
-64 -51 0
-64 -51 0
-64 -51 0
-64 -51 0
-64 -51 0
-64 -51 0
-64 -51 0
-64 -51 0
-64 -51 0
-64 -51 0
-64 -51 0
-64 -51 0
-64 -51 0
-64 -51 0
-64 -51 0
-64 -51 0
-64 -51 0
-64 -51 0
-64 -51 0
-64 -51 0
-64 -51 0
-64 -51 0
-64 -51 0
-64 -51 0
-64 -51 0
-64 -51 0
-64 -51 0
-64 -51 0
-64 -51 0
-64 -51 0
-64 -51 0
-64 -51 0
-64 -51 0
-64 -51 0
-64 -51 0
-64 -51 0
-64 -51 0
-64 -51 0
-64 -51 0
-64 -51 0
-64 -51 0
-64 -51 0
-64 -51 0
-64 -51 0
-64 -51 0
-64 -51 0
-64 -51 0
-64 -51 0
-64 -51 0
-64 -51 0
-64 -51 0
-64 -51 0
-64 -51 0
-64 -51 0
-64 -51 0
-64 -51 0
-64 -51 0
-64 -51 0
-64 -51 0
-64 -51 0
-64 -51 0
-64 -51 0
14
563 301 1081
-35 -26 0
-35 -26 0
-35 -26 0
-35 -26 0
-35 -26 0
-35 -26 0
-35 -26 0
-35 -26 0
-35 -26 0
-35 -26 0
-35 -26 0
-35 -26 0
-35 -26 0
-35 -26 0
-35 -26 0
-35 -26 0
-35 -26 0
-35 -26 0
-35 -26 0
-35 -26 0
-35 -26 0
-35 -26 0
-35 -26 0
-35 -26 0
-35 -26 0
-35 -26 0
-35 -26 0
-35 -26 0
-35 -26 0
-35 -26 0
-35 -26 0
-35 -26 0
-35 -26 0
-35 -26 0
-35 -26 0
-35 -26 0
-35 -26 0
-35 -26 0
-35 -26 0
-35 -26 0
-35 -26 0
-35 -26 0
-35 -26 0
-35 -26 0
-35 -26 0
-35 -26 0
-35 -26 0
-35 -26 0
-35 -26 0
-35 -26 0
-35 -26 0
-35 -26 0
-35 -26 0
-35 -26 0
-35 -26 0
-35 -26 0
-35 -26 0
-35 -26 0
-35 -26 0
-35 -26 0
-35 -26 0
-35 -26 0
-35 -26 0
15
556 282 922
43 12 0
43 12 0
43 12 0
43 12 0
43 12 0
43 12 0
43 12 0
43 12 0
43 12 0
43 12 0
43 12 0
43 12 0
43 12 0
43 12 0
43 12 0
43 12 0
43 12 0
43 12 0
43 12 0
43 12 0
43 12 0
43 12 0
43 12 0
43 12 0
43 12 0
43 12 0
43 12 0
43 12 0
43 12 0
43 12 0
43 12 0
43 12 0
43 12 0
43 12 0
43 12 0
43 12 0
43 12 0
43 12 0
43 12 0
43 12 0
43 12 0
43 12 0
43 12 0
43 12 0
43 12 0
43 12 0
43 12 0
43 12 0
43 12 0
43 12 0
43 12 0
43 12 0
43 12 0
43 12 0
43 12 0
43 12 0
43 12 0
43 12 0
43 12 0
43 12 0
43 12 0
43 12 0
43 12 0
16
555 293 1039
11 -18 0
11 -18 0
11 -18 0
11 -18 0
11 -18 0
11 -18 0
11 -18 0
11 -18 0
11 -18 0
11 -18 0
11 -18 0
11 -18 0
11 -18 0
11 -18 0
11 -18 0
11 -18 0
11 -18 0
11 -18 0
11 -18 0
11 -18 0
11 -18 0
11 -18 0
11 -18 0
11 -18 0
11 -18 0
11 -18 0
11 -18 0
11 -18 0
11 -18 0
11 -18 0
11 -18 0
11 -18 0
11 -18 0
11 -18 0
11 -18 0
11 -18 0
11 -18 0
11 -18 0
11 -18 0
11 -18 0
11 -18 0
11 -18 0
11 -18 0
11 -18 0
11 -18 0
11 -18 0
11 -18 0
11 -18 0
11 -18 0
11 -18 0
11 -18 0
11 -18 0
11 -18 0
11 -18 0
11 -18 0
11 -18 0
11 -18 0
11 -18 0
11 -18 0
11 -18 0
11 -18 0
11 -18 0
11 -18 0
17
555 271 1063
24 -21 0
24 -21 0
24 -21 0
24 -21 0
24 -21 0
24 -21 0
24 -21 0
24 -21 0
24 -21 0
24 -21 0
24 -21 0
24 -21 0
24 -21 0
24 -21 0
24 -21 0
24 -21 0
24 -21 0
24 -21 0
24 -21 0
24 -21 0
24 -21 0
24 -21 0
24 -21 0
24 -21 0
24 -21 0
24 -21 0
24 -21 0
24 -21 0
24 -21 0
24 -21 0
24 -21 0
24 -21 0
24 -21 0
24 -21 0
24 -21 0
24 -21 0
24 -21 0
24 -21 0
24 -21 0
24 -21 0
24 -21 0
24 -21 0
24 -21 0
24 -21 0
24 -21 0
24 -21 0
24 -21 0
24 -21 0
24 -21 0
24 -21 0
24 -21 0
24 -21 0
24 -21 0
24 -21 0
24 -21 0
24 -21 0
24 -21 0
24 -21 0
24 -21 0
24 -21 0
24 -21 0
24 -21 0
24 -21 0
18
569 309 777
38 -59 0
38 -59 0
38 -59 0
38 -59 0
38 -59 0
38 -59 0
38 -59 0
38 -59 0
38 -59 0
38 -59 0
38 -59 0
38 -59 0
38 -59 0
38 -59 0
38 -59 0
38 -59 0
38 -59 0
38 -59 0
38 -59 0
38 -59 0
38 -59 0
38 -59 0
38 -59 0
38 -59 0
38 -59 0
38 -59 0
38 -59 0
38 -59 0
38 -59 0
38 -59 0
38 -59 0
38 -59 0
38 -59 0
38 -59 0
38 -59 0
38 -59 0
38 -59 0
38 -59 0
38 -59 0
38 -59 0
38 -59 0
38 -59 0
38 -59 0
38 -59 0
38 -59 0
38 -59 0
38 -59 0
38 -59 0
38 -59 0
38 -59 0
38 -59 0
38 -59 0
38 -59 0
38 -59 0
38 -59 0
38 -59 0
38 -59 0
38 -59 0
38 -59 0
38 -59 0
38 -59 0
38 -59 0
38 -59 0
19
567 294 745
46 -43 0
46 -43 0
46 -43 0
46 -43 0
46 -43 0
46 -43 0
46 -43 0
46 -43 0
46 -43 0
46 -43 0
46 -43 0
46 -43 0
46 -43 0
46 -43 0
46 -43 0
46 -43 0
46 -43 0
46 -43 0
46 -43 0
46 -43 0
46 -43 0
46 -43 0
46 -43 0
46 -43 0
46 -43 0
46 -43 0
46 -43 0
46 -43 0
46 -43 0
46 -43 0
46 -43 0
46 -43 0
46 -43 0
46 -43 0
46 -43 0
46 -43 0
46 -43 0
46 -43 0
46 -43 0
46 -43 0
46 -43 0
46 -43 0
46 -43 0
46 -43 0
46 -43 0
46 -43 0
46 -43 0
46 -43 0
46 -43 0
46 -43 0
46 -43 0
46 -43 0
46 -43 0
46 -43 0
46 -43 0
46 -43 0
46 -43 0
46 -43 0
46 -43 0
46 -43 0
46 -43 0
46 -43 0
46 -43 0
20
564 308 1007
-16 -27 0
-16 -27 0
-16 -27 0
-16 -27 0
-16 -27 0
-16 -27 0
-16 -27 0
-16 -27 0
-16 -27 0
-16 -27 0
-16 -27 0
-16 -27 0
-16 -27 0
-16 -27 0
-16 -27 0
-16 -27 0
-16 -27 0
-16 -27 0
-16 -27 0
-16 -27 0
-16 -27 0
-16 -27 0
-16 -27 0
-16 -27 0
-16 -27 0
-16 -27 0
-16 -27 0
-16 -27 0
-16 -27 0
-16 -27 0
-16 -27 0
-16 -27 0
-16 -27 0
-16 -27 0
-16 -27 0
-16 -27 0
-16 -27 0
-16 -27 0
-16 -27 0
-16 -27 0
-16 -27 0
-16 -27 0
-16 -27 0
-16 -27 0
-16 -27 0
-16 -27 0
-16 -27 0
-16 -27 0
-16 -27 0
-16 -27 0
-16 -27 0
-16 -27 0
-16 -27 0
-16 -27 0
-16 -27 0
-16 -27 0
-16 -27 0
-16 -27 0
-16 -27 0
-16 -27 0
-16 -27 0
-16 -27 0
-16 -27 0
21
562 299 936
35 -17 0
35 -17 0
35 -17 0
35 -17 0
35 -17 0
35 -17 0
35 -17 0
35 -17 0
35 -17 0
35 -17 0
35 -17 0
35 -17 0
35 -17 0
35 -17 0
35 -17 0
35 -17 0
35 -17 0
35 -17 0
35 -17 0
35 -17 0
35 -17 0
35 -17 0
35 -17 0
35 -17 0
35 -17 0
35 -17 0
35 -17 0
35 -17 0
35 -17 0
35 -17 0
35 -17 0
35 -17 0
35 -17 0
35 -17 0
35 -17 0
35 -17 0
35 -17 0
35 -17 0
35 -17 0
35 -17 0
35 -17 0
35 -17 0
35 -17 0
35 -17 0
35 -17 0
35 -17 0
35 -17 0
35 -17 0
35 -17 0
35 -17 0
35 -17 0
35 -17 0
35 -17 0
35 -17 0
35 -17 0
35 -17 0
35 -17 0
35 -17 0
35 -17 0
35 -17 0
35 -17 0
35 -17 0
35 -17 0
22
561 300 1097
-20 13 0
-20 13 0
-20 13 0
-20 13 0
-20 13 0
-20 13 0
-20 13 0
-20 13 0
-20 13 0
-20 13 0
-20 13 0
-20 13 0
-20 13 0
-20 13 0
-20 13 0
-20 13 0
-20 13 0
-20 13 0
-20 13 0
-20 13 0
-20 13 0
-20 13 0
-20 13 0
-20 13 0
-20 13 0
-20 13 0
-20 13 0
-20 13 0
-20 13 0
-20 13 0
-20 13 0
-20 13 0
-20 13 0
-20 13 0
-20 13 0
-20 13 0
-20 13 0
-20 13 0
-20 13 0
-20 13 0
-20 13 0
-20 13 0
-20 13 0
-20 13 0
-20 13 0
-20 13 0
-20 13 0
-20 13 0
-20 13 0
-20 13 0
-20 13 0
-20 13 0
-20 13 0
-20 13 0
-20 13 0
-20 13 0
-20 13 0
-20 13 0
-20 13 0
-20 13 0
-20 13 0
-20 13 0
-20 13 0
23
568 299 745
103 5 0
103 5 0
103 5 0
103 5 0
103 5 0
103 5 0
103 5 0
103 5 0
103 5 0
103 5 0
103 5 0
103 5 0
103 5 0
103 5 0
103 5 0
103 5 0
103 5 0
103 5 0
103 5 0
103 5 0
103 5 0
103 5 0
103 5 0
103 5 0
103 5 0
103 5 0
103 5 0
103 5 0
103 5 0
103 5 0
103 5 0
103 5 0
103 5 0
103 5 0
103 5 0
103 5 0
103 5 0
103 5 0
103 5 0
103 5 0
103 5 0
103 5 0
103 5 0
103 5 0
103 5 0
103 5 0
103 5 0
103 5 0
103 5 0
103 5 0
103 5 0
103 5 0
103 5 0
103 5 0
103 5 0
103 5 0
103 5 0
103 5 0
103 5 0
103 5 0
103 5 0
103 5 0
103 5 0
24
569 307 841
34 -27 0
34 -27 0
34 -27 0
34 -27 0
34 -27 0
34 -27 0
34 -27 0
34 -27 0
34 -27 0
34 -27 0
34 -27 0
34 -27 0
34 -27 0
34 -27 0
34 -27 0
34 -27 0
34 -27 0
34 -27 0
34 -27 0
34 -27 0
34 -27 0
34 -27 0
34 -27 0
34 -27 0
34 -27 0
34 -27 0
34 -27 0
34 -27 0
34 -27 0
34 -27 0
34 -27 0
34 -27 0
34 -27 0
34 -27 0
34 -27 0
34 -27 0
34 -27 0
34 -27 0
34 -27 0
34 -27 0
34 -27 0
34 -27 0
34 -27 0
34 -27 0
34 -27 0
34 -27 0
34 -27 0
34 -27 0
34 -27 0
34 -27 0
34 -27 0
34 -27 0
34 -27 0
34 -27 0
34 -27 0
34 -27 0
34 -27 0
34 -27 0
34 -27 0
34 -27 0
34 -27 0
34 -27 0
34 -27 0
25
566 301 905
52 -30 0
52 -30 0
52 -30 0
52 -30 0
52 -30 0
52 -30 0
52 -30 0
52 -30 0
52 -30 0
52 -30 0
52 -30 0
52 -30 0
52 -30 0
52 -30 0
52 -30 0
52 -30 0
52 -30 0
52 -30 0
52 -30 0
52 -30 0
52 -30 0
52 -30 0
52 -30 0
52 -30 0
52 -30 0
52 -30 0
52 -30 0
52 -30 0
52 -30 0
52 -30 0
52 -30 0
52 -30 0
52 -30 0
52 -30 0
52 -30 0
52 -30 0
52 -30 0
52 -30 0
52 -30 0
52 -30 0
52 -30 0
52 -30 0
52 -30 0
52 -30 0
52 -30 0
52 -30 0
52 -30 0
52 -30 0
52 -30 0
52 -30 0
52 -30 0
52 -30 0
52 -30 0
52 -30 0
52 -30 0
52 -30 0
52 -30 0
52 -30 0
52 -30 0
52 -30 0
52 -30 0
52 -30 0
52 -30 0
26
553 304 1209
-99 11 0
-99 11 0
-99 11 0
-99 11 0
-99 11 0
-99 11 0
-99 11 0
-99 11 0
-99 11 0
-99 11 0
-99 11 0
-99 11 0
-99 11 0
-99 11 0
-99 11 0
-99 11 0
-99 11 0
-99 11 0
-99 11 0
-99 11 0
-99 11 0
-99 11 0
-99 11 0
-99 11 0
-99 11 0
-99 11 0
-99 11 0
-99 11 0
-99 11 0
-99 11 0
-99 11 0
-99 11 0
-99 11 0
-99 11 0
-99 11 0
-99 11 0
-99 11 0
-99 11 0
-99 11 0
-99 11 0
-99 11 0
-99 11 0
-99 11 0
-99 11 0
-99 11 0
-99 11 0
-99 11 0
-99 11 0
-99 11 0
-99 11 0
-99 11 0
-99 11 0
-99 11 0
-99 11 0
-99 11 0
-99 11 0
-99 11 0
-99 11 0
-99 11 0
-99 11 0
-99 11 0
-99 11 0
-99 11 0
27
535 286 1198
-117 -5 0
-117 -5 0
-117 -5 0
-117 -5 0
-117 -5 0
-117 -5 0
-117 -5 0
-117 -5 0
-117 -5 0
-117 -5 0
-117 -5 0
-117 -5 0
-117 -5 0
-117 -5 0
-117 -5 0
-117 -5 0
-117 -5 0
-117 -5 0
-117 -5 0
-117 -5 0
-117 -5 0
-117 -5 0
-117 -5 0
-117 -5 0
-117 -5 0
-117 -5 0
-117 -5 0
-117 -5 0
-117 -5 0
-117 -5 0
-117 -5 0
-117 -5 0
-117 -5 0
-117 -5 0
-117 -5 0
-117 -5 0
-117 -5 0
-117 -5 0
-117 -5 0
-117 -5 0
-117 -5 0
-117 -5 0
-117 -5 0
-117 -5 0
-117 -5 0
-117 -5 0
-117 -5 0
-117 -5 0
-117 -5 0
-117 -5 0
-117 -5 0
-117 -5 0
-117 -5 0
-117 -5 0
-117 -5 0
-117 -5 0
-117 -5 0
-117 -5 0
-117 -5 0
-117 -5 0
-117 -5 0
-117 -5 0
-117 -5 0
28
543 297 1094
26 1 0
26 1 0
26 1 0
26 1 0
26 1 0
26 1 0
26 1 0
26 1 0
26 1 0
26 1 0
26 1 0
26 1 0
26 1 0
26 1 0
26 1 0
26 1 0
26 1 0
26 1 0
26 1 0
26 1 0
26 1 0
26 1 0
26 1 0
26 1 0
26 1 0
26 1 0
26 1 0
26 1 0
26 1 0
26 1 0
26 1 0
26 1 0
26 1 0
26 1 0
26 1 0
26 1 0
26 1 0
26 1 0
26 1 0
26 1 0
26 1 0
26 1 0
26 1 0
26 1 0
26 1 0
26 1 0
26 1 0
26 1 0
26 1 0
26 1 0
26 1 0
26 1 0
26 1 0
26 1 0
26 1 0
26 1 0
26 1 0
26 1 0
26 1 0
26 1 0
26 1 0
26 1 0
26 1 0
29
548 289 1183
-27 -6 0
-27 -6 0
-27 -6 0
-27 -6 0
-27 -6 0
-27 -6 0
-27 -6 0
-27 -6 0
-27 -6 0
-27 -6 0
-27 -6 0
-27 -6 0
-27 -6 0
-27 -6 0
-27 -6 0
-27 -6 0
-27 -6 0
-27 -6 0
-27 -6 0
-27 -6 0
-27 -6 0
-27 -6 0
-27 -6 0
-27 -6 0
-27 -6 0
-27 -6 0
-27 -6 0
-27 -6 0
-27 -6 0
-27 -6 0
-27 -6 0
-27 -6 0
-27 -6 0
-27 -6 0
-27 -6 0
-27 -6 0
-27 -6 0
-27 -6 0
-27 -6 0
-27 -6 0
-27 -6 0
-27 -6 0
-27 -6 0
-27 -6 0
-27 -6 0
-27 -6 0
-27 -6 0
-27 -6 0
-27 -6 0
-27 -6 0
-27 -6 0
-27 -6 0
-27 -6 0
-27 -6 0
-27 -6 0
-27 -6 0
-27 -6 0
-27 -6 0
-27 -6 0
-27 -6 0
-27 -6 0
-27 -6 0
-27 -6 0
30
529 290 1181
-68 -25 0
-68 -25 0
-68 -25 0
-68 -25 0
-68 -25 0
-68 -25 0
-68 -25 0
-68 -25 0
-68 -25 0
-68 -25 0
-68 -25 0
-68 -25 0
-68 -25 0
-68 -25 0
-68 -25 0
-68 -25 0
-68 -25 0
-68 -25 0
-68 -25 0
-68 -25 0
-68 -25 0
-68 -25 0
-68 -25 0
-68 -25 0
-68 -25 0
-68 -25 0
-68 -25 0
-68 -25 0
-68 -25 0
-68 -25 0
-68 -25 0
-68 -25 0
-68 -25 0
-68 -25 0
-68 -25 0
-68 -25 0
-68 -25 0
-68 -25 0
-68 -25 0
-68 -25 0
-68 -25 0
-68 -25 0
-68 -25 0
-68 -25 0
-68 -25 0
-68 -25 0
-68 -25 0
-68 -25 0
-68 -25 0
-68 -25 0
-68 -25 0
-68 -25 0
-68 -25 0
-68 -25 0
-68 -25 0
-68 -25 0
-68 -25 0
-68 -25 0
-68 -25 0
-68 -25 0
-68 -25 0
-68 -25 0
-68 -25 0
