1
603 341 1547
801 209 2503
395 317 504
48 13 0
48 13 0
48 13 0
48 13 0
48 13 0
48 13 0
48 13 0
48 13 0
48 13 0
48 13 0
48 13 0
48 13 0
48 13 0
48 13 0
48 13 0
48 13 0
48 13 0
48 13 0
48 13 0
48 13 0
48 13 0
48 13 0
48 13 0
48 13 0
48 13 0
48 13 0
48 13 0
48 13 0
48 13 0
48 13 0
48 13 0
48 13 0
48 13 0
48 13 0
48 13 0
48 13 0
48 13 0
48 13 0
48 13 0
48 13 0
48 13 0
48 13 0
48 13 0
48 13 0
48 13 0
48 13 0
48 13 0
48 13 0
48 13 0
48 13 0
48 13 0
48 13 0
48 13 0
48 13 0
48 13 0
48 13 0
48 13 0
48 13 0
48 13 0
48 13 0
48 13 0
2
468 316 834
627 369 2275
733 226 3081
72 37 0
72 37 0
72 37 0
72 37 0
72 37 0
72 37 0
72 37 0
72 37 0
72 37 0
72 37 0
72 37 0
72 37 0
72 37 0
72 37 0
72 37 0
72 37 0
72 37 0
72 37 0
72 37 0
72 37 0
72 37 0
72 37 0
72 37 0
72 37 0
72 37 0
72 37 0
72 37 0
72 37 0
72 37 0
72 37 0
72 37 0
72 37 0
72 37 0
72 37 0
72 37 0
72 37 0
72 37 0
72 37 0
72 37 0
72 37 0
72 37 0
72 37 0
72 37 0
72 37 0
72 37 0
72 37 0
72 37 0
72 37 0
72 37 0
72 37 0
72 37 0
72 37 0
72 37 0
72 37 0
72 37 0
72 37 0
72 37 0
72 37 0
72 37 0
72 37 0
72 37 0
3
473 277 741
718 310 1971
-13 38 0
-13 38 0
-13 38 0
-13 38 0
-13 38 0
-13 38 0
-13 38 0
-13 38 0
-13 38 0
-13 38 0
-13 38 0
-13 38 0
-13 38 0
-13 38 0
-13 38 0
-13 38 0
-13 38 0
-13 38 0
-13 38 0
-13 38 0
-13 38 0
-13 38 0
-13 38 0
-13 38 0
-13 38 0
-13 38 0
-13 38 0
-13 38 0
-13 38 0
-13 38 0
-13 38 0
-13 38 0
-13 38 0
-13 38 0
-13 38 0
-13 38 0
-13 38 0
-13 38 0
-13 38 0
-13 38 0
-13 38 0
-13 38 0
-13 38 0
-13 38 0
-13 38 0
-13 38 0
-13 38 0
-13 38 0
-13 38 0
-13 38 0
-13 38 0
-13 38 0
-13 38 0
-13 38 0
-13 38 0
-13 38 0
-13 38 0
-13 38 0
-13 38 0
-13 38 0
-13 38 0
-13 38 0
4
481 306 859
686 304 2181
30 12 0
30 12 0
30 12 0
30 12 0
30 12 0
30 12 0
30 12 0
30 12 0
30 12 0
30 12 0
30 12 0
30 12 0
30 12 0
30 12 0
30 12 0
30 12 0
30 12 0
30 12 0
30 12 0
30 12 0
30 12 0
30 12 0
30 12 0
30 12 0
30 12 0
30 12 0
30 12 0
30 12 0
30 12 0
30 12 0
30 12 0
30 12 0
30 12 0
30 12 0
30 12 0
30 12 0
30 12 0
30 12 0
30 12 0
30 12 0
30 12 0
30 12 0
30 12 0
30 12 0
30 12 0
30 12 0
30 12 0
30 12 0
30 12 0
30 12 0
30 12 0
30 12 0
30 12 0
30 12 0
30 12 0
30 12 0
30 12 0
30 12 0
30 12 0
30 12 0
30 12 0
30 12 0
5
453 302 1020
687 303 2769
-23 27 0
-23 27 0
-23 27 0
-23 27 0
-23 27 0
-23 27 0
-23 27 0
-23 27 0
-23 27 0
-23 27 0
-23 27 0
-23 27 0
-23 27 0
-23 27 0
-23 27 0
-23 27 0
-23 27 0
-23 27 0
-23 27 0
-23 27 0
-23 27 0
-23 27 0
-23 27 0
-23 27 0
-23 27 0
-23 27 0
-23 27 0
-23 27 0
-23 27 0
-23 27 0
-23 27 0
-23 27 0
-23 27 0
-23 27 0
-23 27 0
-23 27 0
-23 27 0
-23 27 0
-23 27 0
-23 27 0
-23 27 0
-23 27 0
-23 27 0
-23 27 0
-23 27 0
-23 27 0
-23 27 0
-23 27 0
-23 27 0
-23 27 0
-23 27 0
-23 27 0
-23 27 0
-23 27 0
-23 27 0
-23 27 0
-23 27 0
-23 27 0
-23 27 0
-23 27 0
-23 27 0
-23 27 0
6
520 337 1257
681 307 2913
438 216 312
57 45 0
57 45 0
57 45 0
57 45 0
57 45 0
57 45 0
57 45 0
57 45 0
57 45 0
57 45 0
57 45 0
57 45 0
57 45 0
57 45 0
57 45 0
57 45 0
57 45 0
57 45 0
57 45 0
57 45 0
57 45 0
57 45 0
57 45 0
57 45 0
57 45 0
57 45 0
57 45 0
57 45 0
57 45 0
57 45 0
57 45 0
57 45 0
57 45 0
57 45 0
57 45 0
57 45 0
57 45 0
57 45 0
57 45 0
57 45 0
57 45 0
57 45 0
57 45 0
57 45 0
57 45 0
57 45 0
57 45 0
57 45 0
57 45 0
57 45 0
57 45 0
57 45 0
57 45 0
57 45 0
57 45 0
57 45 0
57 45 0
57 45 0
57 45 0
57 45 0
57 45 0
7
491 307 806
702 321 2340
9 10 0
9 10 0
9 10 0
9 10 0
9 10 0
9 10 0
9 10 0
9 10 0
9 10 0
9 10 0
9 10 0
9 10 0
9 10 0
9 10 0
9 10 0
9 10 0
9 10 0
9 10 0
9 10 0
9 10 0
9 10 0
9 10 0
9 10 0
9 10 0
9 10 0
9 10 0
9 10 0
9 10 0
9 10 0
9 10 0
9 10 0
9 10 0
9 10 0
9 10 0
9 10 0
9 10 0
9 10 0
9 10 0
9 10 0
9 10 0
9 10 0
9 10 0
9 10 0
9 10 0
9 10 0
9 10 0
9 10 0
9 10 0
9 10 0
9 10 0
9 10 0
9 10 0
9 10 0
9 10 0
9 10 0
9 10 0
9 10 0
9 10 0
9 10 0
9 10 0
9 10 0
9 10 0
8
457 312 682
701 298 2282
-22 6 0
-22 6 0
-22 6 0
-22 6 0
-22 6 0
-22 6 0
-22 6 0
-22 6 0
-22 6 0
-22 6 0
-22 6 0
-22 6 0
-22 6 0
-22 6 0
-22 6 0
-22 6 0
-22 6 0
-22 6 0
-22 6 0
-22 6 0
-22 6 0
-22 6 0
-22 6 0
-22 6 0
-22 6 0
-22 6 0
-22 6 0
-22 6 0
-22 6 0
-22 6 0
-22 6 0
-22 6 0
-22 6 0
-22 6 0
-22 6 0
-22 6 0
-22 6 0
-22 6 0
-22 6 0
-22 6 0
-22 6 0
-22 6 0
-22 6 0
-22 6 0
-22 6 0
-22 6 0
-22 6 0
-22 6 0
-22 6 0
-22 6 0
-22 6 0
-22 6 0
-22 6 0
-22 6 0
-22 6 0
-22 6 0
-22 6 0
-22 6 0
-22 6 0
-22 6 0
-22 6 0
-22 6 0
9
521 326 1004
743 245 2246
37 11 0
37 11 0
37 11 0
37 11 0
37 11 0
37 11 0
37 11 0
37 11 0
37 11 0
37 11 0
37 11 0
37 11 0
37 11 0
37 11 0
37 11 0
37 11 0
37 11 0
37 11 0
37 11 0
37 11 0
37 11 0
37 11 0
37 11 0
37 11 0
37 11 0
37 11 0
37 11 0
37 11 0
37 11 0
37 11 0
37 11 0
37 11 0
37 11 0
37 11 0
37 11 0
37 11 0
37 11 0
37 11 0
37 11 0
37 11 0
37 11 0
37 11 0
37 11 0
37 11 0
37 11 0
37 11 0
37 11 0
37 11 0
37 11 0
37 11 0
37 11 0
37 11 0
37 11 0
37 11 0
37 11 0
37 11 0
37 11 0
37 11 0
37 11 0
37 11 0
37 11 0
37 11 0
10
662 295 1773
462 308 634
2 37 0
2 37 0
2 37 0
2 37 0
2 37 0
2 37 0
2 37 0
2 37 0
2 37 0
2 37 0
2 37 0
2 37 0
2 37 0
2 37 0
2 37 0
2 37 0
2 37 0
2 37 0
2 37 0
2 37 0
2 37 0
2 37 0
2 37 0
2 37 0
2 37 0
2 37 0
2 37 0
2 37 0
2 37 0
2 37 0
2 37 0
2 37 0
2 37 0
2 37 0
2 37 0
2 37 0
2 37 0
2 37 0
2 37 0
2 37 0
2 37 0
2 37 0
2 37 0
2 37 0
2 37 0
2 37 0
2 37 0
2 37 0
2 37 0
2 37 0
2 37 0
2 37 0
2 37 0
2 37 0
2 37 0
2 37 0
2 37 0
2 37 0
2 37 0
2 37 0
2 37 0
2 37 0
11
655 307 1804
467 303 670
15 73 0
15 73 0
15 73 0
15 73 0
15 73 0
15 73 0
15 73 0
15 73 0
15 73 0
15 73 0
15 73 0
15 73 0
15 73 0
15 73 0
15 73 0
15 73 0
15 73 0
15 73 0
15 73 0
15 73 0
15 73 0
15 73 0
15 73 0
15 73 0
15 73 0
15 73 0
15 73 0
15 73 0
15 73 0
15 73 0
15 73 0
15 73 0
15 73 0
15 73 0
15 73 0
15 73 0
15 73 0
15 73 0
15 73 0
15 73 0
15 73 0
15 73 0
15 73 0
15 73 0
15 73 0
15 73 0
15 73 0
15 73 0
15 73 0
15 73 0
15 73 0
15 73 0
15 73 0
15 73 0
15 73 0
15 73 0
15 73 0
15 73 0
15 73 0
15 73 0
15 73 0
15 73 0
12
676 322 1877
462 307 645
-23 7 0
-23 7 0
-23 7 0
-23 7 0
-23 7 0
-23 7 0
-23 7 0
-23 7 0
-23 7 0
-23 7 0
-23 7 0
-23 7 0
-23 7 0
-23 7 0
-23 7 0
-23 7 0
-23 7 0
-23 7 0
-23 7 0
-23 7 0
-23 7 0
-23 7 0
-23 7 0
-23 7 0
-23 7 0
-23 7 0
-23 7 0
-23 7 0
-23 7 0
-23 7 0
-23 7 0
-23 7 0
-23 7 0
-23 7 0
-23 7 0
-23 7 0
-23 7 0
-23 7 0
-23 7 0
-23 7 0
-23 7 0
-23 7 0
-23 7 0
-23 7 0
-23 7 0
-23 7 0
-23 7 0
-23 7 0
-23 7 0
-23 7 0
-23 7 0
-23 7 0
-23 7 0
-23 7 0
-23 7 0
-23 7 0
-23 7 0
-23 7 0
-23 7 0
-23 7 0
-23 7 0
-23 7 0
13
678 307 2224
469 313 818
-7 -9 0
-7 -9 0
-7 -9 0
-7 -9 0
-7 -9 0
-7 -9 0
-7 -9 0
-7 -9 0
-7 -9 0
-7 -9 0
-7 -9 0
-7 -9 0
-7 -9 0
-7 -9 0
-7 -9 0
-7 -9 0
-7 -9 0
-7 -9 0
-7 -9 0
-7 -9 0
-7 -9 0
-7 -9 0
-7 -9 0
-7 -9 0
-7 -9 0
-7 -9 0
-7 -9 0
-7 -9 0
-7 -9 0
-7 -9 0
-7 -9 0
-7 -9 0
-7 -9 0
-7 -9 0
-7 -9 0
-7 -9 0
-7 -9 0
-7 -9 0
-7 -9 0
-7 -9 0
-7 -9 0
-7 -9 0
-7 -9 0
-7 -9 0
-7 -9 0
-7 -9 0
-7 -9 0
-7 -9 0
-7 -9 0
-7 -9 0
-7 -9 0
-7 -9 0
-7 -9 0
-7 -9 0
-7 -9 0
-7 -9 0
-7 -9 0
-7 -9 0
-7 -9 0
-7 -9 0
-7 -9 0
-7 -9 0
14
536 345 1143
722 224 2840
20 13 0
20 13 0
20 13 0
20 13 0
20 13 0
20 13 0
20 13 0
20 13 0
20 13 0
20 13 0
20 13 0
20 13 0
20 13 0
20 13 0
20 13 0
20 13 0
20 13 0
20 13 0
20 13 0
20 13 0
20 13 0
20 13 0
20 13 0
20 13 0
20 13 0
20 13 0
20 13 0
20 13 0
20 13 0
20 13 0
20 13 0
20 13 0
20 13 0
20 13 0
20 13 0
20 13 0
20 13 0
20 13 0
20 13 0
20 13 0
20 13 0
20 13 0
20 13 0
20 13 0
20 13 0
20 13 0
20 13 0
20 13 0
20 13 0
20 13 0
20 13 0
20 13 0
20 13 0
20 13 0
20 13 0
20 13 0
20 13 0
20 13 0
20 13 0
20 13 0
20 13 0
20 13 0
15
691 299 1915
499 301 612
24 23 0
24 23 0
24 23 0
24 23 0
24 23 0
24 23 0
24 23 0
24 23 0
24 23 0
24 23 0
24 23 0
24 23 0
24 23 0
24 23 0
24 23 0
24 23 0
24 23 0
24 23 0
24 23 0
24 23 0
24 23 0
24 23 0
24 23 0
24 23 0
24 23 0
24 23 0
24 23 0
24 23 0
24 23 0
24 23 0
24 23 0
24 23 0
24 23 0
24 23 0
24 23 0
24 23 0
24 23 0
24 23 0
24 23 0
24 23 0
24 23 0
24 23 0
24 23 0
24 23 0
24 23 0
24 23 0
24 23 0
24 23 0
24 23 0
24 23 0
24 23 0
24 23 0
24 23 0
24 23 0
24 23 0
24 23 0
24 23 0
24 23 0
24 23 0
24 23 0
24 23 0
24 23 0
16
655 298 1728
481 328 496
35 46 0
35 46 0
35 46 0
35 46 0
35 46 0
35 46 0
35 46 0
35 46 0
35 46 0
35 46 0
35 46 0
35 46 0
35 46 0
35 46 0
35 46 0
35 46 0
35 46 0
35 46 0
35 46 0
35 46 0
35 46 0
35 46 0
35 46 0
35 46 0
35 46 0
35 46 0
35 46 0
35 46 0
35 46 0
35 46 0
35 46 0
35 46 0
35 46 0
35 46 0
35 46 0
35 46 0
35 46 0
35 46 0
35 46 0
35 46 0
35 46 0
35 46 0
35 46 0
35 46 0
35 46 0
35 46 0
35 46 0
35 46 0
35 46 0
35 46 0
35 46 0
35 46 0
35 46 0
35 46 0
35 46 0
35 46 0
35 46 0
35 46 0
35 46 0
35 46 0
35 46 0
35 46 0
17
714 307 1921
481 308 628
20 6 0
20 6 0
20 6 0
20 6 0
20 6 0
20 6 0
20 6 0
20 6 0
20 6 0
20 6 0
20 6 0
20 6 0
20 6 0
20 6 0
20 6 0
20 6 0
20 6 0
20 6 0
20 6 0
20 6 0
20 6 0
20 6 0
20 6 0
20 6 0
20 6 0
20 6 0
20 6 0
20 6 0
20 6 0
20 6 0
20 6 0
20 6 0
20 6 0
20 6 0
20 6 0
20 6 0
20 6 0
20 6 0
20 6 0
20 6 0
20 6 0
20 6 0
20 6 0
20 6 0
20 6 0
20 6 0
20 6 0
20 6 0
20 6 0
20 6 0
20 6 0
20 6 0
20 6 0
20 6 0
20 6 0
20 6 0
20 6 0
20 6 0
20 6 0
20 6 0
20 6 0
20 6 0
18
686 331 1884
483 330 578
32 1 0
32 1 0
32 1 0
32 1 0
32 1 0
32 1 0
32 1 0
32 1 0
32 1 0
32 1 0
32 1 0
32 1 0
32 1 0
32 1 0
32 1 0
32 1 0
32 1 0
32 1 0
32 1 0
32 1 0
32 1 0
32 1 0
32 1 0
32 1 0
32 1 0
32 1 0
32 1 0
32 1 0
32 1 0
32 1 0
32 1 0
32 1 0
32 1 0
32 1 0
32 1 0
32 1 0
32 1 0
32 1 0
32 1 0
32 1 0
32 1 0
32 1 0
32 1 0
32 1 0
32 1 0
32 1 0
32 1 0
32 1 0
32 1 0
32 1 0
32 1 0
32 1 0
32 1 0
32 1 0
32 1 0
32 1 0
32 1 0
32 1 0
32 1 0
32 1 0
32 1 0
32 1 0
19
619 329 1400
437 203 185
51 46 0
51 46 0
51 46 0
51 46 0
51 46 0
51 46 0
51 46 0
51 46 0
51 46 0
51 46 0
51 46 0
51 46 0
51 46 0
51 46 0
51 46 0
51 46 0
51 46 0
51 46 0
51 46 0
51 46 0
51 46 0
51 46 0
51 46 0
51 46 0
51 46 0
51 46 0
51 46 0
51 46 0
51 46 0
51 46 0
51 46 0
51 46 0
51 46 0
51 46 0
51 46 0
51 46 0
51 46 0
51 46 0
51 46 0
51 46 0
51 46 0
51 46 0
51 46 0
51 46 0
51 46 0
51 46 0
51 46 0
51 46 0
51 46 0
51 46 0
51 46 0
51 46 0
51 46 0
51 46 0
51 46 0
51 46 0
51 46 0
51 46 0
51 46 0
51 46 0
51 46 0
51 46 0
20
674 296 1692
491 326 510
16 39 0
16 39 0
16 39 0
16 39 0
16 39 0
16 39 0
16 39 0
16 39 0
16 39 0
16 39 0
16 39 0
16 39 0
16 39 0
16 39 0
16 39 0
16 39 0
16 39 0
16 39 0
16 39 0
16 39 0
16 39 0
16 39 0
16 39 0
16 39 0
16 39 0
16 39 0
16 39 0
16 39 0
16 39 0
16 39 0
16 39 0
16 39 0
16 39 0
16 39 0
16 39 0
16 39 0
16 39 0
16 39 0
16 39 0
16 39 0
16 39 0
16 39 0
16 39 0
16 39 0
16 39 0
16 39 0
16 39 0
16 39 0
16 39 0
16 39 0
16 39 0
16 39 0
16 39 0
16 39 0
16 39 0
16 39 0
16 39 0
16 39 0
16 39 0
16 39 0
16 39 0
16 39 0
21
587 324 1182
32 42 0
32 42 0
32 42 0
32 42 0
32 42 0
32 42 0
32 42 0
32 42 0
32 42 0
32 42 0
32 42 0
32 42 0
32 42 0
32 42 0
32 42 0
32 42 0
32 42 0
32 42 0
32 42 0
32 42 0
32 42 0
32 42 0
32 42 0
32 42 0
32 42 0
32 42 0
32 42 0
32 42 0
32 42 0
32 42 0
32 42 0
32 42 0
32 42 0
32 42 0
32 42 0
32 42 0
32 42 0
32 42 0
32 42 0
32 42 0
32 42 0
32 42 0
32 42 0
32 42 0
32 42 0
32 42 0
32 42 0
32 42 0
32 42 0
32 42 0
32 42 0
32 42 0
32 42 0
32 42 0
32 42 0
32 42 0
32 42 0
32 42 0
32 42 0
32 42 0
32 42 0
32 42 0
32 42 0
22
688 299 1872
499 316 572
45 23 0
45 23 0
45 23 0
45 23 0
45 23 0
45 23 0
45 23 0
45 23 0
45 23 0
45 23 0
45 23 0
45 23 0
45 23 0
45 23 0
45 23 0
45 23 0
45 23 0
45 23 0
45 23 0
45 23 0
45 23 0
45 23 0
45 23 0
45 23 0
45 23 0
45 23 0
45 23 0
45 23 0
45 23 0
45 23 0
45 23 0
45 23 0
45 23 0
45 23 0
45 23 0
45 23 0
45 23 0
45 23 0
45 23 0
45 23 0
45 23 0
45 23 0
45 23 0
45 23 0
45 23 0
45 23 0
45 23 0
45 23 0
45 23 0
45 23 0
45 23 0
45 23 0
45 23 0
45 23 0
45 23 0
45 23 0
45 23 0
45 23 0
45 23 0
45 23 0
45 23 0
45 23 0
23
607 297 1051
-22 28 0
-22 28 0
-22 28 0
-22 28 0
-22 28 0
-22 28 0
-22 28 0
-22 28 0
-22 28 0
-22 28 0
-22 28 0
-22 28 0
-22 28 0
-22 28 0
-22 28 0
-22 28 0
-22 28 0
-22 28 0
-22 28 0
-22 28 0
-22 28 0
-22 28 0
-22 28 0
-22 28 0
-22 28 0
-22 28 0
-22 28 0
-22 28 0
-22 28 0
-22 28 0
-22 28 0
-22 28 0
-22 28 0
-22 28 0
-22 28 0
-22 28 0
-22 28 0
-22 28 0
-22 28 0
-22 28 0
-22 28 0
-22 28 0
-22 28 0
-22 28 0
-22 28 0
-22 28 0
-22 28 0
-22 28 0
-22 28 0
-22 28 0
-22 28 0
-22 28 0
-22 28 0
-22 28 0
-22 28 0
-22 28 0
-22 28 0
-22 28 0
-22 28 0
-22 28 0
-22 28 0
-22 28 0
-22 28 0
24
572 305 1077
18 24 0
18 24 0
18 24 0
18 24 0
18 24 0
18 24 0
18 24 0
18 24 0
18 24 0
18 24 0
18 24 0
18 24 0
18 24 0
18 24 0
18 24 0
18 24 0
18 24 0
18 24 0
18 24 0
18 24 0
18 24 0
18 24 0
18 24 0
18 24 0
18 24 0
18 24 0
18 24 0
18 24 0
18 24 0
18 24 0
18 24 0
18 24 0
18 24 0
18 24 0
18 24 0
18 24 0
18 24 0
18 24 0
18 24 0
18 24 0
18 24 0
18 24 0
18 24 0
18 24 0
18 24 0
18 24 0
18 24 0
18 24 0
18 24 0
18 24 0
18 24 0
18 24 0
18 24 0
18 24 0
18 24 0
18 24 0
18 24 0
18 24 0
18 24 0
18 24 0
18 24 0
18 24 0
18 24 0
25
710 308 2085
482 303 689
65 46 0
65 46 0
65 46 0
65 46 0
65 46 0
65 46 0
65 46 0
65 46 0
65 46 0
65 46 0
65 46 0
65 46 0
65 46 0
65 46 0
65 46 0
65 46 0
65 46 0
65 46 0
65 46 0
65 46 0
65 46 0
65 46 0
65 46 0
65 46 0
65 46 0
65 46 0
65 46 0
65 46 0
65 46 0
65 46 0
65 46 0
65 46 0
65 46 0
65 46 0
65 46 0
65 46 0
65 46 0
65 46 0
65 46 0
65 46 0
65 46 0
65 46 0
65 46 0
65 46 0
65 46 0
65 46 0
65 46 0
65 46 0
65 46 0
65 46 0
65 46 0
65 46 0
65 46 0
65 46 0
65 46 0
65 46 0
65 46 0
65 46 0
65 46 0
65 46 0
65 46 0
65 46 0
26
649 356 1362
404 239 241
9 45 0
9 45 0
9 45 0
9 45 0
9 45 0
9 45 0
9 45 0
9 45 0
9 45 0
9 45 0
9 45 0
9 45 0
9 45 0
9 45 0
9 45 0
9 45 0
9 45 0
9 45 0
9 45 0
9 45 0
9 45 0
9 45 0
9 45 0
9 45 0
9 45 0
9 45 0
9 45 0
9 45 0
9 45 0
9 45 0
9 45 0
9 45 0
9 45 0
9 45 0
9 45 0
9 45 0
9 45 0
9 45 0
9 45 0
9 45 0
9 45 0
9 45 0
9 45 0
9 45 0
9 45 0
9 45 0
9 45 0
9 45 0
9 45 0
9 45 0
9 45 0
9 45 0
9 45 0
9 45 0
9 45 0
9 45 0
9 45 0
9 45 0
9 45 0
9 45 0
9 45 0
9 45 0
27
568 316 1040
-29 43 0
-29 43 0
-29 43 0
-29 43 0
-29 43 0
-29 43 0
-29 43 0
-29 43 0
-29 43 0
-29 43 0
-29 43 0
-29 43 0
-29 43 0
-29 43 0
-29 43 0
-29 43 0
-29 43 0
-29 43 0
-29 43 0
-29 43 0
-29 43 0
-29 43 0
-29 43 0
-29 43 0
-29 43 0
-29 43 0
-29 43 0
-29 43 0
-29 43 0
-29 43 0
-29 43 0
-29 43 0
-29 43 0
-29 43 0
-29 43 0
-29 43 0
-29 43 0
-29 43 0
-29 43 0
-29 43 0
-29 43 0
-29 43 0
-29 43 0
-29 43 0
-29 43 0
-29 43 0
-29 43 0
-29 43 0
-29 43 0
-29 43 0
-29 43 0
-29 43 0
-29 43 0
-29 43 0
-29 43 0
-29 43 0
-29 43 0
-29 43 0
-29 43 0
-29 43 0
-29 43 0
-29 43 0
-29 43 0
28
559 308 882
-69 56 0
-69 56 0
-69 56 0
-69 56 0
-69 56 0
-69 56 0
-69 56 0
-69 56 0
-69 56 0
-69 56 0
-69 56 0
-69 56 0
-69 56 0
-69 56 0
-69 56 0
-69 56 0
-69 56 0
-69 56 0
-69 56 0
-69 56 0
-69 56 0
-69 56 0
-69 56 0
-69 56 0
-69 56 0
-69 56 0
-69 56 0
-69 56 0
-69 56 0
-69 56 0
-69 56 0
-69 56 0
-69 56 0
-69 56 0
-69 56 0
-69 56 0
-69 56 0
-69 56 0
-69 56 0
-69 56 0
-69 56 0
-69 56 0
-69 56 0
-69 56 0
-69 56 0
-69 56 0
-69 56 0
-69 56 0
-69 56 0
-69 56 0
-69 56 0
-69 56 0
-69 56 0
-69 56 0
-69 56 0
-69 56 0
-69 56 0
-69 56 0
-69 56 0
-69 56 0
-69 56 0
-69 56 0
-69 56 0
29
540 311 972
-101 -23 0
-101 -23 0
-101 -23 0
-101 -23 0
-101 -23 0
-101 -23 0
-101 -23 0
-101 -23 0
-101 -23 0
-101 -23 0
-101 -23 0
-101 -23 0
-101 -23 0
-101 -23 0
-101 -23 0
-101 -23 0
-101 -23 0
-101 -23 0
-101 -23 0
-101 -23 0
-101 -23 0
-101 -23 0
-101 -23 0
-101 -23 0
-101 -23 0
-101 -23 0
-101 -23 0
-101 -23 0
-101 -23 0
-101 -23 0
-101 -23 0
-101 -23 0
-101 -23 0
-101 -23 0
-101 -23 0
-101 -23 0
-101 -23 0
-101 -23 0
-101 -23 0
-101 -23 0
-101 -23 0
-101 -23 0
-101 -23 0
-101 -23 0
-101 -23 0
-101 -23 0
-101 -23 0
-101 -23 0
-101 -23 0
-101 -23 0
-101 -23 0
-101 -23 0
-101 -23 0
-101 -23 0
-101 -23 0
-101 -23 0
-101 -23 0
-101 -23 0
-101 -23 0
-101 -23 0
-101 -23 0
-101 -23 0
-101 -23 0
30
531 336 993
-113 21 0
-113 21 0
-113 21 0
-113 21 0
-113 21 0
-113 21 0
-113 21 0
-113 21 0
-113 21 0
-113 21 0
-113 21 0
-113 21 0
-113 21 0
-113 21 0
-113 21 0
-113 21 0
-113 21 0
-113 21 0
-113 21 0
-113 21 0
-113 21 0
-113 21 0
-113 21 0
-113 21 0
-113 21 0
-113 21 0
-113 21 0
-113 21 0
-113 21 0
-113 21 0
-113 21 0
-113 21 0
-113 21 0
-113 21 0
-113 21 0
-113 21 0
-113 21 0
-113 21 0
-113 21 0
-113 21 0
-113 21 0
-113 21 0
-113 21 0
-113 21 0
-113 21 0
-113 21 0
-113 21 0
-113 21 0
-113 21 0
-113 21 0
-113 21 0
-113 21 0
-113 21 0
-113 21 0
-113 21 0
-113 21 0
-113 21 0
-113 21 0
-113 21 0
-113 21 0
-113 21 0
-113 21 0
-113 21 0
