1
903 552 58
903 549 374
542 122 218
539 124 343
533 127 375
528 131 406
521 135 443
514 140 458
508 145 489
503 151 510
499 155 536
494 160 555
491 163 578
489 165 599
487 168 627
477 164 484
484 172 677
482 175 698
480 179 729
479 182 760
479 185 781
479 189 807
479 192 841
600 148 146
594 149 229
571 149 265
548 148 302
531 148 338
520 148 359
512 148 380
505 148 425
499 148 422
493 150 445
485 154 469
471 181 494
467 190 508
464 205 526
466 229 552
470 243 573
471 247 593
477 256 619
488 267 635
495 276 661
510 288 690
509 393 1417
530 296 722
550 298 744
576 296 771
595 296 791
605 296 818
615 296 833
631 299 854
643 302 880
649 303 896
653 305 911
657 307 940
664 312 969
674 329 989
681 343 1009
685 360 1054
684 387 1121
665 403 1183
607 413 1243
549 407 1333
2
81 39 0
81 39 0
81 39 0
81 39 0
81 39 0
81 39 0
81 39 0
81 39 0
81 39 0
81 39 0
81 39 0
81 39 0
81 39 0
81 39 0
81 39 0
81 39 0
81 39 0
81 39 0
81 39 0
81 39 0
81 39 0
81 39 0
81 39 0
81 39 0
81 39 0
81 39 0
81 39 0
81 39 0
81 39 0
81 39 0
81 39 0
81 39 0
81 39 0
81 39 0
81 39 0
81 39 0
81 39 0
81 39 0
81 39 0
81 39 0
81 39 0
81 39 0
81 39 0
81 39 0
81 39 0
81 39 0
81 39 0
81 39 0
81 39 0
81 39 0
81 39 0
81 39 0
81 39 0
81 39 0
81 39 0
81 39 0
81 39 0
81 39 0
81 39 0
81 39 0
81 39 0
81 39 0
81 39 0
81 39 0
