534 89 0
534 89 234
532 89 249
530 89 249
529 89 249
524 89 265
522 89 265
519 89 265
516 90 280
513 91 280
509 92 280
506 92 280
502 93 296
494 94 296
490 95 296
486 96 312
483 97 312
479 97 312
476 98 312
473 99 327
470 100 327
466 101 327
462 101 327
460 102 343
457 104 343
455 105 343
454 105 343
452 105 359
451 105 359
450 105 359
449 105 359
449 106 374
448 106 374
447 106 421
446 107 421
444 109 437
441 109 437
439 111 452
438 113 452
437 114 452
434 115 452
432 117 468
428 120 468
426 122 468
424 124 484
422 125 484
421 126 484
421 127 499
420 128 499
419 129 499
418 129 515
418 129 515
418 130 515
418 131 530
417 131 530
416 133 546
416 133 546
416 134 546
416 135 562
415 139 562
415 141 562
414 142 577
414 144 577
414 145 577
414 147 577
414 149 593
414 150 593
414 153 593
414 155 609
414 157 609
414 157 609
414 159 609
414 160 624
414 161 624
414 162 624
414 164 640
414 165 640
414 165 640
414 166 656
415 167 656
415 168 656
415 169 671
415 169 671
415 170 687
415 171 687
416 171 687
416 173 702
417 173 702
417 175 702
418 176 718
419 177 718
419 177 718
420 178 734
420 179 734
421 180 734
421 181 734
422 182 749
422 182 749
422 183 749
422 184 765
423 185 765
423 185 765
424 186 780
425 188 780
426 189 780
426 190 796
427 190 796
429 191 796
430 193 812
431 193 812
433 194 812
434 196 812
436 197 827
438 198 827
440 199 827
442 201 827
445 201 843
455 205 843
458 206 859
460 207 859
462 209 859
465 209 859
467 210 874
470 211 874
472 211 874
475 212 874
478 213 890
482 213 890
484 214 890
486 215 905
489 216 905
491 216 905
493 216 905
494 217 921
495 217 921
497 217 921
498 217 937
498 217 937
498 218 937
498 219 952
499 219 952
500 219 952
501 219 968
502 220 968
502 221 968
504 222 968
506 222 984
507 224 984
510 225 984
512 225 999
514 227 999
517 228 999
520 229 999
523 229 1015
529 231 1015
530 232 1015
533 233 1031
535 233 1031
538 234 1031
538 235 1031
541 237 1046
543 238 1046
546 240 1046
548 241 1046
549 242 1062
550 243 1062
554 245 1062
554 246 1077
556 247 1077
558 248 1077
558 248 1077
560 249 1093
562 250 1093
565 252 1093
567 253 1109
569 254 1109
570 255 1109
571 256 1124
574 257 1124
575 259 1124
578 261 1124
580 262 1124
582 263 1140
584 265 1140
587 267 1140
590 269 1156
592 271 1156
594 273 1156
595 276 1156
598 279 1171
599 281 1171
601 285 1171
602 286 1171
604 289 1187
605 292 1187
608 295 1187
608 297 1187
610 300 1202
611 301 1202
613 303 1202
614 304 1202
614 305 1218
614 306 1218
615 306 1218
616 307 1218
616 308 1234
616 309 1249
616 309 1249
616 310 1249
616 311 1249
617 313 1265
617 314 1265
617 317 1265
617 317 1280
616 322 1280
616 323 1280
615 325 1296
615 326 1296
615 327 1296
615 328 1296
615 329 1312
615 331 1312
615 333 1327
615 334 1327
615 335 1327
615 337 1343
615 337 1343
615 341 1343
615 341 1359
615 343 1359
614 345 1359
613 346 1374
612 347 1374
612 348 1374
611 349 1374
610 350 1390
610 351 1390
610 352 1390
610 353 1405
610 353 1405
610 354 1405
609 356 1421
607 357 1421
606 358 1421
605 360 1421
604 362 1437
603 364 1437
602 365 1437
600 366 1437
598 368 1452
598 370 1452
595 372 1452
594 373 1452
593 375 1468
592 377 1468
590 378 1468
589 379 1484
588 381 1484
586 382 1484
586 382 1499
586 383 1499
585 385 1499
583 385 1515
582 387 1515
581 387 1515
580 388 1531
578 389 1531
575 391 1546
572 393 1546
570 394 1546
567 396 1562
564 397 1562
561 398 1562
558 399 1562
554 401 1577
551 401 1577
546 405 1577
542 406 1593
541 407 1593
538 408 1593
535 409 1609
530 411 1609
527 413 1609
522 415 1609
520 416 1624
518 416 1624
513 417 1624
511 417 1640
508 418 1640
504 418 1640
501 418 1655
498 418 1655
494 418 1655
490 418 1655
489 417 1671
489 413 1671
488 412 1671
487 408 1687
484 407 1687
482 405 1687
478 405 1702
475 404 1702
473 404 1702
470 404 1702
469 403 1702
466 402 1718
466 401 1718
464 400 1718
460 397 1734
457 394 1734
454 392 1734
446 386 1749
442 384 1749
439 381 1749
435 378 1765
433 376 1765
431 374 1765
428 369 1780
427 369 1780
426 367 1796
426 365 1796
425 364 1796
424 364 1796
424 363 1796
423 362 1812
422 362 1968
